{"numFailedTestSuites":3,"numFailedTests":4,"numPassedTestSuites":208,"numPassedTests":1703,"numPendingTestSuites":0,"numPendingTests":0,"numRuntimeErrorTestSuites":0,"numTodoTests":0,"numTotalTestSuites":211,"numTotalTests":1707,"openHandles":[],"snapshot":{"added":0,"didUpdate":false,"failure":false,"filesAdded":0,"filesRemoved":0,"filesRemovedList":[],"filesUnmatched":0,"filesUpdated":0,"matched":0,"total":0,"unchecked":0,"uncheckedKeysByFile":[],"unmatched":0,"updated":0},"startTime":1785304816689,"success":false,"testResults":[{"assertionResults":[{"ancestorTitles":["notifications"],"duration":7,"failureDetails":[],"failureMessages":[],"fullName":"notifications deduplica notificaciones semanticas y prioriza la remota frente a la local","invocations":1,"location":null,"numPassingAsserts":2,"retryReasons":[],"status":"passed","title":"deduplica notificaciones semanticas y prioriza la remota frente a la local"},{"ancestorTitles":["notifications"],"duration":1,"failureDetails":[],"failureMessages":[],"fullName":"notifications genera key semantica estable para attestation usando fingerprint util","invocations":1,"location":null,"numPassingAsserts":1,"retryReasons":[],"status":"passed","title":"genera key semantica estable para attestation usando fingerprint util"},{"ancestorTitles":["notifications"],"duration":1,"failureDetails":[],"failureMessages":[],"fullName":"notifications construye textos fallback distintos para publicar votacion, acta y certificado","invocations":1,"location":null,"numPassingAsserts":2,"retryReasons":[],"status":"passed","title":"construye textos fallback distintos para publicar votacion, acta y certificado"},{"ancestorTitles":["notifications"],"duration":2,"failureDetails":[],"failureMessages":[],"fullName":"notifications normaliza copy institucional util para revision de padron y publicacion oficial","invocations":1,"location":null,"numPassingAsserts":2,"retryReasons":[],"status":"passed","title":"normaliza copy institucional util para revision de padron y publicacion oficial"},{"ancestorTitles":["notifications"],"duration":2,"failureDetails":[],"failureMessages":[],"fullName":"notifications normaliza copy y detalle institucional para votacion eliminada","invocations":1,"location":null,"numPassingAsserts":3,"retryReasons":[],"status":"passed","title":"normaliza copy y detalle institucional para votacion eliminada"},{"ancestorTitles":["notifications"],"duration":44,"failureDetails":[],"failureMessages":[],"fullName":"notifications normaliza copy institucional para recordatorios de inicio y cierre de votacion","invocations":1,"location":null,"numPassingAsserts":3,"retryReasons":[],"status":"passed","title":"normaliza copy institucional para recordatorios de inicio y cierre de votacion"},{"ancestorTitles":["notifications"],"duration":2,"failureDetails":[],"failureMessages":[],"fullName":"notifications prepara CTA Ver votación para INSTITUTIONAL_VOTING_STARTS_IN_1H","invocations":1,"location":null,"numPassingAsserts":2,"retryReasons":[],"status":"passed","title":"prepara CTA Ver votación para INSTITUTIONAL_VOTING_STARTS_IN_1H"},{"ancestorTitles":["notifications"],"duration":1,"failureDetails":[],"failureMessages":[],"fullName":"notifications prepara CTA Ver votación para INSTITUTIONAL_VOTING_STARTS_IN_15M","invocations":1,"location":null,"numPassingAsserts":2,"retryReasons":[],"status":"passed","title":"prepara CTA Ver votación para INSTITUTIONAL_VOTING_STARTS_IN_15M"},{"ancestorTitles":["notifications"],"duration":1,"failureDetails":[],"failureMessages":[],"fullName":"notifications prepara CTA Ver votación para INSTITUTIONAL_VOTING_ENDS_IN_1H","invocations":1,"location":null,"numPassingAsserts":2,"retryReasons":[],"status":"passed","title":"prepara CTA Ver votación para INSTITUTIONAL_VOTING_ENDS_IN_1H"},{"ancestorTitles":["notifications"],"duration":1,"failureDetails":[],"failureMessages":[],"fullName":"notifications prepara CTA Ver votación para INSTITUTIONAL_VOTING_ENDS_IN_15M","invocations":1,"location":null,"numPassingAsserts":2,"retryReasons":[],"status":"passed","title":"prepara CTA Ver votación para INSTITUTIONAL_VOTING_ENDS_IN_15M"},{"ancestorTitles":["notifications"],"duration":1,"failureDetails":[],"failureMessages":[],"fullName":"notifications identifica el proceso en resultados disponibles usando eventTitle y mantiene fallback eventName","invocations":1,"location":null,"numPassingAsserts":4,"retryReasons":[],"status":"passed","title":"identifica el proceso en resultados disponibles usando eventTitle y mantiene fallback eventName"},{"ancestorTitles":["notifications"],"duration":0,"failureDetails":[],"failureMessages":[],"fullName":"notifications no duplica prefijo Resultados de si el backend ya envia el body armado","invocations":1,"location":null,"numPassingAsserts":1,"retryReasons":[],"status":"passed","title":"no duplica prefijo Resultados de si el backend ya envia el body armado"},{"ancestorTitles":["notifications"],"duration":3,"failureDetails":[],"failureMessages":[],"fullName":"notifications alerta solo una vez por notificacion backend deduplicada y persiste la marca","invocations":1,"location":null,"numPassingAsserts":2,"retryReasons":[],"status":"passed","title":"alerta solo una vez por notificacion backend deduplicada y persiste la marca"},{"ancestorTitles":["notifications"],"duration":1,"failureDetails":[],"failureMessages":[],"fullName":"notifications permite marcar una notificacion como ya alertada para evitar duplicados entre foreground y fetch backend","invocations":1,"location":null,"numPassingAsserts":2,"retryReasons":[],"status":"passed","title":"permite marcar una notificacion como ya alertada para evitar duplicados entre foreground y fetch backend"},{"ancestorTitles":["notifications"],"duration":4,"failureDetails":[],"failureMessages":[],"fullName":"notifications persiste una notificacion local de acta publicada con routeParams serializados","invocations":1,"location":null,"numPassingAsserts":3,"retryReasons":[],"status":"passed","title":"persiste una notificacion local de acta publicada con routeParams serializados"},{"ancestorTitles":["notifications"],"duration":1,"failureDetails":[],"failureMessages":[],"fullName":"notifications showLocalNotification usa notifee y permite persistencia opcional","invocations":1,"location":null,"numPassingAsserts":2,"retryReasons":[],"status":"passed","title":"showLocalNotification usa notifee y permite persistencia opcional"},{"ancestorTitles":["notifications"],"duration":5,"failureDetails":[{"matcherResult":{"actual":{"name":"Splash","params":{"type":"worksheet_uploaded"}},"expected":{"name":"TabNavigation","params":{"screen":"HomeScreen"}},"message":"expect(received).toEqual(expected) // deep equality\n\n- Expected  - 2\n+ Received  + 2\n\n  Object {\n-   \"name\": \"TabNavigation\",\n+   \"name\": \"Splash\",\n    \"params\": Object {\n-     \"screen\": \"HomeScreen\",\n+     \"type\": \"worksheet_uploaded\",\n    },\n  }","name":"toEqual","pass":false}}],"failureMessages":["Error: expect(received).toEqual(expected) // deep equality\n\n- Expected  - 2\n+ Received  + 2\n\n  Object {\n-   \"name\": \"TabNavigation\",\n+   \"name\": \"Splash\",\n    \"params\": Object {\n-     \"screen\": \"HomeScreen\",\n+     \"type\": \"worksheet_uploaded\",\n    },\n  }\n    at Object.toEqual (C:\\apps\\electoral-app\\__tests__\\unit\\notifications.test.js:481:78)\n    at Promise.then.completed (C:\\apps\\electoral-app\\node_modules\\jest-circus\\build\\utils.js:298:28)\n    at new Promise (<anonymous>)\n    at callAsyncCircusFn (C:\\apps\\electoral-app\\node_modules\\jest-circus\\build\\utils.js:231:10)\n    at _callCircusTest (C:\\apps\\electoral-app\\node_modules\\jest-circus\\build\\run.js:316:40)\n    at processTicksAndRejections (node:internal/process/task_queues:105:5)\n    at _runTest (C:\\apps\\electoral-app\\node_modules\\jest-circus\\build\\run.js:252:3)\n    at _runTestsForDescribeBlock (C:\\apps\\electoral-app\\node_modules\\jest-circus\\build\\run.js:126:9)\n    at _runTestsForDescribeBlock (C:\\apps\\electoral-app\\node_modules\\jest-circus\\build\\run.js:121:9)\n    at run (C:\\apps\\electoral-app\\node_modules\\jest-circus\\build\\run.js:71:3)\n    at runAndTransformResultsToJestFormat (C:\\apps\\electoral-app\\node_modules\\jest-circus\\build\\legacy-code-todo-rewrite\\jestAdapterInit.js:122:21)\n    at jestAdapter (C:\\apps\\electoral-app\\node_modules\\jest-circus\\build\\legacy-code-todo-rewrite\\jestAdapter.js:79:19)\n    at runTestInternal (C:\\apps\\electoral-app\\node_modules\\jest-runner\\build\\runTest.js:367:16)\n    at runTest (C:\\apps\\electoral-app\\node_modules\\jest-runner\\build\\runTest.js:444:34)\n    at Object.worker (C:\\apps\\electoral-app\\node_modules\\jest-runner\\build\\testWorker.js:106:12)"],"fullName":"notifications resuelve rutas especiales para worksheet_uploaded y announce_count","invocations":1,"location":null,"numPassingAsserts":0,"retryReasons":[],"status":"failed","title":"resuelve rutas especiales para worksheet_uploaded y announce_count"},{"ancestorTitles":["notifications"],"duration":2,"failureDetails":[{"matcherResult":{"actual":{"params":{"voteRewardAvailable":true,"rewardAction":"OPEN_VOTE_REWARD"}},"expected":{"name":"RewardsScreen","params":{"voteRewardAvailable":true,"rewardAction":"OPEN_VOTE_REWARD"}},"message":"expect(received).toEqual(expected) // deep equality\n\n- Expected  - 1\n+ Received  + 1\n\n  Object {\n-   \"name\": \"RewardsScreen\",\n+   \"name\": undefined,\n    \"params\": Object {\n      \"rewardAction\": \"OPEN_VOTE_REWARD\",\n      \"voteRewardAvailable\": true,\n    },\n  }","name":"toEqual","pass":false}}],"failureMessages":["Error: expect(received).toEqual(expected) // deep equality\n\n- Expected  - 1\n+ Received  + 1\n\n  Object {\n-   \"name\": \"RewardsScreen\",\n+   \"name\": undefined,\n    \"params\": Object {\n      \"rewardAction\": \"OPEN_VOTE_REWARD\",\n      \"voteRewardAvailable\": true,\n    },\n  }\n    at Object.toEqual (C:\\apps\\electoral-app\\__tests__\\unit\\notifications.test.js:513:7)\n    at Promise.then.completed (C:\\apps\\electoral-app\\node_modules\\jest-circus\\build\\utils.js:298:28)\n    at new Promise (<anonymous>)\n    at callAsyncCircusFn (C:\\apps\\electoral-app\\node_modules\\jest-circus\\build\\utils.js:231:10)\n    at _callCircusTest (C:\\apps\\electoral-app\\node_modules\\jest-circus\\build\\run.js:316:40)\n    at processTicksAndRejections (node:internal/process/task_queues:105:5)\n    at _runTest (C:\\apps\\electoral-app\\node_modules\\jest-circus\\build\\run.js:252:3)\n    at _runTestsForDescribeBlock (C:\\apps\\electoral-app\\node_modules\\jest-circus\\build\\run.js:126:9)\n    at _runTestsForDescribeBlock (C:\\apps\\electoral-app\\node_modules\\jest-circus\\build\\run.js:121:9)\n    at run (C:\\apps\\electoral-app\\node_modules\\jest-circus\\build\\run.js:71:3)\n    at runAndTransformResultsToJestFormat (C:\\apps\\electoral-app\\node_modules\\jest-circus\\build\\legacy-code-todo-rewrite\\jestAdapterInit.js:122:21)\n    at jestAdapter (C:\\apps\\electoral-app\\node_modules\\jest-circus\\build\\legacy-code-todo-rewrite\\jestAdapter.js:79:19)\n    at runTestInternal (C:\\apps\\electoral-app\\node_modules\\jest-runner\\build\\runTest.js:367:16)\n    at runTest (C:\\apps\\electoral-app\\node_modules\\jest-runner\\build\\runTest.js:444:34)\n    at Object.worker (C:\\apps\\electoral-app\\node_modules\\jest-runner\\build\\testWorker.js:106:12)"],"fullName":"notifications reconoce VOTE_REWARD_AVAILABLE y navega a recompensas","invocations":1,"location":null,"numPassingAsserts":1,"retryReasons":[],"status":"failed","title":"reconoce VOTE_REWARD_AVAILABLE y navega a recompensas"},{"ancestorTitles":["notifications"],"duration":1,"failureDetails":[],"failureMessages":[],"fullName":"notifications muestra acción Reclamar para notificación local de recompensa por voto","invocations":1,"location":null,"numPassingAsserts":1,"retryReasons":[],"status":"passed","title":"muestra acción Reclamar para notificación local de recompensa por voto"},{"ancestorTitles":["notifications"],"duration":2,"failureDetails":[],"failureMessages":[],"fullName":"notifications abre el detalle institucional desde push para tipos de votacion sin caer a Splash","invocations":1,"location":null,"numPassingAsserts":10,"retryReasons":[],"status":"passed","title":"abre el detalle institucional desde push para tipos de votacion sin caer a Splash"},{"ancestorTitles":["notifications"],"duration":0,"failureDetails":[],"failureMessages":[],"fullName":"notifications mantiene habilitacion para votar como detalle informativo con CTA Ver padron desde push","invocations":1,"location":null,"numPassingAsserts":1,"retryReasons":[],"status":"passed","title":"mantiene habilitacion para votar como detalle informativo con CTA Ver padron desde push"},{"ancestorTitles":["notifications"],"duration":1,"failureDetails":[],"failureMessages":[],"fullName":"notifications navega directamente cuando el usuario esta autenticado y la sesion local esta vigente","invocations":1,"location":null,"numPassingAsserts":2,"retryReasons":[],"status":"passed","title":"navega directamente cuando el usuario esta autenticado y la sesion local esta vigente"},{"ancestorTitles":["notifications"],"duration":1,"failureDetails":[],"failureMessages":[],"fullName":"notifications guarda navegacion pendiente y manda al login cuando no hay auth","invocations":1,"location":null,"numPassingAsserts":2,"retryReasons":[],"status":"passed","title":"guarda navegacion pendiente y manda al login cuando no hay auth"},{"ancestorTitles":["notifications"],"duration":1,"failureDetails":[],"failureMessages":[],"fullName":"notifications con auth persistida pero sesion expirada guarda pending y no navega al destino","invocations":1,"location":null,"numPassingAsserts":3,"retryReasons":[],"status":"passed","title":"con auth persistida pero sesion expirada guarda pending y no navega al destino"},{"ancestorTitles":["notifications"],"duration":1,"failureDetails":[],"failureMessages":[],"fullName":"notifications consume pending de notificacion cuando la sesion ya es valida","invocations":1,"location":null,"numPassingAsserts":2,"retryReasons":[],"status":"passed","title":"consume pending de notificacion cuando la sesion ya es valida"},{"ancestorTitles":["notifications"],"duration":0,"failureDetails":[],"failureMessages":[],"fullName":"notifications conserva pending de notificacion si el navigator aun no esta listo","invocations":1,"location":null,"numPassingAsserts":3,"retryReasons":[],"status":"passed","title":"conserva pending de notificacion si el navigator aun no esta listo"},{"ancestorTitles":["notifications"],"duration":1,"failureDetails":[],"failureMessages":[],"fullName":"notifications no procesa dos veces la misma notificacion en ventana corta","invocations":1,"location":null,"numPassingAsserts":1,"retryReasons":[],"status":"passed","title":"no procesa dos veces la misma notificacion en ventana corta"},{"ancestorTitles":["notifications"],"duration":0,"failureDetails":[],"failureMessages":[],"fullName":"notifications no guarda navegacion pendiente si el payload remoto no trae screen valido","invocations":1,"location":null,"numPassingAsserts":1,"retryReasons":[],"status":"passed","title":"no guarda navegacion pendiente si el payload remoto no trae screen valido"}],"endTime":1785304833217,"message":"  ● notifications › resuelve rutas especiales para worksheet_uploaded y announce_count\n\n    expect(received).toEqual(expected) // deep equality\n\n    - Expected  - 2\n    + Received  + 2\n\n      Object {\n    -   \"name\": \"TabNavigation\",\n    +   \"name\": \"Splash\",\n        \"params\": Object {\n    -     \"screen\": \"HomeScreen\",\n    +     \"type\": \"worksheet_uploaded\",\n        },\n      }\n\n    \u001b[0m \u001b[90m 479 |\u001b[39m\n     \u001b[90m 480 |\u001b[39m   it(\u001b[32m'resuelve rutas especiales para worksheet_uploaded y announce_count'\u001b[39m\u001b[33m,\u001b[39m () \u001b[33m=>\u001b[39m {\n    \u001b[31m\u001b[1m>\u001b[22m\u001b[39m\u001b[90m 481 |\u001b[39m     expect(buildRouteFromNotification({data\u001b[33m:\u001b[39m {type\u001b[33m:\u001b[39m \u001b[32m'worksheet_uploaded'\u001b[39m}}))\u001b[33m.\u001b[39mtoEqual({\n     \u001b[90m     |\u001b[39m                                                                              \u001b[31m\u001b[1m^\u001b[22m\u001b[39m\n     \u001b[90m 482 |\u001b[39m       name\u001b[33m:\u001b[39m \u001b[32m'TabNavigation'\u001b[39m\u001b[33m,\u001b[39m\n     \u001b[90m 483 |\u001b[39m       params\u001b[33m:\u001b[39m {screen\u001b[33m:\u001b[39m \u001b[32m'HomeScreen'\u001b[39m}\u001b[33m,\u001b[39m\n     \u001b[90m 484 |\u001b[39m     })\u001b[33m;\u001b[39m\u001b[0m\n\n      at Object.toEqual (__tests__/unit/notifications.test.js:481:78)\n\n  ● notifications › reconoce VOTE_REWARD_AVAILABLE y navega a recompensas\n\n    expect(received).toEqual(expected) // deep equality\n\n    - Expected  - 1\n    + Received  + 1\n\n      Object {\n    -   \"name\": \"RewardsScreen\",\n    +   \"name\": undefined,\n        \"params\": Object {\n          \"rewardAction\": \"OPEN_VOTE_REWARD\",\n          \"voteRewardAvailable\": true,\n        },\n      }\n\n    \u001b[0m \u001b[90m 511 |\u001b[39m         }\u001b[33m,\u001b[39m\n     \u001b[90m 512 |\u001b[39m       })\u001b[33m,\u001b[39m\n    \u001b[31m\u001b[1m>\u001b[22m\u001b[39m\u001b[90m 513 |\u001b[39m     )\u001b[33m.\u001b[39mtoEqual({\n     \u001b[90m     |\u001b[39m       \u001b[31m\u001b[1m^\u001b[22m\u001b[39m\n     \u001b[90m 514 |\u001b[39m       name\u001b[33m:\u001b[39m \u001b[32m'RewardsScreen'\u001b[39m\u001b[33m,\u001b[39m\n     \u001b[90m 515 |\u001b[39m       params\u001b[33m:\u001b[39m {\n     \u001b[90m 516 |\u001b[39m         voteRewardAvailable\u001b[33m:\u001b[39m \u001b[36mtrue\u001b[39m\u001b[33m,\u001b[39m\u001b[0m\n\n      at Object.toEqual (__tests__/unit/notifications.test.js:513:7)\n","name":"C:\\apps\\electoral-app\\__tests__\\unit\\notifications.test.js","startTime":1785304820801,"status":"failed","summary":""},{"assertionResults":[{"ancestorTitles":["authSlice - Tests Comprehensivos","🏗️ Estado Inicial"],"duration":10,"failureDetails":[],"failureMessages":[],"fullName":"authSlice - Tests Comprehensivos 🏗️ Estado Inicial debe tener el estado inicial correcto","invocations":1,"location":null,"numPassingAsserts":1,"retryReasons":[],"status":"passed","title":"debe tener el estado inicial correcto"},{"ancestorTitles":["authSlice - Tests Comprehensivos","🏗️ Estado Inicial"],"duration":1,"failureDetails":[],"failureMessages":[],"fullName":"authSlice - Tests Comprehensivos 🏗️ Estado Inicial debe mantener tipos correctos en estado inicial","invocations":1,"location":null,"numPassingAsserts":3,"retryReasons":[],"status":"passed","title":"debe mantener tipos correctos en estado inicial"},{"ancestorTitles":["authSlice - Tests Comprehensivos","🏗️ Estado Inicial"],"duration":1,"failureDetails":[],"failureMessages":[],"fullName":"authSlice - Tests Comprehensivos 🏗️ Estado Inicial debe ser inmutable el estado inicial","invocations":1,"location":null,"numPassingAsserts":1,"retryReasons":[],"status":"passed","title":"debe ser inmutable el estado inicial"},{"ancestorTitles":["authSlice - Tests Comprehensivos","🔐 Acción setAuthenticated"],"duration":1,"failureDetails":[],"failureMessages":[],"fullName":"authSlice - Tests Comprehensivos 🔐 Acción setAuthenticated debe establecer autenticación como true","invocations":1,"location":null,"numPassingAsserts":2,"retryReasons":[],"status":"passed","title":"debe establecer autenticación como true"},{"ancestorTitles":["authSlice - Tests Comprehensivos","🔐 Acción setAuthenticated"],"duration":0,"failureDetails":[],"failureMessages":[],"fullName":"authSlice - Tests Comprehensivos 🔐 Acción setAuthenticated debe establecer autenticación como false","invocations":1,"location":null,"numPassingAsserts":2,"retryReasons":[],"status":"passed","title":"debe establecer autenticación como false"},{"ancestorTitles":["authSlice - Tests Comprehensivos","🔐 Acción setAuthenticated"],"duration":1,"failureDetails":[],"failureMessages":[],"fullName":"authSlice - Tests Comprehensivos 🔐 Acción setAuthenticated debe manejar valores truthy/falsy correctamente","invocations":1,"location":null,"numPassingAsserts":6,"retryReasons":[],"status":"passed","title":"debe manejar valores truthy/falsy correctamente"},{"ancestorTitles":["authSlice - Tests Comprehensivos","🔐 Acción setAuthenticated"],"duration":1,"failureDetails":[],"failureMessages":[],"fullName":"authSlice - Tests Comprehensivos 🔐 Acción setAuthenticated debe preservar inmutabilidad del estado","invocations":1,"location":null,"numPassingAsserts":3,"retryReasons":[],"status":"passed","title":"debe preservar inmutabilidad del estado"},{"ancestorTitles":["authSlice - Tests Comprehensivos","🔐 Acción setAuthenticated"],"duration":0,"failureDetails":[],"failureMessages":[],"fullName":"authSlice - Tests Comprehensivos 🔐 Acción setAuthenticated debe crear la acción correcta","invocations":1,"location":null,"numPassingAsserts":1,"retryReasons":[],"status":"passed","title":"debe crear la acción correcta"},{"ancestorTitles":["authSlice - Tests Comprehensivos","🧭 Acción setPendingNav"],"duration":5,"failureDetails":[],"failureMessages":[],"fullName":"authSlice - Tests Comprehensivos 🧭 Acción setPendingNav debe establecer navegación pendiente con string","invocations":1,"location":null,"numPassingAsserts":2,"retryReasons":[],"status":"passed","title":"debe establecer navegación pendiente con string"},{"ancestorTitles":["authSlice - Tests Comprehensivos","🧭 Acción setPendingNav"],"duration":0,"failureDetails":[],"failureMessages":[],"fullName":"authSlice - Tests Comprehensivos 🧭 Acción setPendingNav debe establecer navegación pendiente como null","invocations":1,"location":null,"numPassingAsserts":2,"retryReasons":[],"status":"passed","title":"debe establecer navegación pendiente como null"},{"ancestorTitles":["authSlice - Tests Comprehensivos","🧭 Acción setPendingNav"],"duration":1,"failureDetails":[],"failureMessages":[],"fullName":"authSlice - Tests Comprehensivos 🧭 Acción setPendingNav debe manejar diferentes tipos de datos","invocations":1,"location":null,"numPassingAsserts":5,"retryReasons":[],"status":"passed","title":"debe manejar diferentes tipos de datos"},{"ancestorTitles":["authSlice - Tests Comprehensivos","🧭 Acción setPendingNav"],"duration":0,"failureDetails":[],"failureMessages":[],"fullName":"authSlice - Tests Comprehensivos 🧭 Acción setPendingNav debe sobrescribir navegación pendiente existente","invocations":1,"location":null,"numPassingAsserts":1,"retryReasons":[],"status":"passed","title":"debe sobrescribir navegación pendiente existente"},{"ancestorTitles":["authSlice - Tests Comprehensivos","🧭 Acción setPendingNav"],"duration":0,"failureDetails":[],"failureMessages":[],"fullName":"authSlice - Tests Comprehensivos 🧭 Acción setPendingNav debe preservar inmutabilidad del estado","invocations":1,"location":null,"numPassingAsserts":3,"retryReasons":[],"status":"passed","title":"debe preservar inmutabilidad del estado"},{"ancestorTitles":["authSlice - Tests Comprehensivos","🧭 Acción setPendingNav"],"duration":1,"failureDetails":[],"failureMessages":[],"fullName":"authSlice - Tests Comprehensivos 🧭 Acción setPendingNav debe crear la acción correcta","invocations":1,"location":null,"numPassingAsserts":1,"retryReasons":[],"status":"passed","title":"debe crear la acción correcta"},{"ancestorTitles":["authSlice - Tests Comprehensivos","🔔 Acción pendingNotificationNavigation"],"duration":0,"failureDetails":[],"failureMessages":[],"fullName":"authSlice - Tests Comprehensivos 🔔 Acción pendingNotificationNavigation debe establecer navegación pendiente específica de notificación","invocations":1,"location":null,"numPassingAsserts":2,"retryReasons":[],"status":"passed","title":"debe establecer navegación pendiente específica de notificación"},{"ancestorTitles":["authSlice - Tests Comprehensivos","🔔 Acción pendingNotificationNavigation"],"duration":1,"failureDetails":[],"failureMessages":[],"fullName":"authSlice - Tests Comprehensivos 🔔 Acción pendingNotificationNavigation debe limpiar navegación pendiente específica de notificación","invocations":1,"location":null,"numPassingAsserts":2,"retryReasons":[],"status":"passed","title":"debe limpiar navegación pendiente específica de notificación"},{"ancestorTitles":["authSlice - Tests Comprehensivos","🗑️ Acción clearAuth"],"duration":0,"failureDetails":[],"failureMessages":[],"fullName":"authSlice - Tests Comprehensivos 🗑️ Acción clearAuth debe limpiar completamente el estado de autenticación","invocations":1,"location":null,"numPassingAsserts":1,"retryReasons":[],"status":"passed","title":"debe limpiar completamente el estado de autenticación"},{"ancestorTitles":["authSlice - Tests Comprehensivos","🗑️ Acción clearAuth"],"duration":1,"failureDetails":[],"failureMessages":[],"fullName":"authSlice - Tests Comprehensivos 🗑️ Acción clearAuth debe funcionar cuando el estado ya está limpio","invocations":1,"location":null,"numPassingAsserts":1,"retryReasons":[],"status":"passed","title":"debe funcionar cuando el estado ya está limpio"},{"ancestorTitles":["authSlice - Tests Comprehensivos","🗑️ Acción clearAuth"],"duration":0,"failureDetails":[],"failureMessages":[],"fullName":"authSlice - Tests Comprehensivos 🗑️ Acción clearAuth debe resetear sin importar el estado previo","invocations":1,"location":null,"numPassingAsserts":1,"retryReasons":[],"status":"passed","title":"debe resetear sin importar el estado previo"},{"ancestorTitles":["authSlice - Tests Comprehensivos","🗑️ Acción clearAuth"],"duration":0,"failureDetails":[],"failureMessages":[],"fullName":"authSlice - Tests Comprehensivos 🗑️ Acción clearAuth debe preservar inmutabilidad del estado","invocations":1,"location":null,"numPassingAsserts":3,"retryReasons":[],"status":"passed","title":"debe preservar inmutabilidad del estado"},{"ancestorTitles":["authSlice - Tests Comprehensivos","🗑️ Acción clearAuth"],"duration":0,"failureDetails":[],"failureMessages":[],"fullName":"authSlice - Tests Comprehensivos 🗑️ Acción clearAuth debe crear la acción correcta sin payload","invocations":1,"location":null,"numPassingAsserts":1,"retryReasons":[],"status":"passed","title":"debe crear la acción correcta sin payload"},{"ancestorTitles":["authSlice - Tests Comprehensivos","🔗 Acciones Encadenadas"],"duration":0,"failureDetails":[],"failureMessages":[],"fullName":"authSlice - Tests Comprehensivos 🔗 Acciones Encadenadas debe manejar secuencia de setAuthenticated -> setPendingNav","invocations":1,"location":null,"numPassingAsserts":3,"retryReasons":[],"status":"passed","title":"debe manejar secuencia de setAuthenticated -> setPendingNav"},{"ancestorTitles":["authSlice - Tests Comprehensivos","🔗 Acciones Encadenadas"],"duration":0,"failureDetails":[],"failureMessages":[],"fullName":"authSlice - Tests Comprehensivos 🔗 Acciones Encadenadas debe manejar secuencia setPendingNav -> setAuthenticated","invocations":1,"location":null,"numPassingAsserts":4,"retryReasons":[],"status":"passed","title":"debe manejar secuencia setPendingNav -> setAuthenticated"},{"ancestorTitles":["authSlice - Tests Comprehensivos","🔗 Acciones Encadenadas"],"duration":1,"failureDetails":[],"failureMessages":[],"fullName":"authSlice - Tests Comprehensivos 🔗 Acciones Encadenadas debe manejar múltiples cambios y clearAuth final","invocations":1,"location":null,"numPassingAsserts":3,"retryReasons":[],"status":"passed","title":"debe manejar múltiples cambios y clearAuth final"},{"ancestorTitles":["authSlice - Tests Comprehensivos","🛡️ Edge Cases y Validaciones"],"duration":0,"failureDetails":[],"failureMessages":[],"fullName":"authSlice - Tests Comprehensivos 🛡️ Edge Cases y Validaciones debe manejar acciones con payload undefined","invocations":1,"location":null,"numPassingAsserts":2,"retryReasons":[],"status":"passed","title":"debe manejar acciones con payload undefined"},{"ancestorTitles":["authSlice - Tests Comprehensivos","🛡️ Edge Cases y Validaciones"],"duration":0,"failureDetails":[],"failureMessages":[],"fullName":"authSlice - Tests Comprehensivos 🛡️ Edge Cases y Validaciones debe manejar acciones desconocidas","invocations":1,"location":null,"numPassingAsserts":1,"retryReasons":[],"status":"passed","title":"debe manejar acciones desconocidas"},{"ancestorTitles":["authSlice - Tests Comprehensivos","🛡️ Edge Cases y Validaciones"],"duration":0,"failureDetails":[],"failureMessages":[],"fullName":"authSlice - Tests Comprehensivos 🛡️ Edge Cases y Validaciones debe manejar estado inicial undefined","invocations":1,"location":null,"numPassingAsserts":2,"retryReasons":[],"status":"passed","title":"debe manejar estado inicial undefined"},{"ancestorTitles":["authSlice - Tests Comprehensivos","🛡️ Edge Cases y Validaciones"],"duration":1,"failureDetails":[],"failureMessages":[],"fullName":"authSlice - Tests Comprehensivos 🛡️ Edge Cases y Validaciones debe manejar payloads complejos","invocations":1,"location":null,"numPassingAsserts":1,"retryReasons":[],"status":"passed","title":"debe manejar payloads complejos"},{"ancestorTitles":["authSlice - Tests Comprehensivos","🎯 Casos de Uso Reales"],"duration":1,"failureDetails":[],"failureMessages":[],"fullName":"authSlice - Tests Comprehensivos 🎯 Casos de Uso Reales debe simular flujo de login completo","invocations":1,"location":null,"numPassingAsserts":6,"retryReasons":[],"status":"passed","title":"debe simular flujo de login completo"},{"ancestorTitles":["authSlice - Tests Comprehensivos","🎯 Casos de Uso Reales"],"duration":0,"failureDetails":[],"failureMessages":[],"fullName":"authSlice - Tests Comprehensivos 🎯 Casos de Uso Reales debe simular flujo de logout","invocations":1,"location":null,"numPassingAsserts":1,"retryReasons":[],"status":"passed","title":"debe simular flujo de logout"},{"ancestorTitles":["authSlice - Tests Comprehensivos","🎯 Casos de Uso Reales"],"duration":1,"failureDetails":[],"failureMessages":[],"fullName":"authSlice - Tests Comprehensivos 🎯 Casos de Uso Reales debe simular navegación con deep linking","invocations":1,"location":null,"numPassingAsserts":2,"retryReasons":[],"status":"passed","title":"debe simular navegación con deep linking"},{"ancestorTitles":["authSlice - Tests Comprehensivos","🎯 Casos de Uso Reales"],"duration":0,"failureDetails":[],"failureMessages":[],"fullName":"authSlice - Tests Comprehensivos 🎯 Casos de Uso Reales debe simular recuperación de sesión","invocations":1,"location":null,"numPassingAsserts":2,"retryReasons":[],"status":"passed","title":"debe simular recuperación de sesión"}],"endTime":1785304833320,"message":"","name":"C:\\apps\\electoral-app\\__tests__\\unit\\redux\\slices\\authSlice.test.js","startTime":1785304820799,"status":"passed","summary":""},{"assertionResults":[{"ancestorTitles":["offlineQueue extended tests","normalizeQueueItem"],"duration":10,"failureDetails":[],"failureMessages":[],"fullName":"offlineQueue extended tests normalizeQueueItem normaliza item con campos faltantes","invocations":1,"location":null,"numPassingAsserts":1,"retryReasons":[],"status":"passed","title":"normaliza item con campos faltantes"},{"ancestorTitles":["offlineQueue extended tests","read edge cases"],"duration":1,"failureDetails":[],"failureMessages":[],"fullName":"offlineQueue extended tests read edge cases retorna array vacío cuando AsyncStorage retorna datos inválidos","invocations":1,"location":null,"numPassingAsserts":1,"retryReasons":[],"status":"passed","title":"retorna array vacío cuando AsyncStorage retorna datos inválidos"},{"ancestorTitles":["offlineQueue extended tests","read edge cases"],"duration":0,"failureDetails":[],"failureMessages":[],"fullName":"offlineQueue extended tests read edge cases retorna array vacío cuando AsyncStorage falla","invocations":1,"location":null,"numPassingAsserts":1,"retryReasons":[],"status":"passed","title":"retorna array vacío cuando AsyncStorage falla"},{"ancestorTitles":["offlineQueue extended tests","updateById edge cases"],"duration":0,"failureDetails":[],"failureMessages":[],"fullName":"offlineQueue extended tests updateById edge cases retorna null cuando el id no existe","invocations":1,"location":null,"numPassingAsserts":1,"retryReasons":[],"status":"passed","title":"retorna null cuando el id no existe"},{"ancestorTitles":["offlineQueue extended tests","updateById edge cases"],"duration":1,"failureDetails":[],"failureMessages":[],"fullName":"offlineQueue extended tests updateById edge cases preserva el task original si no se proporciona en patch","invocations":1,"location":null,"numPassingAsserts":2,"retryReasons":[],"status":"passed","title":"preserva el task original si no se proporciona en patch"},{"ancestorTitles":["offlineQueue extended tests","updateById edge cases"],"duration":1,"failureDetails":[],"failureMessages":[],"fullName":"offlineQueue extended tests updateById edge cases reemplaza el task si se proporciona en patch","invocations":1,"location":null,"numPassingAsserts":1,"retryReasons":[],"status":"passed","title":"reemplaza el task si se proporciona en patch"},{"ancestorTitles":["offlineQueue extended tests","retryNow"],"duration":1,"failureDetails":[],"failureMessages":[],"fullName":"offlineQueue extended tests retryNow actualiza nextAttemptAt para todos los items sin filtro","invocations":1,"location":null,"numPassingAsserts":3,"retryReasons":[],"status":"passed","title":"actualiza nextAttemptAt para todos los items sin filtro"},{"ancestorTitles":["offlineQueue extended tests","retryNow"],"duration":1,"failureDetails":[],"failureMessages":[],"fullName":"offlineQueue extended tests retryNow aplica filtro cuando se proporciona función","invocations":1,"location":null,"numPassingAsserts":1,"retryReasons":[],"status":"passed","title":"aplica filtro cuando se proporciona función"},{"ancestorTitles":["offlineQueue extended tests","retryNow"],"duration":0,"failureDetails":[],"failureMessages":[],"fullName":"offlineQueue extended tests retryNow no escribe si no hay cambios cuando la cola está vacía","invocations":1,"location":null,"numPassingAsserts":1,"retryReasons":[],"status":"passed","title":"no escribe si no hay cambios cuando la cola está vacía"},{"ancestorTitles":["offlineQueue extended tests","processQueue error classification"],"duration":1,"failureDetails":[],"failureMessages":[],"fullName":"offlineQueue extended tests processQueue error classification clasifica error 429 como RATE_LIMIT","invocations":1,"location":null,"numPassingAsserts":1,"retryReasons":[],"status":"passed","title":"clasifica error 429 como RATE_LIMIT"},{"ancestorTitles":["offlineQueue extended tests","processQueue error classification"],"duration":1,"failureDetails":[],"failureMessages":[],"fullName":"offlineQueue extended tests processQueue error classification clasifica error 403 como AUTH","invocations":1,"location":null,"numPassingAsserts":2,"retryReasons":[],"status":"passed","title":"clasifica error 403 como AUTH"},{"ancestorTitles":["offlineQueue extended tests","processQueue error classification"],"duration":1,"failureDetails":[],"failureMessages":[],"fullName":"offlineQueue extended tests processQueue error classification clasifica error 400 como VALIDATION","invocations":1,"location":null,"numPassingAsserts":1,"retryReasons":[],"status":"passed","title":"clasifica error 400 como VALIDATION"},{"ancestorTitles":["offlineQueue extended tests","processQueue error classification"],"duration":0,"failureDetails":[],"failureMessages":[],"fullName":"offlineQueue extended tests processQueue error classification clasifica error 422 como VALIDATION","invocations":1,"location":null,"numPassingAsserts":1,"retryReasons":[],"status":"passed","title":"clasifica error 422 como VALIDATION"},{"ancestorTitles":["offlineQueue extended tests","processQueue error classification"],"duration":1,"failureDetails":[],"failureMessages":[],"fullName":"offlineQueue extended tests processQueue error classification clasifica error 409 como CONFLICT_IDEMPOTENT (retriable)","invocations":1,"location":null,"numPassingAsserts":2,"retryReasons":[],"status":"passed","title":"clasifica error 409 como CONFLICT_IDEMPOTENT (retriable)"},{"ancestorTitles":["offlineQueue extended tests","processQueue error classification"],"duration":1,"failureDetails":[],"failureMessages":[],"fullName":"offlineQueue extended tests processQueue error classification clasifica ECONNABORTED como NETWORK_TIMEOUT","invocations":1,"location":null,"numPassingAsserts":2,"retryReasons":[],"status":"passed","title":"clasifica ECONNABORTED como NETWORK_TIMEOUT"},{"ancestorTitles":["offlineQueue extended tests","processQueue error classification"],"duration":0,"failureDetails":[],"failureMessages":[],"fullName":"offlineQueue extended tests processQueue error classification clasifica ETIMEDOUT como NETWORK_TIMEOUT","invocations":1,"location":null,"numPassingAsserts":1,"retryReasons":[],"status":"passed","title":"clasifica ETIMEDOUT como NETWORK_TIMEOUT"},{"ancestorTitles":["offlineQueue extended tests","processQueue error classification"],"duration":1,"failureDetails":[],"failureMessages":[],"fullName":"offlineQueue extended tests processQueue error classification clasifica ENOTFOUND como NETWORK_DOWN","invocations":1,"location":null,"numPassingAsserts":1,"retryReasons":[],"status":"passed","title":"clasifica ENOTFOUND como NETWORK_DOWN"},{"ancestorTitles":["offlineQueue extended tests","processQueue error classification"],"duration":0,"failureDetails":[],"failureMessages":[],"fullName":"offlineQueue extended tests processQueue error classification clasifica ECONNRESET como NETWORK_DOWN","invocations":1,"location":null,"numPassingAsserts":1,"retryReasons":[],"status":"passed","title":"clasifica ECONNRESET como NETWORK_DOWN"},{"ancestorTitles":["offlineQueue extended tests","processQueue error classification"],"duration":1,"failureDetails":[],"failureMessages":[],"fullName":"offlineQueue extended tests processQueue error classification clasifica ERR_NETWORK como NETWORK_DOWN","invocations":1,"location":null,"numPassingAsserts":1,"retryReasons":[],"status":"passed","title":"clasifica ERR_NETWORK como NETWORK_DOWN"},{"ancestorTitles":["offlineQueue extended tests","processQueue error classification"],"duration":0,"failureDetails":[],"failureMessages":[],"fullName":"offlineQueue extended tests processQueue error classification clasifica error sin response pero con request como NETWORK_DOWN","invocations":1,"location":null,"numPassingAsserts":1,"retryReasons":[],"status":"passed","title":"clasifica error sin response pero con request como NETWORK_DOWN"},{"ancestorTitles":["offlineQueue extended tests","processQueue error classification"],"duration":1,"failureDetails":[],"failureMessages":[],"fullName":"offlineQueue extended tests processQueue error classification clasifica error con mensaje timeout como NETWORK_TIMEOUT","invocations":1,"location":null,"numPassingAsserts":1,"retryReasons":[],"status":"passed","title":"clasifica error con mensaje timeout como NETWORK_TIMEOUT"},{"ancestorTitles":["offlineQueue extended tests","processQueue error classification"],"duration":1,"failureDetails":[],"failureMessages":[],"fullName":"offlineQueue extended tests processQueue error classification clasifica error con mensaje network como NETWORK_DOWN","invocations":1,"location":null,"numPassingAsserts":1,"retryReasons":[],"status":"passed","title":"clasifica error con mensaje network como NETWORK_DOWN"},{"ancestorTitles":["offlineQueue extended tests","processQueue error classification"],"duration":0,"failureDetails":[],"failureMessages":[],"fullName":"offlineQueue extended tests processQueue error classification clasifica error con mensaje failed to fetch como NETWORK_DOWN","invocations":1,"location":null,"numPassingAsserts":1,"retryReasons":[],"status":"passed","title":"clasifica error con mensaje failed to fetch como NETWORK_DOWN"},{"ancestorTitles":["offlineQueue extended tests","processQueue error classification"],"duration":1,"failureDetails":[],"failureMessages":[],"fullName":"offlineQueue extended tests processQueue error classification clasifica error con mensaje internet como NETWORK_DOWN","invocations":1,"location":null,"numPassingAsserts":1,"retryReasons":[],"status":"passed","title":"clasifica error con mensaje internet como NETWORK_DOWN"},{"ancestorTitles":["offlineQueue extended tests","processQueue error classification"],"duration":1,"failureDetails":[],"failureMessages":[],"fullName":"offlineQueue extended tests processQueue error classification clasifica error 404 como UNKNOWN","invocations":1,"location":null,"numPassingAsserts":1,"retryReasons":[],"status":"passed","title":"clasifica error 404 como UNKNOWN"},{"ancestorTitles":["offlineQueue extended tests","processQueue error classification"],"duration":1,"failureDetails":[],"failureMessages":[],"fullName":"offlineQueue extended tests processQueue error classification respeta errorType explícito","invocations":1,"location":null,"numPassingAsserts":1,"retryReasons":[],"status":"passed","title":"respeta errorType explícito"},{"ancestorTitles":["offlineQueue extended tests","processQueue error classification"],"duration":0,"failureDetails":[],"failureMessages":[],"fullName":"offlineQueue extended tests processQueue error classification respeta removeFromQueue explícito","invocations":1,"location":null,"numPassingAsserts":1,"retryReasons":[],"status":"passed","title":"respeta removeFromQueue explícito"},{"ancestorTitles":["offlineQueue extended tests","processQueue skips future items"],"duration":1,"failureDetails":[],"failureMessages":[],"fullName":"offlineQueue extended tests processQueue skips future items salta items con nextAttemptAt en el futuro","invocations":1,"location":null,"numPassingAsserts":3,"retryReasons":[],"status":"passed","title":"salta items con nextAttemptAt en el futuro"},{"ancestorTitles":["offlineQueue extended tests","processQueue concurrency"],"duration":1,"failureDetails":[],"failureMessages":[],"fullName":"offlineQueue extended tests processQueue concurrency previene procesamiento concurrente","invocations":1,"location":null,"numPassingAsserts":2,"retryReasons":[],"status":"passed","title":"previene procesamiento concurrente"},{"ancestorTitles":["offlineQueue extended tests","processQueue extracts metadata from payload"],"duration":0,"failureDetails":[],"failureMessages":[],"fullName":"offlineQueue extended tests processQueue extracts metadata from payload extrae tableCode, dni, electionId de additionalData","invocations":1,"location":null,"numPassingAsserts":1,"retryReasons":[],"status":"passed","title":"extrae tableCode, dni, electionId de additionalData"},{"ancestorTitles":["offlineQueue extended tests","processQueue extracts metadata from payload"],"duration":1,"failureDetails":[],"failureMessages":[],"fullName":"offlineQueue extended tests processQueue extracts metadata from payload extrae tableCode de tableData.codigo como fallback","invocations":1,"location":null,"numPassingAsserts":1,"retryReasons":[],"status":"passed","title":"extrae tableCode de tableData.codigo como fallback"},{"ancestorTitles":["offlineQueue extended tests","processQueue extracts metadata from payload"],"duration":0,"failureDetails":[],"failureMessages":[],"fullName":"offlineQueue extended tests processQueue extracts metadata from payload extrae tableCode de electoralData.tableCode como fallback","invocations":1,"location":null,"numPassingAsserts":1,"retryReasons":[],"status":"passed","title":"extrae tableCode de electoralData.tableCode como fallback"},{"ancestorTitles":["offlineQueue extended tests","toErrorString"],"duration":1,"failureDetails":[],"failureMessages":[],"fullName":"offlineQueue extended tests toErrorString formatea error HTTP con data string","invocations":1,"location":null,"numPassingAsserts":2,"retryReasons":[],"status":"passed","title":"formatea error HTTP con data string"},{"ancestorTitles":["offlineQueue extended tests","toErrorString"],"duration":0,"failureDetails":[],"failureMessages":[],"fullName":"offlineQueue extended tests toErrorString formatea error HTTP con data objeto","invocations":1,"location":null,"numPassingAsserts":2,"retryReasons":[],"status":"passed","title":"formatea error HTTP con data objeto"},{"ancestorTitles":["offlineQueue extended tests","toErrorString"],"duration":1,"failureDetails":[],"failureMessages":[],"fullName":"offlineQueue extended tests toErrorString formatea error simple con mensaje","invocations":1,"location":null,"numPassingAsserts":1,"retryReasons":[],"status":"passed","title":"formatea error simple con mensaje"},{"ancestorTitles":["offlineQueue extended tests","toErrorString"],"duration":0,"failureDetails":[],"failureMessages":[],"fullName":"offlineQueue extended tests toErrorString formatea error string","invocations":1,"location":null,"numPassingAsserts":1,"retryReasons":[],"status":"passed","title":"formatea error string"},{"ancestorTitles":["offlineQueue extended tests","toErrorString"],"duration":1,"failureDetails":[],"failureMessages":[],"fullName":"offlineQueue extended tests toErrorString formatea null/undefined como Unknown error","invocations":1,"location":null,"numPassingAsserts":1,"retryReasons":[],"status":"passed","title":"formatea null/undefined como Unknown error"},{"ancestorTitles":["offlineQueue extended tests","votePlace functions error handling"],"duration":1,"failureDetails":[],"failureMessages":[],"fullName":"offlineQueue extended tests votePlace functions error handling saveVotePlace maneja errores de AsyncStorage","invocations":1,"location":null,"numPassingAsserts":1,"retryReasons":[],"status":"passed","title":"saveVotePlace maneja errores de AsyncStorage"},{"ancestorTitles":["offlineQueue extended tests","votePlace functions error handling"],"duration":1,"failureDetails":[],"failureMessages":[],"fullName":"offlineQueue extended tests votePlace functions error handling getVotePlace maneja errores de AsyncStorage","invocations":1,"location":null,"numPassingAsserts":2,"retryReasons":[],"status":"passed","title":"getVotePlace maneja errores de AsyncStorage"},{"ancestorTitles":["offlineQueue extended tests","votePlace functions error handling"],"duration":0,"failureDetails":[],"failureMessages":[],"fullName":"offlineQueue extended tests votePlace functions error handling clearVotePlace maneja errores de AsyncStorage","invocations":1,"location":null,"numPassingAsserts":1,"retryReasons":[],"status":"passed","title":"clearVotePlace maneja errores de AsyncStorage"},{"ancestorTitles":["offlineQueue extended tests","buildNextAttemptAt"],"duration":1,"failureDetails":[],"failureMessages":[],"fullName":"offlineQueue extended tests buildNextAttemptAt calcula delay exponencial correctamente","invocations":1,"location":null,"numPassingAsserts":2,"retryReasons":[],"status":"passed","title":"calcula delay exponencial correctamente"}],"endTime":1785304833266,"message":"","name":"C:\\apps\\electoral-app\\__tests__\\unit\\utils\\offlineQueue.extended.test.js","startTime":1785304820799,"status":"passed","summary":""},{"assertionResults":[{"ancestorTitles":["Validation Utils - Tests Consolidados","📧 Validación de Email","✅ Casos Válidos"],"duration":11,"failureDetails":[],"failureMessages":[],"fullName":"Validation Utils - Tests Consolidados 📧 Validación de Email ✅ Casos Válidos debe validar email básico correctamente","invocations":1,"location":null,"numPassingAsserts":1,"retryReasons":[],"status":"passed","title":"debe validar email básico correctamente"},{"ancestorTitles":["Validation Utils - Tests Consolidados","📧 Validación de Email","✅ Casos Válidos"],"duration":1,"failureDetails":[],"failureMessages":[],"fullName":"Validation Utils - Tests Consolidados 📧 Validación de Email ✅ Casos Válidos debe validar email con subdominios","invocations":1,"location":null,"numPassingAsserts":1,"retryReasons":[],"status":"passed","title":"debe validar email con subdominios"},{"ancestorTitles":["Validation Utils - Tests Consolidados","📧 Validación de Email","✅ Casos Válidos"],"duration":1,"failureDetails":[],"failureMessages":[],"fullName":"Validation Utils - Tests Consolidados 📧 Validación de Email ✅ Casos Válidos debe validar email con números","invocations":1,"location":null,"numPassingAsserts":1,"retryReasons":[],"status":"passed","title":"debe validar email con números"},{"ancestorTitles":["Validation Utils - Tests Consolidados","📧 Validación de Email","✅ Casos Válidos"],"duration":1,"failureDetails":[],"failureMessages":[],"fullName":"Validation Utils - Tests Consolidados 📧 Validación de Email ✅ Casos Válidos debe validar email con caracteres especiales permitidos","invocations":1,"location":null,"numPassingAsserts":5,"retryReasons":[],"status":"passed","title":"debe validar email con caracteres especiales permitidos"},{"ancestorTitles":["Validation Utils - Tests Consolidados","📧 Validación de Email","✅ Casos Válidos"],"duration":1,"failureDetails":[],"failureMessages":[],"fullName":"Validation Utils - Tests Consolidados 📧 Validación de Email ✅ Casos Válidos debe validar email con dominios de diferentes longitudes","invocations":1,"location":null,"numPassingAsserts":3,"retryReasons":[],"status":"passed","title":"debe validar email con dominios de diferentes longitudes"},{"ancestorTitles":["Validation Utils - Tests Consolidados","📧 Validación de Email","❌ Casos Inválidos"],"duration":0,"failureDetails":[],"failureMessages":[],"fullName":"Validation Utils - Tests Consolidados 📧 Validación de Email ❌ Casos Inválidos debe rechazar email vacío","invocations":1,"location":null,"numPassingAsserts":1,"retryReasons":[],"status":"passed","title":"debe rechazar email vacío"},{"ancestorTitles":["Validation Utils - Tests Consolidados","📧 Validación de Email","❌ Casos Inválidos"],"duration":0,"failureDetails":[],"failureMessages":[],"fullName":"Validation Utils - Tests Consolidados 📧 Validación de Email ❌ Casos Inválidos debe rechazar email null o undefined","invocations":1,"location":null,"numPassingAsserts":2,"retryReasons":[],"status":"passed","title":"debe rechazar email null o undefined"},{"ancestorTitles":["Validation Utils - Tests Consolidados","📧 Validación de Email","❌ Casos Inválidos"],"duration":1,"failureDetails":[],"failureMessages":[],"fullName":"Validation Utils - Tests Consolidados 📧 Validación de Email ❌ Casos Inválidos debe rechazar email sin @","invocations":1,"location":null,"numPassingAsserts":1,"retryReasons":[],"status":"passed","title":"debe rechazar email sin @"},{"ancestorTitles":["Validation Utils - Tests Consolidados","📧 Validación de Email","❌ Casos Inválidos"],"duration":0,"failureDetails":[],"failureMessages":[],"fullName":"Validation Utils - Tests Consolidados 📧 Validación de Email ❌ Casos Inválidos debe rechazar email sin dominio","invocations":1,"location":null,"numPassingAsserts":1,"retryReasons":[],"status":"passed","title":"debe rechazar email sin dominio"},{"ancestorTitles":["Validation Utils - Tests Consolidados","📧 Validación de Email","❌ Casos Inválidos"],"duration":0,"failureDetails":[],"failureMessages":[],"fullName":"Validation Utils - Tests Consolidados 📧 Validación de Email ❌ Casos Inválidos debe rechazar email sin extensión","invocations":1,"location":null,"numPassingAsserts":1,"retryReasons":[],"status":"passed","title":"debe rechazar email sin extensión"},{"ancestorTitles":["Validation Utils - Tests Consolidados","📧 Validación de Email","❌ Casos Inválidos"],"duration":1,"failureDetails":[],"failureMessages":[],"fullName":"Validation Utils - Tests Consolidados 📧 Validación de Email ❌ Casos Inválidos debe rechazar emails con formato incorrecto","invocations":1,"location":null,"numPassingAsserts":6,"retryReasons":[],"status":"passed","title":"debe rechazar emails con formato incorrecto"},{"ancestorTitles":["Validation Utils - Tests Consolidados","👤 Validación de Nombre","✅ Casos Válidos"],"duration":0,"failureDetails":[],"failureMessages":[],"fullName":"Validation Utils - Tests Consolidados 👤 Validación de Nombre ✅ Casos Válidos debe validar nombre simple","invocations":1,"location":null,"numPassingAsserts":1,"retryReasons":[],"status":"passed","title":"debe validar nombre simple"},{"ancestorTitles":["Validation Utils - Tests Consolidados","👤 Validación de Nombre","✅ Casos Válidos"],"duration":0,"failureDetails":[],"failureMessages":[],"fullName":"Validation Utils - Tests Consolidados 👤 Validación de Nombre ✅ Casos Válidos debe validar nombre completo","invocations":1,"location":null,"numPassingAsserts":1,"retryReasons":[],"status":"passed","title":"debe validar nombre completo"},{"ancestorTitles":["Validation Utils - Tests Consolidados","👤 Validación de Nombre","✅ Casos Válidos"],"duration":0,"failureDetails":[],"failureMessages":[],"fullName":"Validation Utils - Tests Consolidados 👤 Validación de Nombre ✅ Casos Válidos debe validar nombres con espacios múltiples","invocations":1,"location":null,"numPassingAsserts":1,"retryReasons":[],"status":"passed","title":"debe validar nombres con espacios múltiples"},{"ancestorTitles":["Validation Utils - Tests Consolidados","👤 Validación de Nombre","✅ Casos Válidos"],"duration":0,"failureDetails":[],"failureMessages":[],"fullName":"Validation Utils - Tests Consolidados 👤 Validación de Nombre ✅ Casos Válidos debe validar nombres de longitud mínima (2 caracteres)","invocations":1,"location":null,"numPassingAsserts":1,"retryReasons":[],"status":"passed","title":"debe validar nombres de longitud mínima (2 caracteres)"},{"ancestorTitles":["Validation Utils - Tests Consolidados","👤 Validación de Nombre","✅ Casos Válidos"],"duration":1,"failureDetails":[],"failureMessages":[],"fullName":"Validation Utils - Tests Consolidados 👤 Validación de Nombre ✅ Casos Válidos debe validar nombres de longitud máxima (40 caracteres)","invocations":1,"location":null,"numPassingAsserts":1,"retryReasons":[],"status":"passed","title":"debe validar nombres de longitud máxima (40 caracteres)"},{"ancestorTitles":["Validation Utils - Tests Consolidados","👤 Validación de Nombre","✅ Casos Válidos"],"duration":0,"failureDetails":[],"failureMessages":[],"fullName":"Validation Utils - Tests Consolidados 👤 Validación de Nombre ✅ Casos Válidos debe validar nombres con mayúsculas y minúsculas","invocations":1,"location":null,"numPassingAsserts":4,"retryReasons":[],"status":"passed","title":"debe validar nombres con mayúsculas y minúsculas"},{"ancestorTitles":["Validation Utils - Tests Consolidados","👤 Validación de Nombre","❌ Casos Inválidos"],"duration":0,"failureDetails":[],"failureMessages":[],"fullName":"Validation Utils - Tests Consolidados 👤 Validación de Nombre ❌ Casos Inválidos debe rechazar nombre vacío","invocations":1,"location":null,"numPassingAsserts":1,"retryReasons":[],"status":"passed","title":"debe rechazar nombre vacío"},{"ancestorTitles":["Validation Utils - Tests Consolidados","👤 Validación de Nombre","❌ Casos Inválidos"],"duration":0,"failureDetails":[],"failureMessages":[],"fullName":"Validation Utils - Tests Consolidados 👤 Validación de Nombre ❌ Casos Inválidos debe rechazar nombre null o undefined","invocations":1,"location":null,"numPassingAsserts":2,"retryReasons":[],"status":"passed","title":"debe rechazar nombre null o undefined"},{"ancestorTitles":["Validation Utils - Tests Consolidados","👤 Validación de Nombre","❌ Casos Inválidos"],"duration":1,"failureDetails":[],"failureMessages":[],"fullName":"Validation Utils - Tests Consolidados 👤 Validación de Nombre ❌ Casos Inválidos debe rechazar nombres con números","invocations":1,"location":null,"numPassingAsserts":1,"retryReasons":[],"status":"passed","title":"debe rechazar nombres con números"},{"ancestorTitles":["Validation Utils - Tests Consolidados","👤 Validación de Nombre","❌ Casos Inválidos"],"duration":1,"failureDetails":[],"failureMessages":[],"fullName":"Validation Utils - Tests Consolidados 👤 Validación de Nombre ❌ Casos Inválidos debe rechazar nombres con caracteres especiales","invocations":1,"location":null,"numPassingAsserts":10,"retryReasons":[],"status":"passed","title":"debe rechazar nombres con caracteres especiales"},{"ancestorTitles":["Validation Utils - Tests Consolidados","👤 Validación de Nombre","❌ Casos Inválidos"],"duration":0,"failureDetails":[],"failureMessages":[],"fullName":"Validation Utils - Tests Consolidados 👤 Validación de Nombre ❌ Casos Inválidos debe rechazar nombres muy cortos (menos de 2 caracteres)","invocations":1,"location":null,"numPassingAsserts":1,"retryReasons":[],"status":"passed","title":"debe rechazar nombres muy cortos (menos de 2 caracteres)"},{"ancestorTitles":["Validation Utils - Tests Consolidados","👤 Validación de Nombre","❌ Casos Inválidos"],"duration":0,"failureDetails":[],"failureMessages":[],"fullName":"Validation Utils - Tests Consolidados 👤 Validación de Nombre ❌ Casos Inválidos debe rechazar nombres muy largos (más de 40 caracteres)","invocations":1,"location":null,"numPassingAsserts":1,"retryReasons":[],"status":"passed","title":"debe rechazar nombres muy largos (más de 40 caracteres)"},{"ancestorTitles":["Validation Utils - Tests Consolidados","🔐 Validación de Contraseña","✅ Casos Válidos"],"duration":0,"failureDetails":[],"failureMessages":[],"fullName":"Validation Utils - Tests Consolidados 🔐 Validación de Contraseña ✅ Casos Válidos debe validar contraseña básica válida","invocations":1,"location":null,"numPassingAsserts":1,"retryReasons":[],"status":"passed","title":"debe validar contraseña básica válida"},{"ancestorTitles":["Validation Utils - Tests Consolidados","🔐 Validación de Contraseña","✅ Casos Válidos"],"duration":0,"failureDetails":[],"failureMessages":[],"fullName":"Validation Utils - Tests Consolidados 🔐 Validación de Contraseña ✅ Casos Válidos debe validar contraseña con caracteres especiales","invocations":1,"location":null,"numPassingAsserts":1,"retryReasons":[],"status":"passed","title":"debe validar contraseña con caracteres especiales"},{"ancestorTitles":["Validation Utils - Tests Consolidados","🔐 Validación de Contraseña","✅ Casos Válidos"],"duration":1,"failureDetails":[],"failureMessages":[],"fullName":"Validation Utils - Tests Consolidados 🔐 Validación de Contraseña ✅ Casos Válidos debe validar contraseña de longitud mínima","invocations":1,"location":null,"numPassingAsserts":1,"retryReasons":[],"status":"passed","title":"debe validar contraseña de longitud mínima"},{"ancestorTitles":["Validation Utils - Tests Consolidados","🔐 Validación de Contraseña","✅ Casos Válidos"],"duration":1,"failureDetails":[],"failureMessages":[],"fullName":"Validation Utils - Tests Consolidados 🔐 Validación de Contraseña ✅ Casos Válidos debe validar contraseña muy larga","invocations":1,"location":null,"numPassingAsserts":1,"retryReasons":[],"status":"passed","title":"debe validar contraseña muy larga"},{"ancestorTitles":["Validation Utils - Tests Consolidados","🔐 Validación de Contraseña","✅ Casos Válidos"],"duration":0,"failureDetails":[],"failureMessages":[],"fullName":"Validation Utils - Tests Consolidados 🔐 Validación de Contraseña ✅ Casos Válidos debe validar contraseña con múltiples mayúsculas, minúsculas y números","invocations":1,"location":null,"numPassingAsserts":1,"retryReasons":[],"status":"passed","title":"debe validar contraseña con múltiples mayúsculas, minúsculas y números"},{"ancestorTitles":["Validation Utils - Tests Consolidados","🔐 Validación de Contraseña","❌ Casos Inválidos"],"duration":1,"failureDetails":[],"failureMessages":[],"fullName":"Validation Utils - Tests Consolidados 🔐 Validación de Contraseña ❌ Casos Inválidos debe rechazar contraseña vacía","invocations":1,"location":null,"numPassingAsserts":1,"retryReasons":[],"status":"passed","title":"debe rechazar contraseña vacía"},{"ancestorTitles":["Validation Utils - Tests Consolidados","🔐 Validación de Contraseña","❌ Casos Inválidos"],"duration":1,"failureDetails":[],"failureMessages":[],"fullName":"Validation Utils - Tests Consolidados 🔐 Validación de Contraseña ❌ Casos Inválidos debe rechazar contraseña null o undefined","invocations":1,"location":null,"numPassingAsserts":2,"retryReasons":[],"status":"passed","title":"debe rechazar contraseña null o undefined"},{"ancestorTitles":["Validation Utils - Tests Consolidados","🔐 Validación de Contraseña","❌ Casos Inválidos"],"duration":0,"failureDetails":[],"failureMessages":[],"fullName":"Validation Utils - Tests Consolidados 🔐 Validación de Contraseña ❌ Casos Inválidos debe rechazar contraseña muy corta (menos de 8 caracteres)","invocations":1,"location":null,"numPassingAsserts":1,"retryReasons":[],"status":"passed","title":"debe rechazar contraseña muy corta (menos de 8 caracteres)"},{"ancestorTitles":["Validation Utils - Tests Consolidados","🔐 Validación de Contraseña","❌ Casos Inválidos"],"duration":1,"failureDetails":[],"failureMessages":[],"fullName":"Validation Utils - Tests Consolidados 🔐 Validación de Contraseña ❌ Casos Inválidos debe rechazar contraseña sin mayúsculas","invocations":1,"location":null,"numPassingAsserts":1,"retryReasons":[],"status":"passed","title":"debe rechazar contraseña sin mayúsculas"},{"ancestorTitles":["Validation Utils - Tests Consolidados","🔐 Validación de Contraseña","❌ Casos Inválidos"],"duration":0,"failureDetails":[],"failureMessages":[],"fullName":"Validation Utils - Tests Consolidados 🔐 Validación de Contraseña ❌ Casos Inválidos debe rechazar contraseña sin minúsculas","invocations":1,"location":null,"numPassingAsserts":1,"retryReasons":[],"status":"passed","title":"debe rechazar contraseña sin minúsculas"},{"ancestorTitles":["Validation Utils - Tests Consolidados","🔐 Validación de Contraseña","❌ Casos Inválidos"],"duration":0,"failureDetails":[],"failureMessages":[],"fullName":"Validation Utils - Tests Consolidados 🔐 Validación de Contraseña ❌ Casos Inválidos debe rechazar contraseña sin números","invocations":1,"location":null,"numPassingAsserts":1,"retryReasons":[],"status":"passed","title":"debe rechazar contraseña sin números"},{"ancestorTitles":["Validation Utils - Tests Consolidados","🔐 Validación de Contraseña","❌ Casos Inválidos"],"duration":0,"failureDetails":[],"failureMessages":[],"fullName":"Validation Utils - Tests Consolidados 🔐 Validación de Contraseña ❌ Casos Inválidos debe rechazar contraseña solo con espacios","invocations":1,"location":null,"numPassingAsserts":1,"retryReasons":[],"status":"passed","title":"debe rechazar contraseña solo con espacios"},{"ancestorTitles":["Validation Utils - Tests Consolidados","🔐 Validación de Contraseña","🔄 Confirmación de Contraseña"],"duration":1,"failureDetails":[],"failureMessages":[],"fullName":"Validation Utils - Tests Consolidados 🔐 Validación de Contraseña 🔄 Confirmación de Contraseña debe validar contraseñas coincidentes","invocations":1,"location":null,"numPassingAsserts":1,"retryReasons":[],"status":"passed","title":"debe validar contraseñas coincidentes"},{"ancestorTitles":["Validation Utils - Tests Consolidados","🔐 Validación de Contraseña","🔄 Confirmación de Contraseña"],"duration":0,"failureDetails":[],"failureMessages":[],"fullName":"Validation Utils - Tests Consolidados 🔐 Validación de Contraseña 🔄 Confirmación de Contraseña debe rechazar contraseñas que no coinciden","invocations":1,"location":null,"numPassingAsserts":1,"retryReasons":[],"status":"passed","title":"debe rechazar contraseñas que no coinciden"},{"ancestorTitles":["Validation Utils - Tests Consolidados","🔐 Validación de Contraseña","🔄 Confirmación de Contraseña"],"duration":1,"failureDetails":[],"failureMessages":[],"fullName":"Validation Utils - Tests Consolidados 🔐 Validación de Contraseña 🔄 Confirmación de Contraseña debe validar sin confirmación cuando isConfrimPass es false","invocations":1,"location":null,"numPassingAsserts":1,"retryReasons":[],"status":"passed","title":"debe validar sin confirmación cuando isConfrimPass es false"},{"ancestorTitles":["Validation Utils - Tests Consolidados","🔄 Validación de Confirmación de Contraseña","✅ Casos Válidos"],"duration":2,"failureDetails":[],"failureMessages":[],"fullName":"Validation Utils - Tests Consolidados 🔄 Validación de Confirmación de Contraseña ✅ Casos Válidos debe validar confirmación de contraseña correcta","invocations":1,"location":null,"numPassingAsserts":1,"retryReasons":[],"status":"passed","title":"debe validar confirmación de contraseña correcta"},{"ancestorTitles":["Validation Utils - Tests Consolidados","🔄 Validación de Confirmación de Contraseña","✅ Casos Válidos"],"duration":1,"failureDetails":[],"failureMessages":[],"fullName":"Validation Utils - Tests Consolidados 🔄 Validación de Confirmación de Contraseña ✅ Casos Válidos debe validar confirmación con contraseñas complejas idénticas","invocations":1,"location":null,"numPassingAsserts":1,"retryReasons":[],"status":"passed","title":"debe validar confirmación con contraseñas complejas idénticas"},{"ancestorTitles":["Validation Utils - Tests Consolidados","🔄 Validación de Confirmación de Contraseña","❌ Casos Inválidos"],"duration":0,"failureDetails":[],"failureMessages":[],"fullName":"Validation Utils - Tests Consolidados 🔄 Validación de Confirmación de Contraseña ❌ Casos Inválidos debe rechazar confirmación vacía","invocations":1,"location":null,"numPassingAsserts":1,"retryReasons":[],"status":"passed","title":"debe rechazar confirmación vacía"},{"ancestorTitles":["Validation Utils - Tests Consolidados","🔄 Validación de Confirmación de Contraseña","❌ Casos Inválidos"],"duration":0,"failureDetails":[],"failureMessages":[],"fullName":"Validation Utils - Tests Consolidados 🔄 Validación de Confirmación de Contraseña ❌ Casos Inválidos debe rechazar confirmación null o undefined","invocations":1,"location":null,"numPassingAsserts":2,"retryReasons":[],"status":"passed","title":"debe rechazar confirmación null o undefined"},{"ancestorTitles":["Validation Utils - Tests Consolidados","🔄 Validación de Confirmación de Contraseña","❌ Casos Inválidos"],"duration":0,"failureDetails":[],"failureMessages":[],"fullName":"Validation Utils - Tests Consolidados 🔄 Validación de Confirmación de Contraseña ❌ Casos Inválidos debe rechazar confirmación muy corta","invocations":1,"location":null,"numPassingAsserts":1,"retryReasons":[],"status":"passed","title":"debe rechazar confirmación muy corta"},{"ancestorTitles":["Validation Utils - Tests Consolidados","🔄 Validación de Confirmación de Contraseña","❌ Casos Inválidos"],"duration":0,"failureDetails":[],"failureMessages":[],"fullName":"Validation Utils - Tests Consolidados 🔄 Validación de Confirmación de Contraseña ❌ Casos Inválidos debe rechazar confirmación que no coincide","invocations":1,"location":null,"numPassingAsserts":1,"retryReasons":[],"status":"passed","title":"debe rechazar confirmación que no coincide"},{"ancestorTitles":["Validation Utils - Tests Consolidados","🔄 Validación de Confirmación de Contraseña","❌ Casos Inválidos"],"duration":0,"failureDetails":[],"failureMessages":[],"fullName":"Validation Utils - Tests Consolidados 🔄 Validación de Confirmación de Contraseña ❌ Casos Inválidos debe rechazar confirmación con formato inválido","invocations":1,"location":null,"numPassingAsserts":1,"retryReasons":[],"status":"passed","title":"debe rechazar confirmación con formato inválido"},{"ancestorTitles":["Validation Utils - Tests Consolidados","🏷️ Validación de CVV","✅ Casos Válidos"],"duration":1,"failureDetails":[],"failureMessages":[],"fullName":"Validation Utils - Tests Consolidados 🏷️ Validación de CVV ✅ Casos Válidos debe validar CVV de 3 dígitos","invocations":1,"location":null,"numPassingAsserts":1,"retryReasons":[],"status":"passed","title":"debe validar CVV de 3 dígitos"},{"ancestorTitles":["Validation Utils - Tests Consolidados","🏷️ Validación de CVV","✅ Casos Válidos"],"duration":0,"failureDetails":[],"failureMessages":[],"fullName":"Validation Utils - Tests Consolidados 🏷️ Validación de CVV ✅ Casos Válidos debe validar CVV de 4 dígitos","invocations":1,"location":null,"numPassingAsserts":1,"retryReasons":[],"status":"passed","title":"debe validar CVV de 4 dígitos"},{"ancestorTitles":["Validation Utils - Tests Consolidados","🏷️ Validación de CVV","✅ Casos Válidos"],"duration":1,"failureDetails":[],"failureMessages":[],"fullName":"Validation Utils - Tests Consolidados 🏷️ Validación de CVV ✅ Casos Válidos debe validar CVV con ceros","invocations":1,"location":null,"numPassingAsserts":4,"retryReasons":[],"status":"passed","title":"debe validar CVV con ceros"},{"ancestorTitles":["Validation Utils - Tests Consolidados","🏷️ Validación de CVV","❌ Casos Inválidos"],"duration":0,"failureDetails":[],"failureMessages":[],"fullName":"Validation Utils - Tests Consolidados 🏷️ Validación de CVV ❌ Casos Inválidos debe rechazar CVV vacío","invocations":1,"location":null,"numPassingAsserts":1,"retryReasons":[],"status":"passed","title":"debe rechazar CVV vacío"},{"ancestorTitles":["Validation Utils - Tests Consolidados","🏷️ Validación de CVV","❌ Casos Inválidos"],"duration":1,"failureDetails":[],"failureMessages":[],"fullName":"Validation Utils - Tests Consolidados 🏷️ Validación de CVV ❌ Casos Inválidos debe rechazar CVV null o undefined","invocations":1,"location":null,"numPassingAsserts":2,"retryReasons":[],"status":"passed","title":"debe rechazar CVV null o undefined"},{"ancestorTitles":["Validation Utils - Tests Consolidados","🏷️ Validación de CVV","❌ Casos Inválidos"],"duration":1,"failureDetails":[],"failureMessages":[],"fullName":"Validation Utils - Tests Consolidados 🏷️ Validación de CVV ❌ Casos Inválidos debe rechazar CVV muy corto (menos de 3 dígitos)","invocations":1,"location":null,"numPassingAsserts":1,"retryReasons":[],"status":"passed","title":"debe rechazar CVV muy corto (menos de 3 dígitos)"},{"ancestorTitles":["Validation Utils - Tests Consolidados","🏷️ Validación de CVV","❌ Casos Inválidos"],"duration":1,"failureDetails":[],"failureMessages":[],"fullName":"Validation Utils - Tests Consolidados 🏷️ Validación de CVV ❌ Casos Inválidos debe rechazar CVV muy largo (más de 4 dígitos)","invocations":1,"location":null,"numPassingAsserts":1,"retryReasons":[],"status":"passed","title":"debe rechazar CVV muy largo (más de 4 dígitos)"},{"ancestorTitles":["Validation Utils - Tests Consolidados","🏷️ Validación de CVV","❌ Casos Inválidos"],"duration":0,"failureDetails":[],"failureMessages":[],"fullName":"Validation Utils - Tests Consolidados 🏷️ Validación de CVV ❌ Casos Inválidos debe rechazar CVV con letras","invocations":1,"location":null,"numPassingAsserts":4,"retryReasons":[],"status":"passed","title":"debe rechazar CVV con letras"},{"ancestorTitles":["Validation Utils - Tests Consolidados","🏷️ Validación de CVV","❌ Casos Inválidos"],"duration":1,"failureDetails":[],"failureMessages":[],"fullName":"Validation Utils - Tests Consolidados 🏷️ Validación de CVV ❌ Casos Inválidos debe rechazar CVV con caracteres especiales","invocations":1,"location":null,"numPassingAsserts":4,"retryReasons":[],"status":"passed","title":"debe rechazar CVV con caracteres especiales"},{"ancestorTitles":["Validation Utils - Tests Consolidados","🏷️ Validación de CVV","❌ Casos Inválidos"],"duration":1,"failureDetails":[],"failureMessages":[],"fullName":"Validation Utils - Tests Consolidados 🏷️ Validación de CVV ❌ Casos Inválidos debe rechazar CVV con espacios","invocations":1,"location":null,"numPassingAsserts":1,"retryReasons":[],"status":"passed","title":"debe rechazar CVV con espacios"},{"ancestorTitles":["Validation Utils - Tests Consolidados","💳 Validación de Número de Tarjeta","✅ Casos Válidos"],"duration":0,"failureDetails":[],"failureMessages":[],"fullName":"Validation Utils - Tests Consolidados 💳 Validación de Número de Tarjeta ✅ Casos Válidos debe validar número de tarjeta de 16 dígitos","invocations":1,"location":null,"numPassingAsserts":1,"retryReasons":[],"status":"passed","title":"debe validar número de tarjeta de 16 dígitos"},{"ancestorTitles":["Validation Utils - Tests Consolidados","💳 Validación de Número de Tarjeta","✅ Casos Válidos"],"duration":1,"failureDetails":[],"failureMessages":[],"fullName":"Validation Utils - Tests Consolidados 💳 Validación de Número de Tarjeta ✅ Casos Válidos debe validar número de tarjeta con ceros","invocations":1,"location":null,"numPassingAsserts":1,"retryReasons":[],"status":"passed","title":"debe validar número de tarjeta con ceros"},{"ancestorTitles":["Validation Utils - Tests Consolidados","💳 Validación de Número de Tarjeta","✅ Casos Válidos"],"duration":1,"failureDetails":[],"failureMessages":[],"fullName":"Validation Utils - Tests Consolidados 💳 Validación de Número de Tarjeta ✅ Casos Válidos debe validar número de tarjeta típico de Visa","invocations":1,"location":null,"numPassingAsserts":1,"retryReasons":[],"status":"passed","title":"debe validar número de tarjeta típico de Visa"},{"ancestorTitles":["Validation Utils - Tests Consolidados","💳 Validación de Número de Tarjeta","✅ Casos Válidos"],"duration":1,"failureDetails":[],"failureMessages":[],"fullName":"Validation Utils - Tests Consolidados 💳 Validación de Número de Tarjeta ✅ Casos Válidos debe validar número de tarjeta típico de MasterCard","invocations":1,"location":null,"numPassingAsserts":1,"retryReasons":[],"status":"passed","title":"debe validar número de tarjeta típico de MasterCard"},{"ancestorTitles":["Validation Utils - Tests Consolidados","💳 Validación de Número de Tarjeta","❌ Casos Inválidos"],"duration":0,"failureDetails":[],"failureMessages":[],"fullName":"Validation Utils - Tests Consolidados 💳 Validación de Número de Tarjeta ❌ Casos Inválidos debe rechazar número de tarjeta vacío","invocations":1,"location":null,"numPassingAsserts":1,"retryReasons":[],"status":"passed","title":"debe rechazar número de tarjeta vacío"},{"ancestorTitles":["Validation Utils - Tests Consolidados","💳 Validación de Número de Tarjeta","❌ Casos Inválidos"],"duration":1,"failureDetails":[],"failureMessages":[],"fullName":"Validation Utils - Tests Consolidados 💳 Validación de Número de Tarjeta ❌ Casos Inválidos debe rechazar número de tarjeta null o undefined","invocations":1,"location":null,"numPassingAsserts":2,"retryReasons":[],"status":"passed","title":"debe rechazar número de tarjeta null o undefined"},{"ancestorTitles":["Validation Utils - Tests Consolidados","💳 Validación de Número de Tarjeta","❌ Casos Inválidos"],"duration":0,"failureDetails":[],"failureMessages":[],"fullName":"Validation Utils - Tests Consolidados 💳 Validación de Número de Tarjeta ❌ Casos Inválidos debe rechazar número de tarjeta muy corto","invocations":1,"location":null,"numPassingAsserts":1,"retryReasons":[],"status":"passed","title":"debe rechazar número de tarjeta muy corto"},{"ancestorTitles":["Validation Utils - Tests Consolidados","💳 Validación de Número de Tarjeta","❌ Casos Inválidos"],"duration":0,"failureDetails":[],"failureMessages":[],"fullName":"Validation Utils - Tests Consolidados 💳 Validación de Número de Tarjeta ❌ Casos Inválidos debe rechazar número de tarjeta muy largo","invocations":1,"location":null,"numPassingAsserts":1,"retryReasons":[],"status":"passed","title":"debe rechazar número de tarjeta muy largo"},{"ancestorTitles":["Validation Utils - Tests Consolidados","💳 Validación de Número de Tarjeta","❌ Casos Inválidos"],"duration":0,"failureDetails":[],"failureMessages":[],"fullName":"Validation Utils - Tests Consolidados 💳 Validación de Número de Tarjeta ❌ Casos Inválidos debe rechazar número de tarjeta con letras","invocations":1,"location":null,"numPassingAsserts":1,"retryReasons":[],"status":"passed","title":"debe rechazar número de tarjeta con letras"},{"ancestorTitles":["Validation Utils - Tests Consolidados","💳 Validación de Número de Tarjeta","❌ Casos Inválidos"],"duration":0,"failureDetails":[],"failureMessages":[],"fullName":"Validation Utils - Tests Consolidados 💳 Validación de Número de Tarjeta ❌ Casos Inválidos debe rechazar número de tarjeta con espacios","invocations":1,"location":null,"numPassingAsserts":1,"retryReasons":[],"status":"passed","title":"debe rechazar número de tarjeta con espacios"},{"ancestorTitles":["Validation Utils - Tests Consolidados","💳 Validación de Número de Tarjeta","❌ Casos Inválidos"],"duration":1,"failureDetails":[],"failureMessages":[],"fullName":"Validation Utils - Tests Consolidados 💳 Validación de Número de Tarjeta ❌ Casos Inválidos debe rechazar número de tarjeta con guiones","invocations":1,"location":null,"numPassingAsserts":1,"retryReasons":[],"status":"passed","title":"debe rechazar número de tarjeta con guiones"},{"ancestorTitles":["Validation Utils - Tests Consolidados","💳 Validación de Número de Tarjeta","❌ Casos Inválidos"],"duration":0,"failureDetails":[],"failureMessages":[],"fullName":"Validation Utils - Tests Consolidados 💳 Validación de Número de Tarjeta ❌ Casos Inválidos debe rechazar número de tarjeta con caracteres especiales","invocations":1,"location":null,"numPassingAsserts":4,"retryReasons":[],"status":"passed","title":"debe rechazar número de tarjeta con caracteres especiales"},{"ancestorTitles":["Validation Utils - Tests Consolidados","🎯 Casos Extremos y Edge Cases","📧 Email Edge Cases"],"duration":1,"failureDetails":[],"failureMessages":[],"fullName":"Validation Utils - Tests Consolidados 🎯 Casos Extremos y Edge Cases 📧 Email Edge Cases debe manejar email con máxima longitud permitida","invocations":1,"location":null,"numPassingAsserts":1,"retryReasons":[],"status":"passed","title":"debe manejar email con máxima longitud permitida"},{"ancestorTitles":["Validation Utils - Tests Consolidados","🎯 Casos Extremos y Edge Cases","📧 Email Edge Cases"],"duration":0,"failureDetails":[],"failureMessages":[],"fullName":"Validation Utils - Tests Consolidados 🎯 Casos Extremos y Edge Cases 📧 Email Edge Cases debe manejar email con caracteres Unicode (caso límite)","invocations":1,"location":null,"numPassingAsserts":1,"retryReasons":[],"status":"passed","title":"debe manejar email con caracteres Unicode (caso límite)"},{"ancestorTitles":["Validation Utils - Tests Consolidados","🎯 Casos Extremos y Edge Cases","👤 Nombre Edge Cases"],"duration":0,"failureDetails":[],"failureMessages":[],"fullName":"Validation Utils - Tests Consolidados 🎯 Casos Extremos y Edge Cases 👤 Nombre Edge Cases debe manejar nombre con espacios múltiples consecutivos","invocations":1,"location":null,"numPassingAsserts":1,"retryReasons":[],"status":"passed","title":"debe manejar nombre con espacios múltiples consecutivos"},{"ancestorTitles":["Validation Utils - Tests Consolidados","🎯 Casos Extremos y Edge Cases","👤 Nombre Edge Cases"],"duration":1,"failureDetails":[],"failureMessages":[],"fullName":"Validation Utils - Tests Consolidados 🎯 Casos Extremos y Edge Cases 👤 Nombre Edge Cases debe manejar nombre en el límite exacto de caracteres","invocations":1,"location":null,"numPassingAsserts":1,"retryReasons":[],"status":"passed","title":"debe manejar nombre en el límite exacto de caracteres"},{"ancestorTitles":["Validation Utils - Tests Consolidados","🎯 Casos Extremos y Edge Cases","🔐 Contraseña Edge Cases"],"duration":0,"failureDetails":[],"failureMessages":[],"fullName":"Validation Utils - Tests Consolidados 🎯 Casos Extremos y Edge Cases 🔐 Contraseña Edge Cases debe manejar contraseña en el límite mínimo de complejidad","invocations":1,"location":null,"numPassingAsserts":1,"retryReasons":[],"status":"passed","title":"debe manejar contraseña en el límite mínimo de complejidad"},{"ancestorTitles":["Validation Utils - Tests Consolidados","🎯 Casos Extremos y Edge Cases","🔐 Contraseña Edge Cases"],"duration":0,"failureDetails":[],"failureMessages":[],"fullName":"Validation Utils - Tests Consolidados 🎯 Casos Extremos y Edge Cases 🔐 Contraseña Edge Cases debe manejar contraseña con emojis y caracteres especiales","invocations":1,"location":null,"numPassingAsserts":1,"retryReasons":[],"status":"passed","title":"debe manejar contraseña con emojis y caracteres especiales"},{"ancestorTitles":["Validation Utils - Tests Consolidados","🎯 Casos Extremos y Edge Cases","💳 Tarjeta Edge Cases"],"duration":0,"failureDetails":[],"failureMessages":[],"fullN
[...]
ctoral-app\\__tests__\\unit\\features\\voting\\NotificationDetailScreen.test.js","startTime":1785304872805,"status":"passed","summary":""},{"assertionResults":[{"ancestorTitles":["OfficialPublicationRequestScreen"],"duration":62,"failureDetails":[],"failureMessages":[],"fullName":"OfficialPublicationRequestScreen muestra detalle seguro sin callData ni datos internos","invocations":1,"location":null,"numPassingAsserts":9,"retryReasons":[],"status":"passed","title":"muestra detalle seguro sin callData ni datos internos"},{"ancestorTitles":["OfficialPublicationRequestScreen"],"duration":63,"failureDetails":[],"failureMessages":[],"fullName":"OfficialPublicationRequestScreen abre modal y cancelar no ejecuta requests de firma","invocations":1,"location":null,"numPassingAsserts":3,"retryReasons":[],"status":"passed","title":"abre modal y cancelar no ejecuta requests de firma"},{"ancestorTitles":["OfficialPublicationRequestScreen"],"duration":58,"failureDetails":[],"failureMessages":[],"fullName":"OfficialPublicationRequestScreen muestra error de validacion silenciosa sin login ni ceros falsos","invocations":1,"location":null,"numPassingAsserts":5,"retryReasons":[],"status":"passed","title":"muestra error de validacion silenciosa sin login ni ceros falsos"},{"ancestorTitles":["OfficialPublicationRequestScreen"],"duration":124,"failureDetails":[],"failureMessages":[],"fullName":"OfficialPublicationRequestScreen confirma con claim, signing, wrapper AA, outbox y submission","invocations":1,"location":null,"numPassingAsserts":6,"retryReasons":[],"status":"passed","title":"confirma con claim, signing, wrapper AA, outbox y submission"},{"ancestorTitles":["OfficialPublicationRequestScreen"],"duration":124,"failureDetails":[],"failureMessages":[],"fullName":"OfficialPublicationRequestScreen bloquea envio si el hash canonico no coincide","invocations":1,"location":null,"numPassingAsserts":3,"retryReasons":[],"status":"passed","title":"bloquea envio si el hash canonico no coincide"},{"ancestorTitles":["OfficialPublicationRequestScreen"],"duration":71,"failureDetails":[],"failureMessages":[],"fullName":"OfficialPublicationRequestScreen rechaza sin ejecutar blockchain y deshabilita publicacion con ventana cerrada","invocations":1,"location":null,"numPassingAsserts":4,"retryReasons":[],"status":"passed","title":"rechaza sin ejecutar blockchain y deshabilita publicacion con ventana cerrada"}],"endTime":1785304873950,"message":"","name":"C:\\apps\\electoral-app\\__tests__\\unit\\features\\officialPublication\\OfficialPublicationRequestScreen.test.js","startTime":1785304872739,"status":"passed","summary":""},{"assertionResults":[{"ancestorTitles":["RecordReviewComponents exports"],"duration":1,"failureDetails":[],"failureMessages":[],"fullName":"RecordReviewComponents exports expone componentes principales","invocations":1,"location":null,"numPassingAsserts":6,"retryReasons":[],"status":"passed","title":"expone componentes principales"},{"ancestorTitles":["RecordReviewComponents exports"],"duration":1,"failureDetails":[],"failureMessages":[],"fullName":"RecordReviewComponents exports expone aliases por compatibilidad","invocations":1,"location":null,"numPassingAsserts":6,"retryReasons":[],"status":"passed","title":"expone aliases por compatibilidad"}],"endTime":1785304874462,"message":"","name":"C:\\apps\\electoral-app\\__tests__\\unit\\components\\common\\RecordReviewComponents.test.js","startTime":1785304871484,"status":"passed","summary":""},{"assertionResults":[{"ancestorTitles":["OfficialPublicationNotificationCard"],"duration":54,"failureDetails":[],"failureMessages":[],"fullName":"OfficialPublicationNotificationCard muestra todos los datos oficiales dentro de la notificación y no muestra Revisar solicitud","invocations":1,"location":null,"numPassingAsserts":15,"retryReasons":[],"status":"passed","title":"muestra todos los datos oficiales dentro de la notificación y no muestra Revisar solicitud"},{"ancestorTitles":["OfficialPublicationNotificationCard"],"duration":68,"failureDetails":[],"failureMessages":[],"fullName":"OfficialPublicationNotificationCard solicitud vigente muestra Confirmar publicación y Rechazar","invocations":1,"location":null,"numPassingAsserts":2,"retryReasons":[],"status":"passed","title":"solicitud vigente muestra Confirmar publicación y Rechazar"},{"ancestorTitles":["OfficialPublicationNotificationCard"],"duration":64,"failureDetails":[],"failureMessages":[],"fullName":"OfficialPublicationNotificationCard SUBMITTED queda solo lectura sin acciones","invocations":1,"location":null,"numPassingAsserts":3,"retryReasons":[],"status":"passed","title":"SUBMITTED queda solo lectura sin acciones"},{"ancestorTitles":["OfficialPublicationNotificationCard"],"duration":63,"failureDetails":[],"failureMessages":[],"fullName":"OfficialPublicationNotificationCard COMPLETED queda solo lectura sin acciones","invocations":1,"location":null,"numPassingAsserts":3,"retryReasons":[],"status":"passed","title":"COMPLETED queda solo lectura sin acciones"},{"ancestorTitles":["OfficialPublicationNotificationCard"],"duration":61,"failureDetails":[],"failureMessages":[],"fullName":"OfficialPublicationNotificationCard REJECTED queda solo lectura sin acciones","invocations":1,"location":null,"numPassingAsserts":3,"retryReasons":[],"status":"passed","title":"REJECTED queda solo lectura sin acciones"},{"ancestorTitles":["OfficialPublicationNotificationCard"],"duration":62,"failureDetails":[],"failureMessages":[],"fullName":"OfficialPublicationNotificationCard EXPIRED queda solo lectura sin acciones","invocations":1,"location":null,"numPassingAsserts":3,"retryReasons":[],"status":"passed","title":"EXPIRED queda solo lectura sin acciones"},{"ancestorTitles":["OfficialPublicationNotificationCard"],"duration":62,"failureDetails":[],"failureMessages":[],"fullName":"OfficialPublicationNotificationCard FAILED_FINAL queda solo lectura sin acciones","invocations":1,"location":null,"numPassingAsserts":3,"retryReasons":[],"status":"passed","title":"FAILED_FINAL queda solo lectura sin acciones"},{"ancestorTitles":["OfficialPublicationNotificationCard"],"duration":60,"failureDetails":[],"failureMessages":[],"fullName":"OfficialPublicationNotificationCard NEEDS_REVIEW queda solo lectura sin acciones","invocations":1,"location":null,"numPassingAsserts":3,"retryReasons":[],"status":"passed","title":"NEEDS_REVIEW queda solo lectura sin acciones"},{"ancestorTitles":["OfficialPublicationNotificationCard"],"duration":63,"failureDetails":[],"failureMessages":[],"fullName":"OfficialPublicationNotificationCard solicitud expirada no muestra acciones y muestra mensaje funcional","invocations":1,"location":null,"numPassingAsserts":4,"retryReasons":[],"status":"passed","title":"solicitud expirada no muestra acciones y muestra mensaje funcional"},{"ancestorTitles":["OfficialPublicationNotificationCard"],"duration":4,"failureDetails":[],"failureMessages":[],"fullName":"OfficialPublicationNotificationCard abrir la tarjeta no ejecuta claim","invocations":1,"location":null,"numPassingAsserts":3,"retryReasons":[],"status":"passed","title":"abrir la tarjeta no ejecuta claim"},{"ancestorTitles":["OfficialPublicationNotificationCard"],"duration":121,"failureDetails":[],"failureMessages":[],"fullName":"OfficialPublicationNotificationCard confirmar ejecuta claim una sola vez y espera confirmación explícita para firmar","invocations":1,"location":null,"numPassingAsserts":4,"retryReasons":[],"status":"passed","title":"confirmar ejecuta claim una sola vez y espera confirmación explícita para firmar"},{"ancestorTitles":["OfficialPublicationNotificationCard"],"duration":188,"failureDetails":[],"failureMessages":[],"fullName":"OfficialPublicationNotificationCard firma desde notificaciones y no muestra blockchain antes de /submission","invocations":1,"location":null,"numPassingAsserts":4,"retryReasons":[],"status":"passed","title":"firma desde notificaciones y no muestra blockchain antes de /submission"},{"ancestorTitles":["OfficialPublicationNotificationCard"],"duration":189,"failureDetails":[],"failureMessages":[],"fullName":"OfficialPublicationNotificationCard error de sendUserOperation es visible y no envía submission sin userOpHash","invocations":1,"location":null,"numPassingAsserts":2,"retryReasons":[],"status":"passed","title":"error de sendUserOperation es visible y no envía submission sin userOpHash"},{"ancestorTitles":["OfficialPublicationNotificationCard"],"duration":187,"failureDetails":[],"failureMessages":[],"fullName":"OfficialPublicationNotificationCard no envía submission si la firma no devuelve userOpHash","invocations":1,"location":null,"numPassingAsserts":2,"retryReasons":[],"status":"passed","title":"no envía submission si la firma no devuelve userOpHash"},{"ancestorTitles":["OfficialPublicationNotificationCard"],"duration":1,"failureDetails":[],"failureMessages":[],"fullName":"OfficialPublicationNotificationCard formatea TVD en unidades humanas desde decimal y hexadecimal","invocations":1,"location":null,"numPassingAsserts":3,"retryReasons":[],"status":"passed","title":"formatea TVD en unidades humanas desde decimal y hexadecimal"},{"ancestorTitles":["OfficialPublicationNotificationCard"],"duration":62,"failureDetails":[],"failureMessages":[],"fullName":"OfficialPublicationNotificationCard no muestra valores falsos en cero cuando falla la carga autoritativa","invocations":1,"location":null,"numPassingAsserts":4,"retryReasons":[],"status":"passed","title":"no muestra valores falsos en cero cuando falla la carga autoritativa"}],"endTime":1785304874523,"message":"","name":"C:\\apps\\electoral-app\\__tests__\\unit\\features\\officialPublication\\OfficialPublicationNotificationCard.test.js","startTime":1785304872718,"status":"passed","summary":""},{"assertionResults":[{"ancestorTitles":["Notification routing helpers"],"duration":1,"failureDetails":[],"failureMessages":[],"fullName":"Notification routing helpers clasifica correctamente notificaciones de publicacion de votacion y resultados","invocations":1,"location":null,"numPassingAsserts":2,"retryReasons":[],"status":"passed","title":"clasifica correctamente notificaciones de publicacion de votacion y resultados"},{"ancestorTitles":["Notification routing helpers"],"duration":0,"failureDetails":[],"failureMessages":[],"fullName":"Notification routing helpers mapea previews de resultados para el detalle de notificacion","invocations":1,"location":null,"numPassingAsserts":1,"retryReasons":[],"status":"passed","title":"mapea previews de resultados para el detalle de notificacion"},{"ancestorTitles":["Notification routing helpers"],"duration":1,"failureDetails":[],"failureMessages":[],"fullName":"Notification routing helpers para convocatorias muestra solo el titulo de la eleccion en el cuerpo secundario","invocations":1,"location":null,"numPassingAsserts":2,"retryReasons":[],"status":"passed","title":"para convocatorias muestra solo el titulo de la eleccion en el cuerpo secundario"},{"ancestorTitles":["Notification routing helpers"],"duration":0,"failureDetails":[],"failureMessages":[],"fullName":"Notification routing helpers navega al detalle de voting cuando la notificacion es de publicacion o resultados","invocations":1,"location":null,"numPassingAsserts":1,"retryReasons":[],"status":"passed","title":"navega al detalle de voting cuando la notificacion es de publicacion o resultados"},{"ancestorTitles":["Notification routing helpers"],"duration":0,"failureDetails":[],"failureMessages":[],"fullName":"Notification routing helpers navega al mismo detalle voting cuando llega una modificacion de cronograma","invocations":1,"location":null,"numPassingAsserts":1,"retryReasons":[],"status":"passed","title":"navega al mismo detalle voting cuando llega una modificacion de cronograma"},{"ancestorTitles":["Notification routing helpers"],"duration":0,"failureDetails":[],"failureMessages":[],"fullName":"Notification routing helpers soporta tipos institucionales reales de revision, publicacion, noticias y habilitacion","invocations":1,"location":null,"numPassingAsserts":9,"retryReasons":[],"status":"passed","title":"soporta tipos institucionales reales de revision, publicacion, noticias y habilitacion"},{"ancestorTitles":["Notification routing helpers"],"duration":1,"failureDetails":[],"failureMessages":[],"fullName":"Notification routing helpers mantiene INSTITUTIONAL_VOTING_CANCELLED en detalle institucional y no WebView","invocations":1,"location":null,"numPassingAsserts":4,"retryReasons":[],"status":"passed","title":"mantiene INSTITUTIONAL_VOTING_CANCELLED en detalle institucional y no WebView"},{"ancestorTitles":["Notification routing helpers"],"duration":0,"failureDetails":[{"matcherResult":{"actual":null,"expected":{"name":"VotingNotificationDetailScreen","params":{"notification":{"kind":"voting_event","data":{"type":"OFFICIAL_PUBLICATION_REQUEST","requestId":"request-1","route":"OfficialPublicationRequest"}}}},"message":"expect(received).toEqual(expected) // deep equality\n\nExpected: {\"name\": \"VotingNotificationDetailScreen\", \"params\": {\"notification\": {\"data\": {\"requestId\": \"request-1\", \"route\": \"OfficialPublicationRequest\", \"type\": \"OFFICIAL_PUBLICATION_REQUEST\"}, \"kind\": \"voting_event\"}}}\nReceived: null","name":"toEqual","pass":false}}],"failureMessages":["Error: expect(received).toEqual(expected) // deep equality\n\nExpected: {\"name\": \"VotingNotificationDetailScreen\", \"params\": {\"notification\": {\"data\": {\"requestId\": \"request-1\", \"route\": \"OfficialPublicationRequest\", \"type\": \"OFFICIAL_PUBLICATION_REQUEST\"}, \"kind\": \"voting_event\"}}}\nReceived: null\n    at Object.toEqual (C:\\apps\\electoral-app\\__tests__\\unit\\containers\\TabBar\\Home\\Notification.routing.test.js:220:87)\n    at Promise.then.completed (C:\\apps\\electoral-app\\node_modules\\jest-circus\\build\\utils.js:298:28)\n    at new Promise (<anonymous>)\n    at callAsyncCircusFn (C:\\apps\\electoral-app\\node_modules\\jest-circus\\build\\utils.js:231:10)\n    at _callCircusTest (C:\\apps\\electoral-app\\node_modules\\jest-circus\\build\\run.js:316:40)\n    at processTicksAndRejections (node:internal/process/task_queues:105:5)\n    at _runTest (C:\\apps\\electoral-app\\node_modules\\jest-circus\\build\\run.js:252:3)\n    at _runTestsForDescribeBlock (C:\\apps\\electoral-app\\node_modules\\jest-circus\\build\\run.js:126:9)\n    at _runTestsForDescribeBlock (C:\\apps\\electoral-app\\node_modules\\jest-circus\\build\\run.js:121:9)\n    at run (C:\\apps\\electoral-app\\node_modules\\jest-circus\\build\\run.js:71:3)\n    at runAndTransformResultsToJestFormat (C:\\apps\\electoral-app\\node_modules\\jest-circus\\build\\legacy-code-todo-rewrite\\jestAdapterInit.js:122:21)\n    at jestAdapter (C:\\apps\\electoral-app\\node_modules\\jest-circus\\build\\legacy-code-todo-rewrite\\jestAdapter.js:79:19)\n    at runTestInternal (C:\\apps\\electoral-app\\node_modules\\jest-runner\\build\\runTest.js:367:16)\n    at runTest (C:\\apps\\electoral-app\\node_modules\\jest-runner\\build\\runTest.js:444:34)\n    at Object.worker (C:\\apps\\electoral-app\\node_modules\\jest-runner\\build\\testWorker.js:106:12)"],"fullName":"Notification routing helpers navega solicitud de publicacion oficial al detalle sin exponer calldata","invocations":1,"location":null,"numPassingAsserts":0,"retryReasons":[],"status":"failed","title":"navega solicitud de publicacion oficial al detalle sin exponer calldata"},{"ancestorTitles":["Notification routing helpers"],"duration":0,"failureDetails":[],"failureMessages":[],"fullName":"Notification routing helpers navega recordatorio institucional INSTITUTIONAL_VOTING_STARTS_IN_1H al detalle de votacion","invocations":1,"location":null,"numPassingAsserts":1,"retryReasons":[],"status":"passed","title":"navega recordatorio institucional INSTITUTIONAL_VOTING_STARTS_IN_1H al detalle de votacion"},{"ancestorTitles":["Notification routing helpers"],"duration":0,"failureDetails":[],"failureMessages":[],"fullName":"Notification routing helpers navega recordatorio institucional INSTITUTIONAL_VOTING_STARTS_IN_15M al detalle de votacion","invocations":1,"location":null,"numPassingAsserts":1,"retryReasons":[],"status":"passed","title":"navega recordatorio institucional INSTITUTIONAL_VOTING_STARTS_IN_15M al detalle de votacion"},{"ancestorTitles":["Notification routing helpers"],"duration":0,"failureDetails":[],"failureMessages":[],"fullName":"Notification routing helpers navega recordatorio institucional INSTITUTIONAL_VOTING_ENDS_IN_1H al detalle de votacion","invocations":1,"location":null,"numPassingAsserts":1,"retryReasons":[],"status":"passed","title":"navega recordatorio institucional INSTITUTIONAL_VOTING_ENDS_IN_1H al detalle de votacion"},{"ancestorTitles":["Notification routing helpers"],"duration":0,"failureDetails":[],"failureMessages":[],"fullName":"Notification routing helpers navega recordatorio institucional INSTITUTIONAL_VOTING_ENDS_IN_15M al detalle de votacion","invocations":1,"location":null,"numPassingAsserts":1,"retryReasons":[],"status":"passed","title":"navega recordatorio institucional INSTITUTIONAL_VOTING_ENDS_IN_15M al detalle de votacion"},{"ancestorTitles":["Notification routing helpers"],"duration":1,"failureDetails":[],"failureMessages":[],"fullName":"Notification routing helpers redirige worksheet_uploaded al home sin navegar a pantallas erradas","invocations":1,"location":null,"numPassingAsserts":1,"retryReasons":[],"status":"passed","title":"redirige worksheet_uploaded al home sin navegar a pantallas erradas"},{"ancestorTitles":["Notification routing helpers"],"duration":0,"failureDetails":[],"failureMessages":[],"fullName":"Notification routing helpers construye payload robusto para SuccessScreen aunque routeParams venga incompleto","invocations":1,"location":null,"numPassingAsserts":1,"retryReasons":[],"status":"passed","title":"construye payload robusto para SuccessScreen aunque routeParams venga incompleto"},{"ancestorTitles":["Notification routing helpers"],"duration":0,"failureDetails":[],"failureMessages":[],"fullName":"Notification routing helpers evita navegacion cuando el payload trae una pantalla invalida o routeParams malformado","invocations":1,"location":null,"numPassingAsserts":2,"retryReasons":[],"status":"passed","title":"evita navegacion cuando el payload trae una pantalla invalida o routeParams malformado"}],"endTime":1785304874617,"message":"  ● Notification routing helpers › navega solicitud de publicacion oficial al detalle sin exponer calldata\n\n    expect(received).toEqual(expected) // deep equality\n\n    Expected: {\"name\": \"VotingNotificationDetailScreen\", \"params\": {\"notification\": {\"data\": {\"requestId\": \"request-1\", \"route\": \"OfficialPublicationRequest\", \"type\": \"OFFICIAL_PUBLICATION_REQUEST\"}, \"kind\": \"voting_event\"}}}\n    Received: null\n\n    \u001b[0m \u001b[90m 218 |\u001b[39m     }\u001b[33m;\u001b[39m\n     \u001b[90m 219 |\u001b[39m\n    \u001b[31m\u001b[1m>\u001b[22m\u001b[39m\u001b[90m 220 |\u001b[39m     expect(buildNotificationNavigationTarget(notification\u001b[33m,\u001b[39m {enableVotingFlow\u001b[33m:\u001b[39m \u001b[36mtrue\u001b[39m}))\u001b[33m.\u001b[39mtoEqual({\n     \u001b[90m     |\u001b[39m                                                                                       \u001b[31m\u001b[1m^\u001b[22m\u001b[39m\n     \u001b[90m 221 |\u001b[39m       name\u001b[33m:\u001b[39m \u001b[32m'VotingNotificationDetailScreen'\u001b[39m\u001b[33m,\u001b[39m\n     \u001b[90m 222 |\u001b[39m       params\u001b[33m:\u001b[39m {notification}\u001b[33m,\u001b[39m\n     \u001b[90m 223 |\u001b[39m     })\u001b[33m;\u001b[39m\u001b[0m\n\n      at Object.toEqual (__tests__/unit/containers/TabBar/Home/Notification.routing.test.js:220:87)\n","name":"C:\\apps\\electoral-app\\__tests__\\unit\\containers\\TabBar\\Home\\Notification.routing.test.js","startTime":1785304872572,"status":"failed","summary":""}],"wasInterrupted":false}
