{"numFailedTestSuites":1,"numFailedTests":1,"numPassedTestSuites":138,"numPassedTests":1164,"numPendingTestSuites":0,"numPendingTests":0,"numRuntimeErrorTestSuites":0,"numTodoTests":0,"numTotalTestSuites":139,"numTotalTests":1165,"openHandles":[],"snapshot":{"added":0,"didUpdate":false,"failure":false,"filesAdded":0,"filesRemoved":0,"filesRemovedList":[],"filesUnmatched":0,"filesUpdated":0,"matched":0,"total":0,"unchecked":0,"uncheckedKeysByFile":[],"unmatched":0,"updated":0},"startTime":1772053812827,"success":false,"testResults":[{"assertionResults":[{"ancestorTitles":["UploadDocument"],"duration":49,"failureDetails":[],"failureMessages":[],"fullName":"UploadDocument renderiza lista de tipos de documento y controles principales","invocations":1,"location":null,"numPassingAsserts":7,"retryReasons":[],"status":"passed","title":"renderiza lista de tipos de documento y controles principales"},{"ancestorTitles":["UploadDocument"],"duration":7,"failureDetails":[],"failureMessages":[],"fullName":"UploadDocument continua hacia UploadPhotoId","invocations":1,"location":null,"numPassingAsserts":1,"retryReasons":[],"status":"passed","title":"continua hacia UploadPhotoId"},{"ancestorTitles":["UploadDocument"],"duration":12,"failureDetails":[],"failureMessages":[],"fullName":"UploadDocument permite seleccionar un tipo de documento antes de continuar","invocations":1,"location":null,"numPassingAsserts":1,"retryReasons":[],"status":"passed","title":"permite seleccionar un tipo de documento antes de continuar"}],"endTime":1772053815447,"message":"","name":"C:\\apps\\electoral-app\\__tests__\\unit\\containers\\Auth\\UploadDocument.test.js","startTime":1772053813710,"status":"passed","summary":""},{"assertionResults":[{"ancestorTitles":["GuardiansAdmin Screen","Renderizado"],"duration":74,"failureDetails":[],"failureMessages":[],"fullName":"GuardiansAdmin Screen Renderizado renderiza el contenedor principal","invocations":1,"location":null,"numPassingAsserts":1,"retryReasons":[],"status":"passed","title":"renderiza el contenedor principal"},{"ancestorTitles":["GuardiansAdmin Screen","Renderizado"],"duration":8,"failureDetails":[],"failureMessages":[],"fullName":"GuardiansAdmin Screen Renderizado renderiza el header","invocations":1,"location":null,"numPassingAsserts":1,"retryReasons":[],"status":"passed","title":"renderiza el header"},{"ancestorTitles":["GuardiansAdmin Screen","Renderizado"],"duration":7,"failureDetails":[],"failureMessages":[],"fullName":"GuardiansAdmin Screen Renderizado renderiza el keyboard wrapper","invocations":1,"location":null,"numPassingAsserts":1,"retryReasons":[],"status":"passed","title":"renderiza el keyboard wrapper"},{"ancestorTitles":["GuardiansAdmin Screen","Sección de Invitaciones"],"duration":6,"failureDetails":[],"failureMessages":[],"fullName":"GuardiansAdmin Screen Sección de Invitaciones renderiza el título de invitaciones","invocations":1,"location":null,"numPassingAsserts":1,"retryReasons":[],"status":"passed","title":"renderiza el título de invitaciones"},{"ancestorTitles":["GuardiansAdmin Screen","Sección de Invitaciones"],"duration":8,"failureDetails":[],"failureMessages":[],"fullName":"GuardiansAdmin Screen Sección de Invitaciones renderiza la lista de invitaciones","invocations":1,"location":null,"numPassingAsserts":1,"retryReasons":[],"status":"passed","title":"renderiza la lista de invitaciones"},{"ancestorTitles":["GuardiansAdmin Screen","Sección de Invitaciones"],"duration":7,"failureDetails":[],"failureMessages":[],"fullName":"GuardiansAdmin Screen Sección de Invitaciones renderiza items de invitación","invocations":1,"location":null,"numPassingAsserts":1,"retryReasons":[],"status":"passed","title":"renderiza items de invitación"},{"ancestorTitles":["GuardiansAdmin Screen","Sección de Recuperaciones"],"duration":6,"failureDetails":[],"failureMessages":[],"fullName":"GuardiansAdmin Screen Sección de Recuperaciones renderiza el título de recuperaciones","invocations":1,"location":null,"numPassingAsserts":1,"retryReasons":[],"status":"passed","title":"renderiza el título de recuperaciones"},{"ancestorTitles":["GuardiansAdmin Screen","Sección de Recuperaciones"],"duration":9,"failureDetails":[],"failureMessages":[],"fullName":"GuardiansAdmin Screen Sección de Recuperaciones renderiza la lista de recuperaciones","invocations":1,"location":null,"numPassingAsserts":1,"retryReasons":[],"status":"passed","title":"renderiza la lista de recuperaciones"},{"ancestorTitles":["GuardiansAdmin Screen","Sección de Recuperaciones"],"duration":7,"failureDetails":[],"failureMessages":[],"fullName":"GuardiansAdmin Screen Sección de Recuperaciones renderiza items de recuperación","invocations":1,"location":null,"numPassingAsserts":1,"retryReasons":[],"status":"passed","title":"renderiza items de recuperación"},{"ancestorTitles":["GuardiansAdmin Screen","Acciones de Invitación"],"duration":10,"failureDetails":[],"failureMessages":[],"fullName":"GuardiansAdmin Screen Acciones de Invitación llama a aceptar invitación al presionar el botón","invocations":1,"location":null,"numPassingAsserts":1,"retryReasons":[],"status":"passed","title":"llama a aceptar invitación al presionar el botón"},{"ancestorTitles":["GuardiansAdmin Screen","Acciones de Invitación"],"duration":7,"failureDetails":[],"failureMessages":[],"fullName":"GuardiansAdmin Screen Acciones de Invitación llama a rechazar invitación al presionar el botón","invocations":1,"location":null,"numPassingAsserts":1,"retryReasons":[],"status":"passed","title":"llama a rechazar invitación al presionar el botón"},{"ancestorTitles":["GuardiansAdmin Screen","Acciones de Recuperación"],"duration":7,"failureDetails":[],"failureMessages":[],"fullName":"GuardiansAdmin Screen Acciones de Recuperación llama a aprobar recuperación al presionar el botón","invocations":1,"location":null,"numPassingAsserts":1,"retryReasons":[],"status":"passed","title":"llama a aprobar recuperación al presionar el botón"},{"ancestorTitles":["GuardiansAdmin Screen","Acciones de Recuperación"],"duration":7,"failureDetails":[],"failureMessages":[],"fullName":"GuardiansAdmin Screen Acciones de Recuperación llama a rechazar recuperación al presionar el botón","invocations":1,"location":null,"numPassingAsserts":1,"retryReasons":[],"status":"passed","title":"llama a rechazar recuperación al presionar el botón"},{"ancestorTitles":["GuardiansAdmin Screen","Modal de Información"],"duration":15,"failureDetails":[],"failureMessages":[],"fullName":"GuardiansAdmin Screen Modal de Información abre el modal al presionar el menú de un guardián","invocations":1,"location":null,"numPassingAsserts":1,"retryReasons":[],"status":"passed","title":"abre el modal al presionar el menú de un guardián"},{"ancestorTitles":["GuardiansAdmin Screen","Estado Vacío"],"duration":3,"failureDetails":[],"failureMessages":[],"fullName":"GuardiansAdmin Screen Estado Vacío maneja listas vacías correctamente","invocations":1,"location":null,"numPassingAsserts":1,"retryReasons":[],"status":"passed","title":"maneja listas vacías correctamente"},{"ancestorTitles":["GuardiansAdmin Screen","Estado de Carga"],"duration":3,"failureDetails":[],"failureMessages":[],"fullName":"GuardiansAdmin Screen Estado de Carga muestra indicador de carga cuando está cargando","invocations":1,"location":null,"numPassingAsserts":1,"retryReasons":[],"status":"passed","title":"muestra indicador de carga cuando está cargando"}],"endTime":1772053815511,"message":"","name":"C:\\apps\\electoral-app\\__tests__\\unit\\containers\\TabBar\\Guardians\\GuardiansAdmin.test.js","startTime":1772053813662,"status":"passed","summary":""},{"assertionResults":[{"ancestorTitles":["OnBoardingGuardians"],"duration":41,"failureDetails":[],"failureMessages":[],"fullName":"OnBoardingGuardians al omitir regresa con goBack","invocations":1,"location":null,"numPassingAsserts":1,"retryReasons":[],"status":"passed","title":"al omitir regresa con goBack"}],"endTime":1772053815824,"message":"","name":"C:\\apps\\electoral-app\\__tests__\\unit\\containers\\Auth\\OnBoardingGuardians.test.js","startTime":1772053813691,"status":"passed","summary":""},{"assertionResults":[{"ancestorTitles":["CLoader component","Renderizado"],"duration":574,"failureDetails":[],"failureMessages":[],"fullName":"CLoader component Renderizado renderiza cuando la pantalla está enfocada","invocations":1,"location":null,"numPassingAsserts":1,"retryReasons":[],"status":"passed","title":"renderiza cuando la pantalla está enfocada"},{"ancestorTitles":["CLoader component","Renderizado"],"duration":48,"failureDetails":[],"failureMessages":[],"fullName":"CLoader component Renderizado no renderiza contenido cuando la pantalla no está enfocada","invocations":1,"location":null,"numPassingAsserts":3,"retryReasons":[],"status":"passed","title":"no renderiza contenido cuando la pantalla no está enfocada"},{"ancestorTitles":["CLoader component","Estado de Focus"],"duration":68,"failureDetails":[],"failureMessages":[],"fullName":"CLoader component Estado de Focus muestra el loader cuando isFocused es true","invocations":1,"location":null,"numPassingAsserts":1,"retryReasons":[],"status":"passed","title":"muestra el loader cuando isFocused es true"},{"ancestorTitles":["CLoader component","Estado de Focus"],"duration":71,"failureDetails":[],"failureMessages":[],"fullName":"CLoader component Estado de Focus oculta el loader cuando isFocused es false","invocations":1,"location":null,"numPassingAsserts":3,"retryReasons":[],"status":"passed","title":"oculta el loader cuando isFocused es false"},{"ancestorTitles":["CLoader component","Memoization"],"duration":68,"failureDetails":[],"failureMessages":[],"fullName":"CLoader component Memoization está memoizado con React.memo","invocations":1,"location":null,"numPassingAsserts":1,"retryReasons":[],"status":"passed","title":"está memoizado con React.memo"}],"endTime":1772053816051,"message":"","name":"C:\\apps\\electoral-app\\__tests__\\unit\\components\\common\\CLoader.test.js","startTime":1772053813740,"status":"passed","summary":""},{"assertionResults":[{"ancestorTitles":["CameraScreen - Manejo de Errores"],"duration":703,"failureDetails":[],"failureMessages":[],"fullName":"CameraScreen - Manejo de Errores muestra alerta cuando la captura falla","invocations":1,"location":null,"numPassingAsserts":1,"retryReasons":[],"status":"passed","title":"muestra alerta cuando la captura falla"},{"ancestorTitles":["CameraScreen - Manejo de Errores"],"duration":25,"failureDetails":[],"failureMessages":[],"fullName":"CameraScreen - Manejo de Errores resetea el estado al enfocar la pantalla","invocations":1,"location":null,"numPassingAsserts":4,"retryReasons":[],"status":"passed","title":"resetea el estado al enfocar la pantalla"},{"ancestorTitles":["CameraScreen - Manejo de Errores"],"duration":6,"failureDetails":[],"failureMessages":[],"fullName":"CameraScreen - Manejo de Errores muestra mensaje cuando no hay dispositivo de cámara","invocations":1,"location":null,"numPassingAsserts":1,"retryReasons":[],"status":"passed","title":"muestra mensaje cuando no hay dispositivo de cámara"}],"endTime":1772053816046,"message":"","name":"C:\\apps\\electoral-app\\__tests__\\unit\\containers\\CameraScreen.test\\CameraScreen.ErrorManagement.test.js","startTime":1772053813652,"status":"passed","summary":""},{"assertionResults":[{"ancestorTitles":["CameraScreen - Renderizado"],"duration":305,"failureDetails":[],"failureMessages":[],"fullName":"CameraScreen - Renderizado muestra mensaje cuando no hay dispositivo o permisos","invocations":1,"location":null,"numPassingAsserts":1,"retryReasons":[],"status":"passed","title":"muestra mensaje cuando no hay dispositivo o permisos"},{"ancestorTitles":["CameraScreen - Renderizado"],"duration":405,"failureDetails":[],"failureMessages":[],"fullName":"CameraScreen - Renderizado muestra botón de captura con estados dinámicos","invocations":1,"location":null,"numPassingAsserts":3,"retryReasons":[],"status":"passed","title":"muestra botón de captura con estados dinámicos"}],"endTime":1772053816062,"message":"","name":"C:\\apps\\electoral-app\\__tests__\\unit\\containers\\CameraScreen.test\\CameraScreen.Renderize.test.js","startTime":1772053813656,"status":"passed","summary":""},{"assertionResults":[{"ancestorTitles":["CameraScreen - Estados y Props"],"duration":293,"failureDetails":[],"failureMessages":[],"fullName":"CameraScreen - Estados y Props solicita permiso de cámara cuando no está concedido","invocations":1,"location":null,"numPassingAsserts":1,"retryReasons":[],"status":"passed","title":"solicita permiso de cámara cuando no está concedido"},{"ancestorTitles":["CameraScreen - Estados y Props"],"duration":443,"failureDetails":[],"failureMessages":[],"fullName":"CameraScreen - Estados y Props captura foto y muestra controles de análisis","invocations":1,"location":null,"numPassingAsserts":4,"retryReasons":[],"status":"passed","title":"captura foto y muestra controles de análisis"},{"ancestorTitles":["CameraScreen - Estados y Props"],"duration":79,"failureDetails":[],"failureMessages":[],"fullName":"CameraScreen - Estados y Props ejecuta análisis y navega con resultados mapeados","invocations":1,"location":null,"numPassingAsserts":4,"retryReasons":[],"status":"passed","title":"ejecuta análisis y navega con resultados mapeados"}],"endTime":1772053816168,"message":"","name":"C:\\apps\\electoral-app\\__tests__\\unit\\containers\\CameraScreen.test\\CameraScreen.StatesNprops.test.js","startTime":1772053813674,"status":"passed","summary":""},{"assertionResults":[{"ancestorTitles":["CameraScreen - Interacciones de Usuario"],"duration":750,"failureDetails":[],"failureMessages":[],"fullName":"CameraScreen - Interacciones de Usuario permite tomar nueva foto reiniciando la cámara","invocations":1,"location":null,"numPassingAsserts":3,"retryReasons":[],"status":"passed","title":"permite tomar nueva foto reiniciando la cámara"},{"ancestorTitles":["CameraScreen - Interacciones de Usuario"],"duration":72,"failureDetails":[],"failureMessages":[],"fullName":"CameraScreen - Interacciones de Usuario navega al flujo offline cuando no hay conexión","invocations":1,"location":null,"numPassingAsserts":2,"retryReasons":[],"status":"passed","title":"navega al flujo offline cuando no hay conexión"},{"ancestorTitles":["CameraScreen - Interacciones de Usuario"],"duration":63,"failureDetails":[],"failureMessages":[],"fullName":"CameraScreen - Interacciones de Usuario muestra modal de error cuando análisis falla","invocations":1,"location":null,"numPassingAsserts":2,"retryReasons":[],"status":"passed","title":"muestra modal de error cuando análisis falla"}],"endTime":1772053816243,"message":"","name":"C:\\apps\\electoral-app\\__tests__\\unit\\containers\\CameraScreen.test\\CameraScreen.UserInteractions.test.js","startTime":1772053813666,"status":"passed","summary":""},{"assertionResults":[{"ancestorTitles":["HomeScreen - enrutamiento de Enviar Acta"],"duration":283,"failureDetails":[],"failureMessages":[],"fullName":"HomeScreen - enrutamiento de Enviar Acta si hay internet, Enviar Acta Alcalde dirige a ElectoralLocations","invocations":1,"location":null,"numPassingAsserts":2,"retryReasons":[],"status":"passed","title":"si hay internet, Enviar Acta Alcalde dirige a ElectoralLocations"},{"ancestorTitles":["HomeScreen - enrutamiento de Enviar Acta"],"duration":136,"failureDetails":[],"failureMessages":[],"fullName":"HomeScreen - enrutamiento de Enviar Acta si no hay internet y existe recinto cacheado, dirige a UnifiedParticipationScreen offline","invocations":1,"location":null,"numPassingAsserts":2,"retryReasons":[],"status":"passed","title":"si no hay internet y existe recinto cacheado, dirige a UnifiedParticipationScreen offline"},{"ancestorTitles":["HomeScreen - enrutamiento de Enviar Acta"],"duration":131,"failureDetails":[],"failureMessages":[],"fullName":"HomeScreen - enrutamiento de Enviar Acta si no hay internet y no existe recinto cacheado, muestra modal de advertencia","invocations":1,"location":null,"numPassingAsserts":4,"retryReasons":[],"status":"passed","title":"si no hay internet y no existe recinto cacheado, muestra modal de advertencia"}],"endTime":1772053816750,"message":"","name":"C:\\apps\\electoral-app\\__tests__\\unit\\containers\\TabBar\\Home\\HomeScreen.participationRouting.test.js","startTime":1772053813707,"status":"passed","summary":""},{"assertionResults":[{"ancestorTitles":["UnifiedTableScreen - Tests de Interacción del Usuario","3. Tests de Interacción del Usuario","3.1 Navegación"],"duration":16,"failureDetails":[],"failureMessages":[],"fullName":"UnifiedTableScreen - Tests de Interacción del Usuario 3. Tests de Interacción del Usuario 3.1 Navegación debe navegar hacia atrás al presionar el botón back","invocations":1,"location":null,"numPassingAsserts":1,"retryReasons":[],"status":"passed","title":"debe navegar hacia atrás al presionar el botón back"},{"ancestorTitles":["UnifiedTableScreen - Tests de Interacción del Usuario","3. Tests de Interacción del Usuario","3.1 Navegación"],"duration":5,"failureDetails":[],"failureMessages":[],"fullName":"UnifiedTableScreen - Tests de Interacción del Usuario 3. Tests de Interacción del Usuario 3.1 Navegación debe manejar notificaciones cuando se presiona el botón","invocations":1,"location":null,"numPassingAsserts":1,"retryReasons":[],"status":"passed","title":"debe manejar notificaciones cuando se presiona el botón"},{"ancestorTitles":["UnifiedTableScreen - Tests de Interacción del Usuario","3. Tests de Interacción del Usuario","3.1 Navegación"],"duration":4,"failureDetails":[],"failureMessages":[],"fullName":"UnifiedTableScreen - Tests de Interacción del Usuario 3. Tests de Interacción del Usuario 3.1 Navegación debe navegar al home cuando se presiona el botón","invocations":1,"location":null,"numPassingAsserts":1,"retryReasons":[],"status":"passed","title":"debe navegar al home cuando se presiona el botón"},{"ancestorTitles":["UnifiedTableScreen - Tests de Interacción del Usuario","3. Tests de Interacción del Usuario","3.1 Navegación"],"duration":4,"failureDetails":[],"failureMessages":[],"fullName":"UnifiedTableScreen - Tests de Interacción del Usuario 3. Tests de Interacción del Usuario 3.1 Navegación debe navegar al perfil cuando se presiona el botón","invocations":1,"location":null,"numPassingAsserts":1,"retryReasons":[],"status":"passed","title":"debe navegar al perfil cuando se presiona el botón"},{"ancestorTitles":["UnifiedTableScreen - Tests de Interacción del Usuario","3. Tests de Interacción del Usuario","3.2 Búsqueda"],"duration":11,"failureDetails":[],"failureMessages":[],"fullName":"UnifiedTableScreen - Tests de Interacción del Usuario 3. Tests de Interacción del Usuario 3.2 Búsqueda debe actualizar texto de búsqueda cuando cambia el input","invocations":1,"location":null,"numPassingAsserts":1,"retryReasons":[],"status":"passed","title":"debe actualizar texto de búsqueda cuando cambia el input"},{"ancestorTitles":["UnifiedTableScreen - Tests de Interacción del Usuario","3. Tests de Interacción del Usuario","3.2 Búsqueda"],"duration":5,"failureDetails":[],"failureMessages":[],"fullName":"UnifiedTableScreen - Tests de Interacción del Usuario 3. Tests de Interacción del Usuario 3.2 Búsqueda debe mostrar valor actual de búsqueda en el input","invocations":1,"location":null,"numPassingAsserts":1,"retryReasons":[],"status":"passed","title":"debe mostrar valor actual de búsqueda en el input"},{"ancestorTitles":["UnifiedTableScreen - Tests de Interacción del Usuario","3. Tests de Interacción del Usuario","3.2 Búsqueda"],"duration":3,"failureDetails":[],"failureMessages":[],"fullName":"UnifiedTableScreen - Tests de Interacción del Usuario 3. Tests de Interacción del Usuario 3.2 Búsqueda debe mostrar placeholder correcto en el input","invocations":1,"location":null,"numPassingAsserts":1,"retryReasons":[],"status":"passed","title":"debe mostrar placeholder correcto en el input"},{"ancestorTitles":["UnifiedTableScreen - Tests de Interacción del Usuario","3. Tests de Interacción del Usuario","3.3 Selección de Mesa"],"duration":66,"failureDetails":[],"failureMessages":[],"fullName":"UnifiedTableScreen - Tests de Interacción del Usuario 3. Tests de Interacción del Usuario 3.3 Selección de Mesa debe navegar a WhichIsCorrectScreen cuando la mesa tiene actas","invocations":1,"location":null,"numPassingAsserts":1,"retryReasons":[],"status":"passed","title":"debe navegar a WhichIsCorrectScreen cuando la mesa tiene actas"},{"ancestorTitles":["UnifiedTableScreen - Tests de Interacción del Usuario","3. Tests de Interacción del Usuario","3.3 Selección de Mesa"],"duration":72,"failureDetails":[],"failureMessages":[],"fullName":"UnifiedTableScreen - Tests de Interacción del Usuario 3. Tests de Interacción del Usuario 3.3 Selección de Mesa debe navegar a TableDetail cuando la mesa no tiene actas","invocations":1,"location":null,"numPassingAsserts":1,"retryReasons":[],"status":"passed","title":"debe navegar a TableDetail cuando la mesa no tiene actas"},{"ancestorTitles":["UnifiedTableScreen - Tests de Interacción del Usuario","3. Tests de Interacción del Usuario","3.3 Selección de Mesa"],"duration":62,"failureDetails":[],"failureMessages":[],"fullName":"UnifiedTableScreen - Tests de Interacción del Usuario 3. Tests de Interacción del Usuario 3.3 Selección de Mesa debe navegar a TableDetail cuando falla la verificación de actas","invocations":1,"location":null,"numPassingAsserts":1,"retryReasons":[],"status":"passed","title":"debe navegar a TableDetail cuando falla la verificación de actas"},{"ancestorTitles":["UnifiedTableScreen - Tests de Interacción del Usuario","3. Tests de Interacción del Usuario","3.3 Selección de Mesa"],"duration":66,"failureDetails":[],"failureMessages":[],"fullName":"UnifiedTableScreen - Tests de Interacción del Usuario 3. Tests de Interacción del Usuario 3.3 Selección de Mesa debe procesar correctamente los datos de la mesa seleccionada","invocations":1,"location":null,"numPassingAsserts":1,"retryReasons":[],"status":"passed","title":"debe procesar correctamente los datos de la mesa seleccionada"},{"ancestorTitles":["UnifiedTableScreen - Tests de Interacción del Usuario","3. Tests de Interacción del Usuario","3.3 Selección de Mesa"],"duration":5,"failureDetails":[],"failureMessages":[],"fullName":"UnifiedTableScreen - Tests de Interacción del Usuario 3. Tests de Interacción del Usuario 3.3 Selección de Mesa debe manejar diferentes formatos de ID de mesa","invocations":1,"location":null,"numPassingAsserts":1,"retryReasons":[],"status":"passed","title":"debe manejar diferentes formatos de ID de mesa"},{"ancestorTitles":["UnifiedTableScreen - Tests de Interacción del Usuario","3. Tests de Interacción del Usuario","3.4 Interacciones con Modal"],"duration":6,"failureDetails":[],"failureMessages":[],"fullName":"UnifiedTableScreen - Tests de Interacción del Usuario 3. Tests de Interacción del Usuario 3.4 Interacciones con Modal debe cerrar modal al presionar el botón","invocations":1,"location":null,"numPassingAsserts":2,"retryReasons":[],"status":"passed","title":"debe cerrar modal al presionar el botón"},{"ancestorTitles":["UnifiedTableScreen - Tests de Interacción del Usuario","3. Tests de Interacción del Usuario","3.4 Interacciones con Modal"],"duration":4,"failureDetails":[],"failureMessages":[],"fullName":"UnifiedTableScreen - Tests de Interacción del Usuario 3. Tests de Interacción del Usuario 3.4 Interacciones con Modal debe manejar configuración de modal correctamente","invocations":1,"location":null,"numPassingAsserts":3,"retryReasons":[],"status":"passed","title":"debe manejar configuración de modal correctamente"},{"ancestorTitles":["UnifiedTableScreen - Tests de Interacción del Usuario","3. Tests de Interacción del Usuario","3.5 Interacciones de Lista"],"duration":4,"failureDetails":[],"failureMessages":[],"fullName":"UnifiedTableScreen - Tests de Interacción del Usuario 3. Tests de Interacción del Usuario 3.5 Interacciones de Lista debe renderizar todos los elementos de la lista","invocations":1,"location":null,"numPassingAsserts":2,"retryReasons":[],"status":"passed","title":"debe renderizar todos los elementos de la lista"},{"ancestorTitles":["UnifiedTableScreen - Tests de Interacción del Usuario","3. Tests de Interacción del Usuario","3.5 Interacciones de Lista"],"duration":6,"failureDetails":[],"failureMessages":[],"fullName":"UnifiedTableScreen - Tests de Interacción del Usuario 3. Tests de Interacción del Usuario 3.5 Interacciones de Lista debe mostrar información correcta de cada mesa","invocations":1,"location":null,"numPassingAsserts":4,"retryReasons":[],"status":"passed","title":"debe mostrar información correcta de cada mesa"},{"ancestorTitles":["UnifiedTableScreen - Tests de Interacción del Usuario","3. Tests de Interacción del Usuario","3.5 Interacciones de Lista"],"duration":150,"failureDetails":[],"failureMessages":[],"fullName":"UnifiedTableScreen - Tests de Interacción del Usuario 3. Tests de Interacción del Usuario 3.5 Interacciones de Lista debe permitir interacción con múltiples elementos de la lista","invocations":1,"location":null,"numPassingAsserts":2,"retryReasons":[],"status":"passed","title":"debe permitir interacción con múltiples elementos de la lista"},{"ancestorTitles":["UnifiedTableScreen - Tests de Interacción del Usuario","3. Tests de Interacción del Usuario","3.5 Interacciones de Lista"],"duration":75,"failureDetails":[],"failureMessages":[],"fullName":"UnifiedTableScreen - Tests de Interacción del Usuario 3. Tests de Interacción del Usuario 3.5 Interacciones de Lista debe manejar lista vacía correctamente","invocations":1,"location":null,"numPassingAsserts":1,"retryReasons":[],"status":"passed","title":"debe manejar lista vacía correctamente"},{"ancestorTitles":["UnifiedTableScreen - Tests de Interacción del Usuario","3. Tests de Interacción del Usuario","3.6 Flujo de Carga de Datos"],"duration":614,"failureDetails":[],"failureMessages":[],"fullName":"UnifiedTableScreen - Tests de Interacción del Usuario 3. Tests de Interacción del Usuario 3.6 Flujo de Carga de Datos debe mostrar loading y luego permitir interacciones","invocations":1,"location":null,"numPassingAsserts":4,"retryReasons":[],"status":"passed","title":"debe mostrar loading y luego permitir interacciones"}],"endTime":1772053817015,"message":"","name":"C:\\apps\\electoral-app\\__tests__\\unit\\containers\\UnifiedTableScreen.test\\UnifiedTableScreen.UserInteractions.test.js","startTime":1772053815555,"status":"passed","summary":""},{"assertionResults":[{"ancestorTitles":["SearchTable - Tests de Interacción del Usuario","2. Tests de Interacción del Usuario","2.1 Búsqueda de Mesas"],"duration":70,"failureDetails":[],"failureMessages":[],"fullName":"SearchTable - Tests de Interacción del Usuario 2. Tests de Interacción del Usuario 2.1 Búsqueda de Mesas debe filtrar mesas por número/tableNumber","invocations":1,"location":null,"numPassingAsserts":2,"retryReasons":[],"status":"passed","title":"debe filtrar mesas por número/tableNumber"},{"ancestorTitles":["SearchTable - Tests de Interacción del Usuario","2. Tests de Interacción del Usuario","2.1 Búsqueda de Mesas"],"duration":67,"failureDetails":[],"failureMessages":[],"fullName":"SearchTable - Tests de Interacción del Usuario 2. Tests de Interacción del Usuario 2.1 Búsqueda de Mesas debe filtrar mesas por código","invocations":1,"location":null,"numPassingAsserts":2,"retryReasons":[],"status":"passed","title":"debe filtrar mesas por código"},{"ancestorTitles":["SearchTable - Tests de Interacción del Usuario","2. Tests de Interacción del Usuario","2.1 Búsqueda de Mesas"],"duration":78,"failureDetails":[],"failureMessages":[],"fullName":"SearchTable - Tests de Interacción del Usuario 2. Tests de Interacción del Usuario 2.1 Búsqueda de Mesas debe filtrar mesas por colegio/escuela","invocations":1,"location":null,"numPassingAsserts":2,"retryReasons":[],"status":"passed","title":"debe filtrar mesas por colegio/escuela"},{"ancestorTitles":["SearchTable - Tests de Interacción del Usuario","2. Tests de Interacción del Usuario","2.1 Búsqueda de Mesas"],"duration":72,"failureDetails":[],"failureMessages":[],"fullName":"SearchTable - Tests de Interacción del Usuario 2. Tests de Interacción del Usuario 2.1 Búsqueda de Mesas debe manejar búsqueda case-insensitive","invocations":1,"location":null,"numPassingAsserts":2,"retryReasons":[],"status":"passed","title":"debe manejar búsqueda case-insensitive"},{"ancestorTitles":["SearchTable - Tests de Interacción del Usuario","2. Tests de Interacción del Usuario","2.1 Búsqueda de Mesas"],"duration":59,"failureDetails":[],"failureMessages":[],"fullName":"SearchTable - Tests de Interacción del Usuario 2. Tests de Interacción del Usuario 2.1 Búsqueda de Mesas debe limpiar búsqueda cuando el texto está vacío","invocations":1,"location":null,"numPassingAsserts":3,"retryReasons":[],"status":"passed","title":"debe limpiar búsqueda cuando el texto está vacío"},{"ancestorTitles":["SearchTable - Tests de Interacción del Usuario","2. Tests de Interacción del Usuario","2.1 Búsqueda de Mesas"],"duration":66,"failureDetails":[],"failureMessages":[],"fullName":"SearchTable - Tests de Interacción del Usuario 2. Tests de Interacción del Usuario 2.1 Búsqueda de Mesas debe manejar búsqueda que no encuentra resultados","invocations":1,"location":null,"numPassingAsserts":2,"retryReasons":[],"status":"passed","title":"debe manejar búsqueda que no encuentra resultados"},{"ancestorTitles":["SearchTable - Tests de Interacción del Usuario","2. Tests de Interacción del Usuario","2.2 Navegación"],"duration":5,"failureDetails":[],"failureMessages":[],"fullName":"SearchTable - Tests de Interacción del Usuario 2. Tests de Interacción del Usuario 2.2 Navegación debe navegar hacia atrás cuando se presiona onBack","invocations":1,"location":null,"numPassingAsserts":1,"retryReasons":[],"status":"passed","title":"debe navegar hacia atrás cuando se presiona onBack"},{"ancestorTitles":["SearchTable - Tests de Interacción del Usuario","2. Tests de Interacción del Usuario","2.2 Navegación"],"duration":5,"failureDetails":[],"failureMessages":[],"fullName":"SearchTable - Tests de Interacción del Usuario 2. Tests de Interacción del Usuario 2.2 Navegación debe manejar múltiples llamadas a navegación hacia atrás","invocations":1,"location":null,"numPassingAsserts":1,"retryReasons":[],"status":"passed","title":"debe manejar múltiples llamadas a navegación hacia atrás"},{"ancestorTitles":["SearchTable - Tests de Interacción del Usuario","2. Tests de Interacción del Usuario","2.2 Navegación"],"duration":6,"failureDetails":[],"failureMessages":[],"fullName":"SearchTable - Tests de Interacción del Usuario 2. Tests de Interacción del Usuario 2.2 Navegación debe ejecutar función onBack sin errores","invocations":1,"location":null,"numPassingAsserts":1,"retryReasons":[],"status":"passed","title":"debe ejecutar función onBack sin errores"},{"ancestorTitles":["SearchTable - Tests de Interacción del Usuario","2. Tests de Interacción del Usuario","2.3 Interacción con Datos de API"],"duration":8,"failureDetails":[],"failureMessages":[],"fullName":"SearchTable - Tests de Interacción del Usuario 2. Tests de Interacción del Usuario 2.3 Interacción con Datos de API debe cargar datos cuando cambia locationId","invocations":1,"location":null,"numPassingAsserts":1,"retryReasons":[],"status":"passed","title":"debe cargar datos cuando cambia locationId"},{"ancestorTitles":["SearchTable - Tests de Interacción del Usuario","2. Tests de Interacción del Usuario","2.3 Interacción con Datos de API"],"duration":74,"failureDetails":[],"failureMessages":[],"fullName":"SearchTable - Tests de Interacción del Usuario 2. Tests de Interacción del Usuario 2.3 Interacción con Datos de API debe manejar respuesta de API exitosa","invocations":1,"location":null,"numPassingAsserts":2,"retryReasons":[],"status":"passed","title":"debe manejar respuesta de API exitosa"},{"ancestorTitles":["SearchTable - Tests de Interacción del Usuario","2. Tests de Interacción del Usuario","2.3 Interacción con Datos de API"],"duration":5,"failureDetails":[],"failureMessages":[],"fullName":"SearchTable - Tests de Interacción del Usuario 2. Tests de Interacción del Usuario 2.3 Interacción con Datos de API debe manejar error de API correctamente","invocations":1,"location":null,"numPassingAsserts":1,"retryReasons":[],"status":"passed","title":"debe manejar error de API correctamente"},{"ancestorTitles":["SearchTable - Tests de Interacción del Usuario","2. Tests de Interacción del Usuario","2.3 Interacción con Datos de API"],"duration":59,"failureDetails":[],"failureMessages":[],"fullName":"SearchTable - Tests de Interacción del Usuario 2. Tests de Interacción del Usuario 2.3 Interacción con Datos de API debe manejar respuesta de API con estructura alternativa","invocations":1,"location":null,"numPassingAsserts":2,"retryReasons":[],"status":"passed","title":"debe manejar respuesta de API con estructura alternativa"},{"ancestorTitles":["SearchTable - Tests de Interacción del Usuario","2. Tests de Interacción del Usuario","2.3 Interacción con Datos de API"],"duration":4,"failureDetails":[],"failureMessages":[],"fullName":"SearchTable - Tests de Interacción del Usuario 2. Tests de Interacción del Usuario 2.3 Interacción con Datos de API debe manejar respuesta de API sin datos","invocations":1,"location":null,"numPassingAsserts":1,"retryReasons":[],"status":"passed","title":"debe manejar respuesta de API sin datos"},{"ancestorTitles":["SearchTable - Tests de Interacción del Usuario","2. Tests de Interacción del Usuario","2.4 Estados de Carga"],"duration":2,"failureDetails":[],"failureMessages":[],"fullName":"SearchTable - Tests de Interacción del Usuario 2. Tests de Interacción del Usuario 2.4 Estados de Carga debe mostrar estado de carga inicial","invocations":1,"location":null,"numPassingAsserts":1,"retryReasons":[],"status":"passed","title":"debe mostrar estado de carga inicial"},{"ancestorTitles":["SearchTable - Tests de Interacción del Usuario","2. Tests de Interacción del Usuario","2.4 Estados de Carga"],"duration":56,"failureDetails":[],"failureMessages":[],"fullName":"SearchTable - Tests de Interacción del Usuario 2. Tests de Interacción del Usuario 2.4 Estados de Carga debe transicionar de loading a datos cargados","invocations":1,"location":null,"numPassingAsserts":2,"retryReasons":[],"status":"passed","title":"debe transicionar de loading a datos cargados"},{"ancestorTitles":["SearchTable - Tests de Interacción del Usuario","2. Tests de Interacción del Usuario","2.4 Estados de Carga"],"duration":2,"failureDetails":[],"failureMessages":[],"fullName":"SearchTable - Tests de Interacción del Usuario 2. Tests de Interacción del Usuario 2.4 Estados de Carga debe manejar carga lenta de API","invocations":1,"location":null,"numPassingAsserts":1,"retryReasons":[],"status":"passed","title":"debe manejar carga lenta de API"},{"ancestorTitles":["SearchTable - Tests de Interacción del Usuario","2. Tests de Interacción del Usuario","2.5 Interacción con Búsqueda Avanzada"],"duration":69,"failureDetails":[],"failureMessages":[],"fullName":"SearchTable - Tests de Interacción del Usuario 2. Tests de Interacción del Usuario 2.5 Interacción con Búsqueda Avanzada debe permitir búsqueda inmediatamente después de cargar datos","invocations":1,"location":null,"numPassingAsserts":2,"retryReasons":[],"status":"passed","title":"debe permitir búsqueda inmediatamente después de cargar datos"},{"ancestorTitles":["SearchTable - Tests de Interacción del Usuario","2. Tests de Interacción del Usuario","2.5 Interacción con Búsqueda Avanzada"],"duration":59,"failureDetails":[],"failureMessages":[],"fullName":"SearchTable - Tests de Interacción del Usuario 2. Tests de Interacción del Usuario 2.5 Interacción con Búsqueda Avanzada debe mantener estado de búsqueda durante re-renders","invocations":1,"location":null,"numPassingAsserts":2,"retryReasons":[],"status":"passed","title":"debe mantener estado de búsqueda durante re-renders"},{"ancestorTitles":["SearchTable - Tests de Interacción del Usuario","2. Tests de Interacción del Usuario","2.5 Interacción con Búsqueda Avanzada"],"duration":64,"failureDetails":[],"failureMessages":[],"fullName":"SearchTable - Tests de Interacción del Usuario 2. Tests de Interacción del Usuario 2.5 Interacción con Búsqueda Avanzada debe actualizar búsqueda con diferentes términos secuencialmente","invocations":1,"location":null,"numPassingAsserts":5,"retryReasons":[],"status":"passed","title":"debe actualizar búsqueda con diferentes términos secuencialmente"},{"ancestorTitles":["SearchTable - Tests de Interacción del Usuario","2. Tests de Interacción del Usuario","2.6 Manejo de Errores durante Interacción"],"duration":37,"failureDetails":[],"failureMessages":[],"fullName":"SearchTable - Tests de Interacción del Usuario 2. Tests de Interacción del Usuario 2.6 Manejo de Errores durante Interacción debe manejar error de navegación","invocations":1,"location":null,"numPassingAsserts":1,"retryReasons":[],"status":"passed","title":"debe manejar error de navegación"},{"ancestorTitles":["SearchTable - Tests de Interacción del Usuario","2. Tests de Interacción del Usuario","2.6 Manejo de Errores durante Interacción"],"duration":19,"failureDetails":[],"failureMessages":[],"fullName":"SearchTable - Tests de Interacción del Usuario 2. Tests de Interacción del Usuario 2.6 Manejo de Errores durante Interacción debe manejar función de búsqueda con valores inválidos","invocations":1,"location":null,"numPassingAsserts":1,"retryReasons":[],"status":"passed","title":"debe manejar función de búsqueda con valores inválidos"},{"ancestorTitles":["SearchTable - Tests de Interacción del Usuario","2. Tests de Interacción del Usuario","2.6 Manejo de Errores durante Interacción"],"duration":61,"failureDetails":[],"failureMessages":[],"fullName":"SearchTable - Tests de Interacción del Usuario 2. Tests de Interacción del Usuario 2.6 Manejo de Errores durante Interacción debe recuperarse después de error de API","invocations":1,"location":null,"numPassingAsserts":2,"retryReasons":[],"status":"passed","title":"debe recuperarse después de error de API"}],"endTime":1772053817078,"message":"","name":"C:\\apps\\electoral-app\\__tests__\\unit\\containers\\SearchTable.test\\SearchTable.UserInteractions.test.js","startTime":1772053815877,"status":"passed","summary":""},{"assertionResults":[{"ancestorTitles":["LoginUser"],"duration":70,"failureDetails":[],"failureMessages":[],"fullName":"LoginUser renderiza y navega a SelectRecuperation desde \"olvidé mi PIN\"","invocations":1,"location":null,"numPassingAsserts":2,"retryReasons":[],"status":"passed","title":"renderiza y navega a SelectRecuperation desde \"olvidé mi PIN\""},{"ancestorTitles":["LoginUser"],"duration":64,"failureDetails":[],"failureMessages":[],"fullName":"LoginUser redirige a AccountLock cuando el usuario esta bloqueado","invocations":1,"location":null,"numPassingAsserts":1,"retryReasons":[],"status":"passed","title":"redirige a AccountLock cuando el usuario esta bloqueado"},{"ancestorTitles":["LoginUser"],"duration":60,"failureDetails":[],"failureMessages":[],"fullName":"LoginUser si existe sesion biometrica desbloquea y hace reset a TabNavigation","invocations":1,"location":null,"numPassingAsserts":2,"retryReasons":[],"status":"passed","title":"si existe sesion biometrica desbloquea y hace reset a TabNavigation"},{"ancestorTitles":["LoginUser"],"duration":146,"failureDetails":[],"failureMessages":[],"fullName":"LoginUser al llegar al limite de intentos muestra modal y redirige a recuperacion","invocations":1,"location":null,"numPassingAsserts":4,"retryReasons":[],"status":"passed","title":"al llegar al limite de intentos muestra modal y redirige a recuperacion"},{"ancestorTitles":["LoginUser"],"duration":71,"failureDetails":[],"failureMessages":[],"fullName":"LoginUser si la migracion falla muestra modal y no desbloquea sesion","invocations":1,"location":null,"numPassingAsserts":3,"retryReasons":[],"status":"passed","title":"si la migracion falla muestra modal y no desbloquea sesion"},{"ancestorTitles":["LoginUser"],"duration":129,"failureDetails":[],"failureMessages":[],"fullName":"LoginUser si no hay secretos locales redirige al registro inicial","invocations":1,"location":null,"numPassingAsserts":4,"retryReasons":[],"status":"passed","title":"si no hay secretos locales redirige al registro inicial"},{"ancestorTitles":["LoginUser"],"duration":56,"failureDetails":[],"failureMessages":[],"fullName":"LoginUser si no hay credenciales biométricas muestra aviso y no navega","invocations":1,"location":null,"numPassingAsserts":4,"retryReasons":[],"status":"passed","title":"si no hay credenciales biométricas muestra aviso y no navega"},{"ancestorTitles":["LoginUser"],"duration":129,"failureDetails":[],"failureMessages":[],"fullName":"LoginUser si verifyPin retorna error inesperado muestra modal de contingencia","invocations":1,"location":null,"numPassingAsserts":2,"retryReasons":[],"status":"passed","title":"si verifyPin retorna error inesperado muestra modal de contingencia"}],"endTime":1772053817084,"message":"","name":"C:\\apps\\electoral-app\\__tests__\\unit\\containers\\Auth\\LoginUser.test.js","startTime":1772053815492,"status":"passed","summary":""},{"assertionResults":[{"ancestorTitles":["4. Tests de Manejo de Errores","4.1 Errores de Red"],"duration":123,"failureDetails":[],"failureMessages":[],"fullName":"4. Tests de Manejo de Errores 4.1 Errores de Red debe manejar error de conexión de red","invocations":1,"location":null,"numPassingAsserts":1,"retryReasons":[],"status":"passed","title":"debe manejar error de conexión de red"},{"ancestorTitles":["4. Tests de Manejo de Errores","4.1 Errores de Red"],"duration":55,"failureDetails":[],"failureMessages":[],"fullName":"4. Tests de Manejo de Errores 4.1 Errores de Red debe manejar timeout de solicitud","invocations":1,"location":null,"numPassingAsserts":1,"retryReasons":[],"status":"passed","title":"debe manejar timeout de solicitud"},{"ancestorTitles":["4. Tests de Manejo de Errores","4.1 Errores de Red"],"duration":65,"failureDetails":[],"failureMessages":[],"fullName":"4. Tests de Manejo de Errores 4.1 Errores de Red debe manejar error de servidor 500","invocations":1,"location":null,"numPassingAsserts":1,"retryReasons":[],"status":"passed","title":"debe manejar error de servidor 500"},{"ancestorTitles":["4. Tests de Manejo de Errores","4.1 Errores de Red"],"duration":70,"failureDetails":[],"failureMessages":[],"fullName":"4. Tests de Manejo de Errores 4.1 Errores de Red debe manejar error 404 - recurso no encontrado","invocations":1,"location":null,"numPassingAsserts":1,"retryReasons":[],"status":"passed","title":"debe manejar error 404 - recurso no encontrado"},{"ancestorTitles":["4. Tests de Manejo de Errores","4.2 Errores de Datos"],"duration":71,"failureDetails":[],"failureMessages":[],"fullName":"4. Tests de Manejo de Errores 4.2 Errores de Datos debe manejar respuesta con datos corruptos","invocations":1,"location":null,"numPassingAsserts":1,"retryReasons":[],"status":"passed","title":"debe manejar respuesta con datos corruptos"},{"ancestorTitles":["4. Tests de Manejo de Errores","4.2 Errores de Datos"],"duration":61,"failureDetails":[],"failureMessages":[],"fullName":"4. Tests de Manejo de Errores 4.2 Errores de Datos debe manejar respuesta null","invocations":1,"location":null,"numPassingAsserts":1,"retryReasons":[],"status":"passed","title":"debe manejar respuesta null"},{"ancestorTitles":["4. Tests de Manejo de Errores","4.2 Errores de Datos"],"duration":62,"failureDetails":[],"failureMessages":[],"fullName":"4. Tests de Manejo de Errores 4.2 Errores de Datos debe manejar respuesta undefined","invocations":1,"location":null,"numPassingAsserts":1,"retryReasons":[],"status":"passed","title":"debe manejar respuesta undefined"},{"ancestorTitles":["4. Tests de Manejo de Errores","4.3 Errores de Permisos"],"duration":67,"failureDetails":[],"failureMessages":[],"fullName":"4. Tests de Manejo de Errores 4.3 Errores de Permisos debe manejar permisos denegados permanentemente","invocations":1,"location":null,"numPassingAsserts":1,"retryReasons":[],"status":"passed","title":"debe manejar permisos denegados permanentemente"},{"ancestorTitles":["4. Tests de Manejo de Errores","4.3 Errores de Permisos"],"duration":73,"failureDetails":[],"failureMessages":[],"fullName":"4. Tests de Manejo de Errores 4.3 Errores de Permisos debe manejar error en la solicitud de permisos","invocations":1,"location":null,"numPassingAsserts":1,"retryReasons":[],"status":"passed","title":"debe manejar error en la solicitud de permisos"}],"endTime":1772053817204,"message":"","name":"C:\\apps\\electoral-app\\__tests__\\unit\\containers\\ElectoralLocationsScreen.test\\ElectoralLocationsScreen.ErrorManagement.test.js","startTime":1772053816272,"status":"passed","summary":""},{"assertionResults":[{"ancestorTitles":["SearchTable - Tests de Estados y Props","3. Tests de Estados y Props","3.1 Estado Inicial del Componente"],"duration":73,"failureDetails":[],"failureMessages":[],"fullName":"SearchTable - Tests de Estados y Props 3. Tests de Estados y Props 3.1 Estado Inicial del Componente debe inicializar con estados correctos","invocations":1,"location":null,"numPassingAsserts":2,"retryReasons":[],"status":"passed","title":"debe inicializar con estados correctos"},{"ancestorTitles":["SearchTable - Tests de Estados y Props","3. Tests de Estados y Props","3.1 Estado Inicial del Componente"],"duration":5,"failureDetails":[],"failureMessages":[],"fullName":"SearchTable - Tests de Estados y Props 3. Tests de Estados y Props 3.1 Estado Inicial del Componente debe inicializar con isLoadingMesas como true","invocations":1,"location":null,"numPassingAsserts":1,"retryReasons":[],"status":"passed","title":"debe inicializar con isLoadingMesas como true"},{"ancestorTitles":["SearchTable - Tests de Estados y Props","3. Tests de Estados y Props","3.1 Estado Inicial del Componente"],"duration":4,"failureDetails":[],"failureMessages":[],"fullName":"SearchTable - Tests de Estados y Props 3. Tests de Estados y Props 3.1 Estado Inicial del Componente debe inicializar con locationData como null","invocations":1,"location":null,"numPassingAsserts":1,"retryReasons":[],"status":"passed","title":"debe inicializar con locationData como null"},{"ancestorTitles":["SearchTable - Tests de Estados y Props","3. Tests de Estados y Props","3.1 Estado Inicial del Componente"],"duration":8,"failureDetails":[],"failureMessages":[],"fullName":"SearchTable - Tests de Estados y Props 3. Tests de Estados y Props 3.1 Estado Inicial del Componente debe inicializar searchText como string vacío","invocations":1,"location":null,"numPassingAsserts":2,"retryReasons":[],"status":"passed","title":"debe inicializar searchText como string vacío"},{"ancestorTitles":["SearchTable - Tests de Estados y Props","3. Tests de Estados y Props","3.2 Gestión de Estado de Mesas"],"duration":64,"failureDetails":[],"failureMessages":[],"fullName":"SearchTable - Tests de Estados y Props 3. Tests de Estados y Props 3.2 Gestión de Estado de Mesas debe actualizar estado de mesas después de carga exitosa","invocations":1,"location":null,"numPassingAsserts":1,"retryReasons":[],"status":"passed","title":"debe actualizar estado de mesas después de carga exitosa"},{"ancestorTitles":["SearchTable - Tests de Estados y Props","3. Tests de Estados y Props","3.2 Gestión de Estado de Mesas"],"duration":5,"failureDetails":[],"failureMessages":[],"fullName":"SearchTable - Tests de Estados y Props 3. Tests de Estados y Props 3.2 Gestión de Estado de Mesas debe mantener mesas vacías cuando API falla","invocations":1,"location":null,"numPassingAsserts":1,"retryReasons":[],"status":"passed","title":"debe mantener mesas vacías cuando API falla"},{"ancestorTitles":["SearchTable - Tests de Estados y Props","3. Tests de Estados y Props","3.2 Gestión de Estado de Mesas"],"duration":70,"failureDetails":[],"failureMessages":[],"fullName":"SearchTable - Tests de Estados y Props 3. Tests de Estados y Props 3.2 Gestión de Estado de Mesas debe actualizar mesas con diferentes estructuras de respuesta","invocations":1,"location":null,"numPassingAsserts":1,"retryReasons":[],"status":"passed","title":"debe actualizar mesas con diferentes estructuras de respuesta"},{"ancestorTitles":["SearchTable - Tests de Estados y Props","3. Tests de Estados y Props","3.2 Gestión de Estado de Mesas"],"duration":14,"failureDetails":[],"failureMessages":[],"fullName":"SearchTable - Tests de Estados y Props 3. Tests de Estados y Props 3.2 Gestión de Estado de Mesas debe manejar respuesta sin tabla de datos","invocations":1,"location":null,"numPassingAsserts":1,"retryReasons":[],"status":"passed","title":"debe manejar respuesta sin tabla de datos"},{"ancestorTitles":["SearchTable - Tests de Estados y Props","3. Tests de Estados y Props","3.3 Gestión de Estado de Ubicación"],"duration":69,"failureDetails":[],"failureMessages":[],"fullName":"SearchTable - Tests de Estados y Props 3. Tests de Estados y Props 3.3 Gestión de Estado de Ubicación debe actualizar locationData después de carga exitosa","invocations":1,"location":null,"numPassingAsserts":1,"retryReasons":[],"status":"passed","title":"debe actualizar locationData después de carga exitosa"},{"ancestorTitles":["SearchTable - Tests de Estados y Props","3. Tests de Estados y Props","3.3 Gestión de Estado de Ubicación"],"duration":70,"failureDetails":[],"failureMessages":[],"fullName":"SearchTable - Tests de Estados y Props 3. Tests de Estados y Props 3.3 Gestión de Estado de Ubicación debe manejar locationData con estructura alternativa","invocations":1,"location":null,"numPassingAsserts":1,"retryReasons":[],"status":"passed","title":"debe manejar locationData con estructura alternativa"},{"ancestorTitles":["SearchTable - Tests de Estados y Props","3. Tests de Estados y Props","3.3 Gestión de Estado de Ubicación"],"duration":4,"failureDetails":[],"failureMessages":[],"fullName":"SearchTable - Tests de Estados y Props 3. Tests de Estados y Props 3.3 Gestión de Estado de Ubicación debe mantener locationData como null cuando API falla","invocations":1,"location":null,"numPassingAsserts":2,"retryReasons":[],"status":"passed","title":"debe mantener locationData como null cuando API falla"},{"ancestorTitles":["SearchTable - Tests de Estados y Props","3. Tests de Estados y Props","3.3 Gestión de Estado de Ubicación"],"duration":63,"failureDetails":[],"failureMessages":[],"fullName":"SearchTable - Tests de Estados y Props 3. Tests de Estados y Props 3.3 Gestión de Estado de Ubicación debe extraer locationData de estructura anidada","invocations":1,"location":null,"numPassingAsserts":1,"retryReasons":[],"status":"passed","title":"debe extraer locationData de estructura anidada"},{"ancestorTitles":["SearchTable - Tests de Estados y Props","3. Tests de Estados y Props","3.4 Estado de Carga (isLoadingMesas)"],"duration":61,"failureDetails":[],"failureMessages":[],"fullName":"SearchTable - Tests de Estados y Props 3. Tests de Estados y Props 3.4 Estado de Carga (isLoadingMesas) debe cambiar de loading a no loading después de carga exitosa","invocations":1,"location":null,"numPassingAsserts":2,"retryReasons":[],"status":"passed","title":"debe cambiar de loading a no loading después de carga exitosa"},{"ancestorTitles":["SearchTable - Tests de Estados y Props","3. Tests de Estados y Props","3.4 Estado de Carga (isLoadingMesas)"],"duration":5,"failureDetails":[],"failureMessages":[],"fullName":"SearchTable - Tests de Estados y Props 3. Tests de Estados y Props 3.4 Estado de Carga (isLoadingMesas) debe cambiar de loading a no loading después de error","invocations":1,"location":null,"numPassingAsserts":2,"retryReasons":[],"status":"passed","title":"debe cambiar de loading a no loading después de error"},{"ancestorTitles":["SearchTable - Tests de Estados y Props","3. Tests de Estados y Props","3.4 Estado de Carga (isLoadingMesas)"],"duration":3,"failureDetails":[],"failureMessages":[],"fullName":"SearchTable - Tests de Estados y Props 3. Tests de Estados y Props 3.4 Estado de Carga (isLoadingMesas) debe mantener loading durante petición pendiente","invocations":1,"location":null,"numPassingAsserts":1,"retryReasons":[],"status":"passed","title":"debe mantener loading durante petición pendiente"},{"ancestorTitles":["SearchTable - Tests de Estados y Props","3. Tests de Estados y Props","3.5 Estado de Búsqueda (searchText)"],"duration":74,"failureDetails":[],"failureMessages":[],"fullName":"SearchTable - Tests de Estados y Props 3. Tests de Estados y Props 3.5 Estado de Búsqueda (searchText) debe actualizar searchText cuando cambia la búsqueda","invocations":1,"location":null,"numPassingAsserts":2,"retryReasons":[],"status":"passed","title":"debe actualizar searchText cuando cambia la búsqueda"},{"ancestorTitles":["SearchTable - Tests de Estados y Props","3. Tests de Estados y Props","3.5 Estado de Búsqueda (searchText)"],"duration":58,"failureDetails":[],"failureMessages":[],"fullName":"SearchTable - Tests de Estados y Props 3. Tests de Estados y Props 3.5 Estado de Búsqueda (searchText) debe mantener último valor de searchText","invocations":1,"location":null,"numPassingAsserts":2,"retryReasons":[],"status":"passed","title":"debe mantener último valor de searchText"},{"ancestorTitles":["SearchTable - Tests de Estados y Props","3. Tests de Estados y Props","3.5 Estado de Búsqueda (searchText)"],"duration":62,"failureDetails":[],"failureMessages":[],"fullName":"SearchTable - Tests de Estados y Props 3. Tests de Estados y Props 3.5 Estado de Búsqueda (searchText) debe manejar searchText vacío","invocations":1,"location":null,"numPassingAsserts":2,"retryReasons":[],"status":"passed","title":"debe manejar searchText vacío"},{"ancestorTitles":["SearchTable - Tests de Estados y Props","3. Tests de Estados y Props","3.5 Estado de Búsqueda (searchText)"],"duration":67,"failureDetails":[],"failureMessages":[],"fullName":"SearchTable - Tests de Estados y Props 3. Tests de Estados y Props 3.5 Estado de Búsqueda (searchText) debe preservar searchText entre re-renders","invocations":1,"location":null,"numPassingAsserts":2,"retryReasons":[],"status":"passed","title":"debe preservar searchText entre re-renders"},{"ancestorTitles":["SearchTable - Tests de Estados y Props","3. Tests de Estados y Props","3.6 Integración con Redux y Props Externas"],"duration":22,"failureDetails":[],"failureMessages":[],"fullName":"SearchTable - Tests de Estados y Props 3. Tests de Estados y Props 3.6 Integración con Redux y Props Externas debe obtener colores del theme store correctamente","invocations":1,"location":null,"numPassingAsserts":1,"retryReasons":[],"status":"passed","title":"debe obtener colores del theme store correctamente"},{"ancestorTitles":["SearchTable - Tests de Estados y Props","3. Tests de Estados y Props","3.6 Integración con Redux y Props Externas"],"duration":15,"failureDetails":[],"failureMessages":[],"fullName":"SearchTable - Tests de Estados y Props 3. Tests de Estados y Props 3.6 Integración con Redux y Props Externas debe reaccionar a cambios en theme store","invocations":1,"location":null,"numPassingAsserts":1,"retryReasons":[],"status":"passed","title":"debe reaccionar a cambios en theme store"},{"ancestorTitles":["SearchTable - Tests de Estados y Props","3. Tests de Estados y Props","3.6 Integración con Redux y Props Externas"],"duration":5,"failureDetails":[],"failureMessages":[],"fullName":"SearchTable - Tests de Estados y Props 3. Tests de Estados y Props 3.6 Integración con Redux y Props Externas debe usar navigation prop correctamente","invocations":1,"location":null,"numPassingAsserts":1,"retryReasons":[],"status":"passed","title":"debe usar navigation prop correctamente"},{"ancestorTitles":["SearchTable - Tests de Estados y Props","3. Tests de Estados y Props","3.6 Integración con Redux y Props Externas"],"duration":4,"failureDetails":[],"failureMessages":[],"fullName":"SearchTable - Tests de Estados y Props 3. Tests de Estados y Props 3.6 Integración con Redux y Props Externas debe usar route params correctamente","invocations":1,"location":null,"numPassingAsserts":1,"retryReasons":[],"status":"passed","title":"debe usar route params correctamente"},{"ancestorTitles":["SearchTable - Tests de Estados y Props","3. Tests de Estados y Props","3.6 Integración con Redux y Props Externas"],"duration":4,"failureDetails":[],"failureMessages":[],"fullName":"SearchTable - Tests de Estados y Props 3. Tests de Estados y Props 3.6 Integración con Redux y Props Externas debe manejar route sin params","invocations":1,"location":null,"numPassingAsserts":1,"retryReasons":[],"status":"passed","title":"debe manejar route sin params"},{"ancestorTitles":["SearchTable - Tests de Estados y Props","3. Tests de Estados y Props","3.6 Integración con Redux y Props Externas"],"duration":4,"failureDetails":[],"failureMessages":[],"fullName":"SearchTable - Tests de Estados y Props 3. Tests de Estados y Props 3.6 Integración con Redux y Props Externas ya no depende del hook useNavigationLogger en el flujo actual","invocations":1,"location":null,"numPassingAsserts":1,"retryReasons":[],"status":"passed","title":"ya no depende del hook useNavigationLogger en el flujo actual"},{"ancestorTitles":["SearchTable - Tests de Estados y Props","3. Tests de Estados y Props","3.7 Efectos y Ciclo de Vida"],"duration":6,"failureDetails":[],"failureMessages":[],"fullName":"SearchTable - Tests de Estados y Props 3. Tests de Estados y Props 3.7 Efectos y Ciclo de Vida debe ejecutar efecto al montar componente","invocations":1,"location":null,"numPassingAsserts":1,"retryReasons":[],"status":"passed","title":"debe ejecutar efecto al montar componente"},{"ancestorTitles":["SearchTable - Tests de Estados y Props","3. Tests de Estados y Props","3.7 Efectos y Ciclo de Vida"],"duration":6,"failureDetails":[],"failureMessages":[],"fullName":"SearchTable - Tests de Estados y Props 3. Tests de Estados y Props 3.7 Efectos y Ciclo de Vida debe ejecutar efecto al cambiar locationId","invocations":1,"location":null,"numPassingAsserts":1,"retryReasons":[],"status":"passed","title":"debe ejecutar efecto al cambiar locationId"},{"ancestorTitles":["SearchTable - Tests de Estados y Props","3. Tests de Estados y Props","3.7 Efectos y Ciclo de Vida"],"duration":4,"failureDetails":[],"failureMessages":[],"fullName":"SearchTable - Tests de Estados y Props 3. Tests de Estados y Props 3.7 Efectos y Ciclo de Vida debe limpiar efectos correctamente al desmontar","invocations":1,"location":null,"numPassingAsserts":1,"retryReasons":[],"status":"passed","title":"debe limpiar efectos correctamente al desmontar"},{"ancestorTitles":["SearchTable - Tests de Estados y Props","3. Tests de Estados y Props","3.7 Efectos y Ciclo de Vida"],"duration":12,"failureDetails":[],"failureMessages":[],"fullName":"SearchTable - Tests de Estados y Props 3. Tests de Estados y Props 3.7 Efectos y Ciclo de Vida debe manejar múltiples cambios de locationId","invocations":1,"location":null,"numPassingAsserts":3,"retryReasons":[],"status":"passed","title":"debe manejar múltiples cambios de locationId"},{"ancestorTitles":["SearchTable - Tests de Estados y Props","3. Tests de Estados y Props","3.7 Efectos y Ciclo de Vida"],"duration":15,"failureDetails":[],"failureMessages":[],"fullName":"SearchTable - Tests de Estados y Props 3. Tests de Estados y Props 3.7 Efectos y Ciclo de Vida debe manejar cambio de locationId a undefined","invocations":1,"location":null,"numPassingAsserts":1,"retryReasons":[],"status":"passed","title":"debe manejar cambio de locationId a undefined"}],"endTime":1772053817245,"message":"","name":"C:\\apps\\electoral-app\\__tests__\\unit\\containers\\SearchTable.test\\SearchTable.StatesNprops.test.js","startTime":1772053816060,"status":"passed","summary":""},{"assertionResults":[{"ancestorTitles":["ElectoralLocationsScreen - Tests Comprehensivos","1. Tests de Renderizado Inicial","1.1 Estado de Carga"],"duration":66,"failureDetails":[],"failureMessages":[],"fullName":"ElectoralLocationsScreen - Tests Comprehensivos 1. Tests de Renderizado Inicial 1.1 Estado de Carga debe mostrar loading indicator al inicio","invocations":1,"location":null,"numPassingAsserts":1,"retryReasons":[],"status":"passed","title":"debe mostrar loading indicator al inicio"},{"ancestorTitles":["ElectoralLocationsScreen - Tests Comprehensivos","1. Tests de Renderizado Inicial","1.1 Estado de Carga"],"duration":6,"failureDetails":[],"failureMessages":[],"fullName":"ElectoralLocationsScreen - Tests Comprehensivos 1. Tests de Renderizado Inicial 1.1 Estado de Carga debe mostrar texto de carga apropiado","invocations":1,"location":null,"numPassingAsserts":1,"retryReasons":[],"status":"passed","title":"debe mostrar texto de carga apropiado"},{"ancestorTitles":["ElectoralLocationsScreen - Tests Comprehensivos","1. Tests de Renderizado Inicial","1.1 Estado de Carga"],"duration":4,"failureDetails":[],"failureMessages":[],"fullName":"ElectoralLocationsScreen - Tests Comprehensivos 1. Tests de Renderizado Inicial 1.1 Estado de Carga debe mostrar header durante carga","invocations":1,"location":null,"numPassingAsserts":1,"retryReasons":[],"status":"passed","title":"debe mostrar header durante carga"},{"ancestorTitles":["ElectoralLocationsScreen - Tests Comprehensivos","1. Tests de Renderizado Inicial","1.2 Renderizado con Datos"],"duration":67,"failureDetails":[],"failureMessages":[],"fullName":"ElectoralLocationsScreen - Tests Comprehensivos 1. Tests de Renderizado Inicial 1.2 Renderizado con Datos debe renderizar la lista de ubicaciones correctamente","invocations":1,"location":null,"numPassingAsserts":1,"retryReasons":[],"status":"passed","title":"debe renderizar la lista de ubicaciones correctamente"},{"ancestorTitles":["ElectoralLocationsScreen - Tests Comprehensivos","1. Tests de Renderizado Inicial","1.2 Renderizado con Datos"],"duration":87,"failureDetails":[],"failureMessages":[],"fullName":"ElectoralLocationsScreen - Tests Comprehensivos 1. Tests de Renderizado Inicial 1.2 Renderizado con Datos debe mostrar nombres de ubicaciones","invocations":1,"location":null,"numPassingAsserts":2,"retryReasons":[],"status":"passed","title":"debe mostrar nombres de ubicaciones"},{"ancestorTitles":["ElectoralLocationsScreen - Tests Comprehensivos","1. Tests de Renderizado Inicial","1.2 Renderizado con Datos"],"duration":73,"failureDetails":[],"failureMessages":[],"fullName":"ElectoralLocationsScreen - Tests Comprehensivos 1. Tests de Renderizado Inicial 1.2 Renderizado con Datos debe mostrar direcciones de ubicaciones","invocations":1,"location":null,"numPassingAsserts":2,"retryReasons":[],"status":"passed","title":"debe mostrar direcciones de ubicaciones"},{"ancestorTitles":["ElectoralLocationsScreen - Tests Comprehensivos","1. Tests de Renderizado Inicial","1.2 Renderizado con Datos"],"duration":69,"failureDetails":[],"failureMessages":[],"fullName":"ElectoralLocationsScreen - Tests Comprehensivos 1. Tests de Renderizado Inicial 1.2 Renderizado con Datos debe mostrar conteo de mesas cuando está disponible","invocations":1,"location":null,"numPassingAsserts":2,"retryReasons":[],"status":"passed","title":"debe mostrar conteo de mesas cuando está disponible"},{"ancestorTitles":["ElectoralLocationsScreen - Tests Comprehensivos","1. Tests de Renderizado Inicial","1.2 Renderizado con Datos"],"duration":69,"failureDetails":[],"failureMessages":[],"fullName":"ElectoralLocationsScreen - Tests Comprehensivos 1. Tests de Renderizado Inicial 1.2 Renderizado con Datos debe mostrar el código cuando está disponible","invocations":1,"location":null,"numPassingAsserts":2,"retryReasons":[],"status":"passed","title":"debe mostrar el código cuando está disponible"},{"ancestorTitles":["ElectoralLocationsScreen - Tests Comprehensivos","1. Tests de Renderizado Inicial","1.2 Renderizado con Datos"],"duration":72,"failureDetails":[],"failureMessages":[],"fullName":"ElectoralLocationsScreen - Tests Comprehensivos 1. Tests de Renderizado Inicial 1.2 Renderizado con Datos debe aplicar testIDs únicos para cada elemento","invocations":1,"location":null,"numPassingAsserts":2,"retryReasons":[],"status":"passed","title":"debe aplicar testIDs únicos para cada elemento"},{"ancestorTitles":["ElectoralLocationsScreen - Tests Comprehensivos","1. Tests de Renderizado Inicial","1.2 Renderizado con Datos"],"duration":61,"failureDetails":[],"failureMessages":[],"fullName":"ElectoralLocationsScreen - Tests Comprehensivos 1. Tests de Renderizado Inicial 1.2 Renderizado con Datos debe mostrar iconos apropiados para cada ubicación","invocations":1,"location":null,"numPassingAsserts":2,"retryReasons":[],"status":"passed","title":"debe mostrar iconos apropiados para cada ubicación"},{"ancestorTitles":["ElectoralLocationsScreen - Tests Comprehensivos","1. Tests de Renderizado Inicial","1.3 Renderizado con Estado Vacío"],"duration":62,"failureDetails":[],"failureMessages":[],"fullName":"ElectoralLocationsScreen - Tests Comprehensivos 1. Tests de Renderizado Inicial 1.3 Renderizado con Estado Vacío debe mostrar el estado vacío cuando locations está vacío","invocations":1,"location":null,"numPassingAsserts":1,"retryReasons":[],"status":"passed","title":"debe mostrar el estado vacío cuando locations está vacío"},{"ancestorTitles":["ElectoralLocationsScreen - Tests Comprehensivos","1. Tests de Renderizado Inicial","1.3 Renderizado con Estado Vacío"],"duration":65,"failureDetails":[],"failureMessages":[],"fullName":"ElectoralLocationsScreen - Tests Comprehensivos 1. Tests de Renderizado Inicial 1.3 Renderizado con Estado Vacío debe mostrar el icono \"location-off\" en estado vacío","invocations":1,"location":null,"numPassingAsserts":1,"retryReasons":[],"status":"passed","title":"debe mostrar el icono \"location-off\" en estado vacío"},{"ancestorTitles":["ElectoralLocationsScreen - Tests Comprehensivos","1. Tests de Renderizado Inicial","1.3 Renderizado con Estado Vacío"],"duration":69,"failureDetails":[],"failureMessages":[],"fullName":"ElectoralLocationsScreen - Tests Comprehensivos 1. Tests de Renderizado Inicial 1.3 Renderizado con Estado Vacío debe mostrar título apropiado en estado vacío","invocations":1,"location":null,"numPassingAsserts":1,"retryReasons":[],"status":"passed","title":"debe mostrar título apropiado en estado vacío"},{"ancestorTitles":["ElectoralLocationsScreen - Tests Comprehensivos","1. Tests de Renderizado Inicial","1.3 Renderizado con Estado Vacío"],"duration":80,"failureDetails":[],"failureMessages":[],"fullName":"ElectoralLocationsScreen - Tests Comprehensivos 1. Tests de Renderizado Inicial 1.3 Renderizado con Estado Vacío debe mostrar subtítulo en estado vacío","invocations":1,"location":null,"numPassingAsserts":1,"retryReasons":[],"status":"passed","title":"debe mostrar subtítulo en estado vacío"}],"endTime":1772053817246,"message":"","name":"C:\\apps\\electoral-app\\__tests__\\unit\\containers\\ElectoralLocationsScreen.test\\ElectoralLocationsScreen.Renderize.test.js","startTime":1772053816086,"status":"passed","summary":""},{"assertionResults":[{"ancestorTitles":["Validation Utils - Tests Consolidados","📧 Validación de Email","✅ Casos Válidos"],"duration":2,"failureDetails":[],"failureMessages":[],"fullName":"Validation Utils - Tests Consolidados 📧 Validación de Email ✅ Casos Válidos debe validar email básico correctamente","invocations":1,"location":null,"numPassingAsserts":1,"retryReasons":[],"status":"passed","title":"debe validar email básico correctamente"},{"ancestorTitles":["Validation Utils - Tests Consolidados","📧 Validación de Email","✅ Casos Válidos"],"duration":1,"failureDetails":[],"failureMessages":[],"fullName":"Validation Utils - Tests Consolidados 📧 Validación de Email ✅ Casos Válidos debe validar email con subdominios","invocations":1,"location":null,"numPassingAsserts":1,"retryReasons":[],"status":"passed","title":"debe validar email con subdominios"},{"ancestorTitles":["Validation Utils - Tests Consolidados","📧 Validación de Email","✅ Casos Válidos"],"duration":0,"failureDetails":[],"failureMessages":[],"fullName":"Validation Utils - Tests Consolidados 📧 Validación de Email ✅ Casos Válidos debe validar email con números","invocations":1,"location":null,"numPassingAsserts":1,"retryReasons":[],"status":"passed","title":"debe validar email con números"},{"ancestorTitles":["Validation Utils - Tests Consolidados","📧 Validación de Email","✅ Casos Válidos"],"duration":1,"failureDetails":[],"failureMessages":[],"fullName":"Validation Utils - Tests Consolidados 📧 Validación de Email ✅ Casos Válidos debe validar email con caracteres especiales permitidos","invocations":1,"location":null,"numPassingAsserts":5,"retryReasons":[],"status":"passed","title":"debe validar email con caracteres especiales permitidos"},{"ancestorTitles":["Validation Utils - Tests Consolidados","📧 Validación de Email","✅ Casos Válidos"],"duration":1,"failureDetails":[],"failureMessages":[],"fullName":"Validation Utils - Tests Consolidados 📧 Validación de Email ✅ Casos Válidos debe validar email con dominios de diferentes longitudes","invocations":1,"location":null,"numPassingAsserts":3,"retryReasons":[],"status":"passed","title":"debe validar email con dominios de diferentes longitudes"},{"ancestorTitles":["Validation Utils - Tests Consolidados","📧 Validación de Email","❌ Casos Inválidos"],"duration":1,"failureDetails":[],"failureMessages":[],"fullName":"Validation Utils - Tests Consolidados 📧 Validación de Email ❌ Casos Inválidos debe rechazar email vacío","invocations":1,"location":null,"numPassingAsserts":1,"retryReasons":[],"status":"passed","title":"debe rechazar email vacío"},{"ancestorTitles":["Validation Utils - Tests Consolidados","📧 Validación de Email","❌ Casos Inválidos"],"duration":0,"failureDetails":[],"failureMessages":[],"fullName":"Validation Utils - Tests Consolidados 📧 Validación de Email ❌ Casos Inválidos debe rechazar email null o undefined","invocations":1,"location":null,"numPassingAsserts":2,"retryReasons":[],"status":"passed","title":"debe rechazar email null o undefined"},{"ancestorTitles":["Validation Utils - Tests Consolidados","📧 Validación de Email","❌ Casos Inválidos"],"duration":1,"failureDetails":[],"failureMessages":[],"fullName":"Validation Utils - Tests Consolidados 📧 Validación de Email ❌ Casos Inválidos debe rechazar email sin @","invocations":1,"location":null,"numPassingAsserts":1,"retryReasons":[],"status":"passed","title":"debe rechazar email sin @"},{"ancestorTitles":["Validation Utils - Tests Consolidados","📧 Validación de Email","❌ Casos Inválidos"],"duration":0,"failureDetails":[],"failureMessages":[],"fullName":"Validation Utils - Tests Consolidados 📧 Validación de Email ❌ Casos Inválidos debe rechazar email sin dominio","invocations":1,"location":null,"numPassingAsserts":1,"retryReasons":[],"status":"passed","title":"debe rechazar email sin dominio"},{"ancestorTitles":["Validation Utils - Tests Consolidados","📧 Validación de Email","❌ Casos Inválidos"],"duration":1,"failureDetails":[],"failureMessages":[],"fullName":"Validation Utils - Tests Consolidados 📧 Validación de Email ❌ Casos Inválidos debe rechazar email sin extensión","invocations":1,"location":null,"numPassingAsserts":1,"retryReasons":[],"status":"passed","title":"debe rechazar email sin extensión"},{"ancestorTitles":["Validation Utils - Tests Consolidados","📧 Validación de Email","❌ Casos Inválidos"],"duration":1,"failureDetails":[],"failureMessages":[],"fullName":"Validation Utils - Tests Consolidados 📧 Validación de Email ❌ Casos Inválidos debe rechazar emails con formato incorrecto","invocations":1,"location":null,"numPassingAsserts":6,"retryReasons":[],"status":"passed","title":"debe rechazar emails con formato incorrecto"},{"ancestorTitles":["Validation Utils - Tests Consolidados","👤 Validación de Nombre","✅ Casos Válidos"],"duration":0,"failureDetails":[],"failureMessages":[],"fullName":"Validation Utils - Tests Consolidados 👤 Validación de Nombre ✅ Casos Válidos debe validar nombre simple","invocations":1,"location":null,"numPassingAsserts":1,"retryReasons":[],"status":"passed","title":"debe validar nombre simple"},{"ancestorTitles":["Validation Utils - Tests Consolidados","👤 Validación de Nombre","✅ Casos Válidos"],"duration":1,"failureDetails":[],"failureMessages":[],"fullName":"Validation Utils - Tests Consolidados 👤 Validación de Nombre ✅ Casos Válidos debe validar nombre completo","invocations":1,"location":null,"numPassingAsserts":1,"retryReasons":[],"status":"passed","title":"debe validar nombre completo"},{"ancestorTitles":["Validation Utils - Tests Consolidados","👤 Validación de Nombre","✅ Casos Válidos"],"duration":0,"failureDetails":[],"failureMessages":[],"fullName":"Validation Utils - Tests Consolidados 👤 Validación de Nombre ✅ Casos Válidos debe validar nombres con espacios múltiples","invocations":1,"location":null,"numPassingAsserts":1,"retryReasons":[],"status":"passed","title":"debe validar nombres con espacios múltiples"},{"ancestorTitles":["Validation Utils - Tests Consolidados","👤 Validación de Nombre","✅ Casos Válidos"],"duration":1,"failureDetails":[],"failureMessages":[],"fullName":"Validation Utils - Tests Consolidados 👤 Validación de Nombre ✅ Casos Válidos debe validar nombres de longitud mínima (2 caracteres)","invocations":1,"location":null,"numPassingAsserts":1,"retryReasons":[],"status":"passed","title":"debe validar nombres de longitud mínima (2 caracteres)"},{"ancestorTitles":["Validation Utils - Tests Consolidados","👤 Validación de Nombre","✅ Casos Válidos"],"duration":0,"failureDetails":[],"failureMessages":[],"fullName":"Validation Utils - Tests Consolidados 👤 Validación de Nombre ✅ Casos Válidos debe validar nombres de longitud máxima (40 caracteres)","invocations":1,"location":null,"numPassingAsserts":1,"retryReasons":[],"status":"passed","title":"debe validar nombres de longitud máxima (40 caracteres)"},{"ancestorTitles":["Validation Utils - Tests Consolidados","👤 Validación de Nombre","✅ Casos Válidos"],"duration":1,"failureDetails":[],"failureMessages":[],"fullName":"Validation Utils - Tests Consolidados 👤 Validación de Nombre ✅ Casos Válidos debe validar nombres con mayúsculas y minúsculas","invocations":1,"location":null,"numPassingAsserts":4,"retryReasons":[],"status":"passed","title":"debe validar nombres con mayúsculas y minúsculas"},{"ancestorTitles":["Validation Utils - Tests Consolidados","👤 Validación de Nombre","❌ Casos Inválidos"],"duration":0,"failureDetails":[],"failureMessages":[],"fullName":"Validation Utils - Tests Consolidados 👤 Validación de Nombre ❌ Casos Inválidos debe rechazar nombre vacío","invocations":1,"location":null,"numPassingAsserts":1,"retryReasons":[],"status":"passed","title":"debe rechazar nombre vacío"},{"ancestorTitles":["Validation Utils - Tests Consolidados","👤 Validación de Nombre","❌ Casos Inválidos"],"duration":1,"failureDetails":[],"failureMessages":[],"fullName":"Validation Utils - Tests Consolidados 👤 Validación de Nombre ❌ Casos Inválidos debe rechazar nombre null o undefined","invocations":1,"location":null,"numPassingAsserts":2,"retryReasons":[],"status":"passed","title":"debe rechazar nombre null o undefined"},{"ancestorTitles":["Validation Utils - Tests Consolidados","👤 Validación de Nombre","❌ Casos Inválidos"],"duration":0,"failureDetails":[],"failureMessages":[],"fullName":"Validation Utils - Tests Consolidados 👤 Validación de Nombre ❌ Casos Inválidos debe rechazar nombres con números","invocations":1,"location":null,"numPassingAsserts":1,"retryReasons":[],"status":"passed","title":"debe rechazar nombres con números"},{"ancestorTitles":["Validation Utils - Tests Consolidados","👤 Validación de Nombre","❌ Casos Inválidos"],"duration":1,"failureDetails":[],"failureMessages":[],"fullName":"Validation Utils - Tests Consolidados 👤 Validación de Nombre ❌ Casos Inválidos debe rechazar nombres con caracteres especiales","invocations":1,"location":null,"numPassingAsserts":10,"retryReasons":[],"status":"passed","title":"debe rechazar nombres con caracteres especiales"},{"ancestorTitles":["Validation Utils - Tests Consolidados","👤 Validación de Nombre","❌ Casos Inválidos"],"duration":0,"failureDetails":[],"failureMessages":[],"fullName":"Validation Utils - Tests Consolidados 👤 Validación de Nombre ❌ Casos Inválidos debe rechazar nombres muy cortos (menos de 2 caracteres)","invocations":1,"location":null,"numPassingAsserts":1,"retryReasons":[],"status":"passed","title":"debe rechazar nombres muy cortos (menos de 2 caracteres)"},{"ancestorTitles":["Validation Utils - Tests Consolidados","👤 Validación de Nombre","❌ Casos Inválidos"],"duration":0,"failureDetails":[],"failureMessages":[],"fullName":"Validation Utils - Tests Consolidados 👤 Validación de Nombre ❌ Casos Inválidos debe rechazar nombres muy largos (más de 40 caracteres)","invocations":1,"location":null,"numPassingAsserts":1,"retryReasons":[],"status":"passed","title":"debe rechazar nombres muy largos (más de 40 caracteres)"},{"ancestorTitles":["Validation Utils - Tests Consolidados","🔐 Validación de Contraseña","✅ Casos Válidos"],"duration":1,"failureDetails":[],"failureMessages":[],"fullName":"Validation Utils - Tests Consolidados 🔐 Validación de Contraseña ✅ Casos Válidos debe validar contraseña básica válida","invocations":1,"location":null,"numPassingAsserts":1,"retryReasons":[],"status":"passed","title":"debe validar contraseña básica válida"},{"ancestorTitles":["Validation Utils - Tests Consolidados","🔐 Validación de Contraseña","✅ Casos Válidos"],"duration":0,"failureDetails":[],"failureMessages":[],"fullName":"Validation Utils - Tests Consolidados 🔐 Validación de Contraseña ✅ Casos Válidos debe validar contraseña con caracteres especiales","invocations":1,"location":null,"numPassingAsserts":1,"retryReasons":[],"status":"passed","title":"debe validar contraseña con caracteres especiales"},{"ancestorTitles":["Validation Utils - Tests Consolidados","🔐 Validación de Contraseña","✅ Casos Válidos"],"duration":0,"failureDetails":[],"failureMessages":[],"fullName":"Validation Utils - Tests Consolidados 🔐 Validación de Contraseña ✅ Casos Válidos debe validar contraseña de longitud mínima","invocations":1,"location":null,"numPassingAsserts":1,"retryReasons":[],"status":"passed","title":"debe validar contraseña de longitud mínima"},{"ancestorTitles":["Validation Utils - Tests Consolidados","🔐 Validación de Contraseña","✅ Casos Válidos"],"duration":1,"failureDetails":[],"failureMessages":[],"fullName":"Validation Utils - Tests Consolidados 🔐 Validación de Contraseña ✅ Casos Válidos debe validar contraseña muy larga","invocations":1,"location":null,"numPassingAsserts":1,"retryReasons":[],"status":"passed","title":"debe validar contraseña muy larga"},{"ancestorTitles":["Validation Utils - Tests Consolidados","🔐 Validación de Contraseña","✅ Casos Válidos"],"duration":0,"failureDetails":[],"failureMessages":[],"fullName":"Validation Utils - Tests Consolidados 🔐 Validación de Contraseña ✅ Casos Válidos debe validar contraseña con múltiples mayúsculas, minúsculas y números","invocations":1,"location":null,"numPassingAsserts":1,"retryReasons":[],"status":"passed","title":"debe validar contraseña con múltiples mayúsculas, minúsculas y números"},{"ancestorTitles":["Validation Utils - Tests Consolidados","🔐 Validación de Contraseña","❌ Casos Inválidos"],"duration":0,"failureDetails":[],"failureMessages":[],"fullName":"Validation Utils - Tests Consolidados 🔐 Validación de Contraseña ❌ Casos Inválidos debe rechazar contraseña vacía","invocations":1,"location":null,"numPassingAsserts":1,"retryReasons":[],"status":"passed","title":"debe rechazar contraseña vacía"},{"ancestorTitles":["Validation Utils - Tests Consolidados","🔐 Validación de Contraseña","❌ Casos Inválidos"],"duration":1,"failureDetails":[],"failureMessages":[],"fullName":"Validation Utils
[...]
assingAsserts":2,"retryReasons":[],"status":"passed","title":"retorna true si ya tiene permisos autorizados"},{"ancestorTitles":["pushPermission service","requestPushPermissionExplicit"],"duration":1,"failureDetails":[],"failureMessages":[],"fullName":"pushPermission service requestPushPermissionExplicit retorna false si la app no está en foreground","invocations":1,"location":null,"numPassingAsserts":1,"retryReasons":[],"status":"passed","title":"retorna false si la app no está en foreground"},{"ancestorTitles":["pushPermission service","requestPushPermissionExplicit"],"duration":1,"failureDetails":[],"failureMessages":[],"fullName":"pushPermission service requestPushPermissionExplicit solicita permisos y crea canal en Android 13+","invocations":1,"location":null,"numPassingAsserts":4,"retryReasons":[],"status":"passed","title":"solicita permisos y crea canal en Android 13+"},{"ancestorTitles":["pushPermission service","requestPushPermissionExplicit"],"duration":2,"failureDetails":[],"failureMessages":[],"fullName":"pushPermission service requestPushPermissionExplicit muestra alerta si Android 13+ deniega permisos","invocations":1,"location":null,"numPassingAsserts":2,"retryReasons":[],"status":"passed","title":"muestra alerta si Android 13+ deniega permisos"},{"ancestorTitles":["pushPermission service","requestPushPermissionExplicit"],"duration":1,"failureDetails":[],"failureMessages":[],"fullName":"pushPermission service requestPushPermissionExplicit muestra alerta si iOS deniega permisos","invocations":1,"location":null,"numPassingAsserts":2,"retryReasons":[],"status":"passed","title":"muestra alerta si iOS deniega permisos"},{"ancestorTitles":["pushPermission service","requestPushPermissionExplicit"],"duration":1,"failureDetails":[],"failureMessages":[],"fullName":"pushPermission service requestPushPermissionExplicit acepta permisos PROVISIONAL en iOS","invocations":1,"location":null,"numPassingAsserts":1,"retryReasons":[],"status":"passed","title":"acepta permisos PROVISIONAL en iOS"},{"ancestorTitles":["pushPermission service","requestPushPermissionExplicit"],"duration":1,"failureDetails":[],"failureMessages":[],"fullName":"pushPermission service requestPushPermissionExplicit retorna false y captura errores","invocations":1,"location":null,"numPassingAsserts":1,"retryReasons":[],"status":"passed","title":"retorna false y captura errores"},{"ancestorTitles":["pushPermission service","requestPushPermissionExplicit"],"duration":1,"failureDetails":[],"failureMessages":[],"fullName":"pushPermission service requestPushPermissionExplicit no solicita POST_NOTIFICATIONS en Android < 13","invocations":1,"location":null,"numPassingAsserts":1,"retryReasons":[],"status":"passed","title":"no solicita POST_NOTIFICATIONS en Android < 13"}],"endTime":1772053821131,"message":"","name":"C:\\apps\\electoral-app\\__tests__\\unit\\services\\pushPermission.test.js","startTime":1772053820948,"status":"passed","summary":""},{"assertionResults":[{"ancestorTitles":["Guardians Screen"],"duration":1,"failureDetails":[],"failureMessages":[],"fullName":"Guardians Screen placeholder test","invocations":1,"location":null,"numPassingAsserts":1,"retryReasons":[],"status":"passed","title":"placeholder test"}],"endTime":1772053821141,"message":"","name":"C:\\apps\\electoral-app\\__tests__\\unit\\containers\\TabBar\\Guardians.test.js","startTime":1772053820996,"status":"passed","summary":""},{"assertionResults":[{"ancestorTitles":["Firebase Notification Service"],"duration":1,"failureDetails":[],"failureMessages":[],"fullName":"Firebase Notification Service placeholder test","invocations":1,"location":null,"numPassingAsserts":1,"retryReasons":[],"status":"passed","title":"placeholder test"}],"endTime":1772053821150,"message":"","name":"C:\\apps\\electoral-app\\__tests__\\unit\\services\\FirebaseNotificationService.test.js","startTime":1772053820977,"status":"passed","summary":""},{"assertionResults":[{"ancestorTitles":["addressSlice"],"duration":2,"failureDetails":[],"failureMessages":[],"fullName":"addressSlice should return the initial state","invocations":1,"location":null,"numPassingAsserts":1,"retryReasons":[],"status":"passed","title":"should return the initial state"},{"ancestorTitles":["addressSlice"],"duration":2,"failureDetails":[],"failureMessages":[],"fullName":"addressSlice should handle setAddresses","invocations":1,"location":null,"numPassingAsserts":1,"retryReasons":[],"status":"passed","title":"should handle setAddresses"},{"ancestorTitles":["addressSlice"],"duration":0,"failureDetails":[],"failureMessages":[],"fullName":"addressSlice should handle clearAddresses","invocations":1,"location":null,"numPassingAsserts":1,"retryReasons":[],"status":"passed","title":"should handle clearAddresses"},{"ancestorTitles":["addressSlice"],"duration":0,"failureDetails":[],"failureMessages":[],"fullName":"addressSlice should not change state for an unknown action","invocations":1,"location":null,"numPassingAsserts":1,"retryReasons":[],"status":"passed","title":"should not change state for an unknown action"}],"endTime":1772053821151,"message":"","name":"C:\\apps\\electoral-app\\__tests__\\unit\\redux\\slices\\addressSlice.test.js","startTime":1772053820971,"status":"passed","summary":""},{"assertionResults":[{"ancestorTitles":["CSafeAreaView component","Renderizado Básico"],"duration":11,"failureDetails":[],"failureMessages":[],"fullName":"CSafeAreaView component Renderizado Básico renderiza children correctamente","invocations":1,"location":null,"numPassingAsserts":1,"retryReasons":[],"status":"passed","title":"renderiza children correctamente"},{"ancestorTitles":["CSafeAreaView component","Renderizado Básico"],"duration":1,"failureDetails":[],"failureMessages":[],"fullName":"CSafeAreaView component Renderizado Básico renderiza múltiples children","invocations":1,"location":null,"numPassingAsserts":2,"retryReasons":[],"status":"passed","title":"renderiza múltiples children"},{"ancestorTitles":["CSafeAreaView component","Estilos"],"duration":1,"failureDetails":[],"failureMessages":[],"fullName":"CSafeAreaView component Estilos aplica estilos personalizados","invocations":1,"location":null,"numPassingAsserts":1,"retryReasons":[],"status":"passed","title":"aplica estilos personalizados"},{"ancestorTitles":["CSafeAreaView component","Estilos"],"duration":0,"failureDetails":[],"failureMessages":[],"fullName":"CSafeAreaView component Estilos usa color de fondo del tema","invocations":1,"location":null,"numPassingAsserts":1,"retryReasons":[],"status":"passed","title":"usa color de fondo del tema"},{"ancestorTitles":["CSafeAreaView component","Props"],"duration":0,"failureDetails":[],"failureMessages":[],"fullName":"CSafeAreaView component Props pasa props adicionales al SafeAreaView","invocations":1,"location":null,"numPassingAsserts":1,"retryReasons":[],"status":"passed","title":"pasa props adicionales al SafeAreaView"},{"ancestorTitles":["CSafeAreaView component","Props"],"duration":1,"failureDetails":[],"failureMessages":[],"fullName":"CSafeAreaView component Props acepta addTabPadding prop","invocations":1,"location":null,"numPassingAsserts":1,"retryReasons":[],"status":"passed","title":"acepta addTabPadding prop"}],"endTime":1772053821181,"message":"","name":"C:\\apps\\electoral-app\\__tests__\\unit\\components\\common\\CSafeAreaView.test.js","startTime":1772053820929,"status":"passed","summary":""},{"assertionResults":[{"ancestorTitles":["PhotoReviewScreen - Interacciones de Usuario"],"duration":7,"failureDetails":[],"failureMessages":[],"fullName":"PhotoReviewScreen - Interacciones de Usuario debe mostrar modal al guardar cambios","invocations":1,"location":null,"numPassingAsserts":2,"retryReasons":[],"status":"passed","title":"debe mostrar modal al guardar cambios"},{"ancestorTitles":["PhotoReviewScreen - Interacciones de Usuario"],"duration":2,"failureDetails":[],"failureMessages":[],"fullName":"PhotoReviewScreen - Interacciones de Usuario debe navegar a la pantalla de confirmación al presionar Siguiente","invocations":1,"location":null,"numPassingAsserts":1,"retryReasons":[],"status":"passed","title":"debe navegar a la pantalla de confirmación al presionar Siguiente"},{"ancestorTitles":["PhotoReviewScreen - Interacciones de Usuario"],"duration":1,"failureDetails":[],"failureMessages":[],"fullName":"PhotoReviewScreen - Interacciones de Usuario debe ejecutar navegación hacia atrás desde el encabezado","invocations":1,"location":null,"numPassingAsserts":1,"retryReasons":[],"status":"passed","title":"debe ejecutar navegación hacia atrás desde el encabezado"}],"endTime":1772053821201,"message":"","name":"C:\\apps\\electoral-app\\__tests__\\unit\\containers\\PhotoReviewScreen.test\\PhotoReviewScreen.UserInteractions.test.js","startTime":1772053820879,"status":"passed","summary":""},{"assertionResults":[{"ancestorTitles":["MyWitnessesListScreen","Renderizado"],"duration":20,"failureDetails":[],"failureMessages":[],"fullName":"MyWitnessesListScreen Renderizado renderiza el contenedor principal","invocations":1,"location":null,"numPassingAsserts":1,"retryReasons":[],"status":"passed","title":"renderiza el contenedor principal"},{"ancestorTitles":["MyWitnessesListScreen","Renderizado"],"duration":2,"failureDetails":[],"failureMessages":[],"fullName":"MyWitnessesListScreen Renderizado renderiza el header","invocations":1,"location":null,"numPassingAsserts":1,"retryReasons":[],"status":"passed","title":"renderiza el header"},{"ancestorTitles":["MyWitnessesListScreen","Renderizado"],"duration":1,"failureDetails":[],"failureMessages":[],"fullName":"MyWitnessesListScreen Renderizado muestra indicador de carga inicialmente","invocations":1,"location":null,"numPassingAsserts":1,"retryReasons":[],"status":"passed","title":"muestra indicador de carga inicialmente"},{"ancestorTitles":["MyWitnessesListScreen","Carga de Atestiguamientos"],"duration":65,"failureDetails":[],"failureMessages":[],"fullName":"MyWitnessesListScreen Carga de Atestiguamientos carga y muestra atestiguamientos","invocations":1,"location":null,"numPassingAsserts":1,"retryReasons":[],"status":"passed","title":"carga y muestra atestiguamientos"},{"ancestorTitles":["MyWitnessesListScreen","Carga de Atestiguamientos"],"duration":62,"failureDetails":[],"failureMessages":[],"fullName":"MyWitnessesListScreen Carga de Atestiguamientos muestra estado vacío cuando no hay atestiguamientos","invocations":1,"location":null,"numPassingAsserts":1,"retryReasons":[],"status":"passed","title":"muestra estado vacío cuando no hay atestiguamientos"},{"ancestorTitles":["MyWitnessesListScreen","Banner de Acta Pendiente"],"duration":3010,"failureDetails":[{}],"failureMessages":["Error: Unable to find an element with testID: pendingActaBanner\n\n\u001b[36m<View\u001b[39m\n  \u001b[33mtestID\u001b[39m=\u001b[32m\"myWitnessesContainer\"\u001b[39m\n\u001b[36m>\u001b[39m\n  \u001b[36m<View\u001b[39m\n    \u001b[33mtestID\u001b[39m=\u001b[32m\"myWitnessesHeader\"\u001b[39m\n  \u001b[36m>\u001b[39m\n    \u001b[36m<Text\u001b[39m\n      \u001b[33mtestID\u001b[39m=\u001b[32m\"myWitnessesHeaderTitle\"\u001b[39m\n    \u001b[36m>\u001b[39m\n      \u001b[0mMis Atestiguamientos\u001b[0m\n    \u001b[36m</Text>\u001b[39m\n    \u001b[36m<TouchableOpacity\u001b[39m\n      \u001b[33mtestID\u001b[39m=\u001b[32m\"myWitnessesHeaderBackButton\"\u001b[39m\n    \u001b[36m>\u001b[39m\n      \u001b[36m<Text>\u001b[39m\n        \u001b[0mBack\u001b[0m\n      \u001b[36m</Text>\u001b[39m\n    \u001b[36m</TouchableOpacity>\u001b[39m\n  \u001b[36m</View>\u001b[39m\n  \u001b[36m<ScrollView\u001b[39m\n    \u001b[33mtestID\u001b[39m=\u001b[32m\"witnessRecordsList\"\u001b[39m\n  \u001b[36m>\u001b[39m\n    \u001b[36m<TouchableOpacity\u001b[39m\n      \u001b[33mtestID\u001b[39m=\u001b[32m\"phoneWitnessRecord_0\"\u001b[39m\n    \u001b[36m>\u001b[39m\n      \u001b[36m<View>\u001b[39m\n        \u001b[36m<Text\u001b[39m\n          \u001b[33mtestID\u001b[39m=\u001b[32m\"phoneWitnessRecordMesa_0\"\u001b[39m\n        \u001b[36m>\u001b[39m\n          \u001b[0mMesa 001\u001b[0m\n        \u001b[36m</Text>\u001b[39m\n        \u001b[36m<Text\u001b[39m\n          \u001b[33mtestID\u001b[39m=\u001b[32m\"phoneWitnessRecordDate_0\"\u001b[39m\n        \u001b[36m>\u001b[39m\n          \u001b[0m25/2/2026\u001b[0m\n          \u001b[0m - \u001b[0m\n          \u001b[0m17:10\u001b[0m\n        \u001b[36m</Text>\u001b[39m\n      \u001b[36m</View>\u001b[39m\n      \u001b[36m<Image\u001b[39m\n        \u001b[33mtestID\u001b[39m=\u001b[32m\"phoneWitnessRecordImage_0\"\u001b[39m\n      \u001b[36m/>\u001b[39m\n    \u001b[36m</TouchableOpacity>\u001b[39m\n  \u001b[36m</ScrollView>\u001b[39m\n\u001b[36m</View>\u001b[39m\n    at Object.<anonymous> (C:\\apps\\electoral-app\\__tests__\\unit\\containers\\Vote\\MyWitnessesListScreen.test.js:253:20)\n    at Generator.next (<anonymous>)\n    at asyncGeneratorStep (C:\\apps\\electoral-app\\node_modules\\@babel\\runtime\\helpers\\asyncToGenerator.js:3:17)\n    at _next (C:\\apps\\electoral-app\\node_modules\\@babel\\runtime\\helpers\\asyncToGenerator.js:17:9)\n    at C:\\apps\\electoral-app\\node_modules\\@babel\\runtime\\helpers\\asyncToGenerator.js:22:7\n    at new Promise (<anonymous>)\n    at Object.<anonymous> (C:\\apps\\electoral-app\\node_modules\\@babel\\runtime\\helpers\\asyncToGenerator.js:14:12)\n    at Promise.then.completed (C:\\apps\\electoral-app\\node_modules\\jest-circus\\build\\utils.js:298:28)\n    at new Promise (<anonymous>)\n    at callAsyncCircusFn (C:\\apps\\electoral-app\\node_modules\\jest-circus\\build\\utils.js:231:10)\n    at _callCircusTest (C:\\apps\\electoral-app\\node_modules\\jest-circus\\build\\run.js:316:40)\n    at _runTest (C:\\apps\\electoral-app\\node_modules\\jest-circus\\build\\run.js:252:3)\n    at _runTestsForDescribeBlock (C:\\apps\\electoral-app\\node_modules\\jest-circus\\build\\run.js:126:9)\n    at _runTestsForDescribeBlock (C:\\apps\\electoral-app\\node_modules\\jest-circus\\build\\run.js:121:9)\n    at _runTestsForDescribeBlock (C:\\apps\\electoral-app\\node_modules\\jest-circus\\build\\run.js:121:9)\n    at run (C:\\apps\\electoral-app\\node_modules\\jest-circus\\build\\run.js:71:3)\n    at runAndTransformResultsToJestFormat (C:\\apps\\electoral-app\\node_modules\\jest-circus\\build\\legacy-code-todo-rewrite\\jestAdapterInit.js:122:21)\n    at jestAdapter (C:\\apps\\electoral-app\\node_modules\\jest-circus\\build\\legacy-code-todo-rewrite\\jestAdapter.js:79:19)\n    at runTestInternal (C:\\apps\\electoral-app\\node_modules\\jest-runner\\build\\runTest.js:367:16)\n    at runTest (C:\\apps\\electoral-app\\node_modules\\jest-runner\\build\\runTest.js:444:34)\n    at Object.worker (C:\\apps\\electoral-app\\node_modules\\jest-runner\\build\\testWorker.js:106:12)"],"fullName":"MyWitnessesListScreen Banner de Acta Pendiente muestra banner cuando hay acta pendiente","invocations":1,"location":null,"numPassingAsserts":0,"retryReasons":[],"status":"failed","title":"muestra banner cuando hay acta pendiente"},{"ancestorTitles":["MyWitnessesListScreen","Interacciones"],"duration":2,"failureDetails":[],"failureMessages":[],"fullName":"MyWitnessesListScreen Interacciones navega hacia atrás al presionar botón back","invocations":1,"location":null,"numPassingAsserts":1,"retryReasons":[],"status":"passed","title":"navega hacia atrás al presionar botón back"},{"ancestorTitles":["MyWitnessesListScreen","Interacciones"],"duration":53,"failureDetails":[],"failureMessages":[],"fullName":"MyWitnessesListScreen Interacciones navega a detalle al presionar un atestiguamiento","invocations":1,"location":null,"numPassingAsserts":2,"retryReasons":[],"status":"passed","title":"navega a detalle al presionar un atestiguamiento"},{"ancestorTitles":["MyWitnessesListScreen","Interacciones"],"duration":63,"failureDetails":[],"failureMessages":[],"fullName":"MyWitnessesListScreen Interacciones refresca lista al presionar botón de refrescar","invocations":1,"location":null,"numPassingAsserts":1,"retryReasons":[],"status":"passed","title":"refresca lista al presionar botón de refrescar"},{"ancestorTitles":["MyWitnessesListScreen","Manejo de Errores"],"duration":58,"failureDetails":[],"failureMessages":[],"fullName":"MyWitnessesListScreen Manejo de Errores muestra modal de error cuando falla la carga","invocations":1,"location":null,"numPassingAsserts":1,"retryReasons":[],"status":"passed","title":"muestra modal de error cuando falla la carga"}],"endTime":1772053825159,"message":"  ● MyWitnessesListScreen › Banner de Acta Pendiente › muestra banner cuando hay acta pendiente\n\n    Unable to find an element with testID: pendingActaBanner\n\n    \u001b[36m<View\u001b[39m\n      \u001b[33mtestID\u001b[39m=\u001b[32m\"myWitnessesContainer\"\u001b[39m\n    \u001b[36m>\u001b[39m\n      \u001b[36m<View\u001b[39m\n        \u001b[33mtestID\u001b[39m=\u001b[32m\"myWitnessesHeader\"\u001b[39m\n      \u001b[36m>\u001b[39m\n        \u001b[36m<Text\u001b[39m\n          \u001b[33mtestID\u001b[39m=\u001b[32m\"myWitnessesHeaderTitle\"\u001b[39m\n        \u001b[36m>\u001b[39m\n          \u001b[0mMis Atestiguamientos\u001b[0m\n        \u001b[36m</Text>\u001b[39m\n        \u001b[36m<TouchableOpacity\u001b[39m\n          \u001b[33mtestID\u001b[39m=\u001b[32m\"myWitnessesHeaderBackButton\"\u001b[39m\n        \u001b[36m>\u001b[39m\n          \u001b[36m<Text>\u001b[39m\n            \u001b[0mBack\u001b[0m\n          \u001b[36m</Text>\u001b[39m\n        \u001b[36m</TouchableOpacity>\u001b[39m\n      \u001b[36m</View>\u001b[39m\n      \u001b[36m<ScrollView\u001b[39m\n        \u001b[33mtestID\u001b[39m=\u001b[32m\"witnessRecordsList\"\u001b[39m\n      \u001b[36m>\u001b[39m\n        \u001b[36m<TouchableOpacity\u001b[39m\n          \u001b[33mtestID\u001b[39m=\u001b[32m\"phoneWitnessRecord_0\"\u001b[39m\n        \u001b[36m>\u001b[39m\n          \u001b[36m<View>\u001b[39m\n            \u001b[36m<Text\u001b[39m\n              \u001b[33mtestID\u001b[39m=\u001b[32m\"phoneWitnessRecordMesa_0\"\u001b[39m\n            \u001b[36m>\u001b[39m\n              \u001b[0mMesa 001\u001b[0m\n            \u001b[36m</Text>\u001b[39m\n            \u001b[36m<Text\u001b[39m\n              \u001b[33mtestID\u001b[39m=\u001b[32m\"phoneWitnessRecordDate_0\"\u001b[39m\n            \u001b[36m>\u001b[39m\n              \u001b[0m25/2/2026\u001b[0m\n              \u001b[0m - \u001b[0m\n              \u001b[0m17:10\u001b[0m\n            \u001b[36m</Text>\u001b[39m\n          \u001b[36m</View>\u001b[39m\n          \u001b[36m<Image\u001b[39m\n            \u001b[33mtestID\u001b[39m=\u001b[32m\"phoneWitnessRecordImage_0\"\u001b[39m\n          \u001b[36m/>\u001b[39m\n        \u001b[36m</TouchableOpacity>\u001b[39m\n      \u001b[36m</ScrollView>\u001b[39m\n    \u001b[36m</View>\u001b[39m\n\n    \u001b[0m \u001b[90m 251 |\u001b[39m       )\u001b[33m;\u001b[39m\n     \u001b[90m 252 |\u001b[39m\n    \u001b[31m\u001b[1m>\u001b[22m\u001b[39m\u001b[90m 253 |\u001b[39m       \u001b[36mawait\u001b[39m waitFor(\n     \u001b[90m     |\u001b[39m                    \u001b[31m\u001b[1m^\u001b[22m\u001b[39m\n     \u001b[90m 254 |\u001b[39m         () \u001b[33m=>\u001b[39m {\n     \u001b[90m 255 |\u001b[39m           expect(getByTestId(\u001b[32m'pendingActaBanner'\u001b[39m))\u001b[33m.\u001b[39mtoBeTruthy()\u001b[33m;\u001b[39m\n     \u001b[90m 256 |\u001b[39m         }\u001b[33m,\u001b[39m\u001b[0m\n\n      at Object.<anonymous> (__tests__/unit/containers/Vote/MyWitnessesListScreen.test.js:253:20)\n      at asyncGeneratorStep (node_modules/@babel/runtime/helpers/asyncToGenerator.js:3:17)\n      at _next (node_modules/@babel/runtime/helpers/asyncToGenerator.js:17:9)\n      at node_modules/@babel/runtime/helpers/asyncToGenerator.js:22:7\n      at Object.<anonymous> (node_modules/@babel/runtime/helpers/asyncToGenerator.js:14:12)\n","name":"C:\\apps\\electoral-app\\__tests__\\unit\\containers\\Vote\\MyWitnessesListScreen.test.js","startTime":1772053821002,"status":"failed","summary":""}],"wasInterrupted":false}
